[2025-03-06T09:24:57.350Z] [info] Starting customer matching with configuration:
{
  "confidenceThreshold": 0.15,
  "batchSize": 50,
  "forceUpdate": false,
  "debugMode": true
}
[2025-03-06T09:24:57.353Z] [info] Fetching all profiles from booking database...
[2025-03-06T09:24:57.367Z] [info] Checking for users table...
[2025-03-06T09:24:57.542Z] [info] Users table not found, fetching only profiles data
[2025-03-06T09:24:57.670Z] [info] Found 126 profiles
[2025-03-06T09:24:57.670Z] [debug] Sample profiles data structure:
[2025-03-06T09:24:57.670Z] [debug] {"id":"8ee65db0-c74d-4ff6-b78d-4bc97c124dac","full_name":null,"email":"truangrairatanaroje@gmail.com","phone":null,"has_name":false,"has_email":true,"has_phone":false}
[2025-03-06T09:24:57.670Z] [debug] {"id":"b3bee2f8-a793-448a-8116-bfaffc161c04","full_name":null,"email":"c8080459@gmail.com","phone":null,"has_name":false,"has_email":true,"has_phone":false}
[2025-03-06T09:24:57.670Z] [debug] {"id":"7c2436e8-dfd5-4ce4-8133-78ca02aff71b","full_name":null,"email":"harrykgc@gmail.com","phone":null,"has_name":false,"has_email":true,"has_phone":false}
[2025-03-06T09:24:57.671Z] [debug] {"id":"db0ab7b2-2580-437f-932c-e16e246aa43b","full_name":null,"email":"ilufe0303@gmail.com","phone":null,"has_name":false,"has_email":true,"has_phone":false}
[2025-03-06T09:24:57.671Z] [debug] {"id":"f8404092-3240-41e0-a1ce-ab9310e05d2a","full_name":null,"email":"danskyrel808@gmail.com","phone":null,"has_name":false,"has_email":true,"has_phone":false}
[2025-03-06T09:24:57.671Z] [info] Profiles with name: 0, email: 104, phone: 0
[2025-03-06T09:24:57.671Z] [info] Profiles with any identifying info: 104 (83%)
[2025-03-06T09:24:57.733Z] [info] Found 102 profiles to process out of 126 total profiles
[2025-03-06T09:24:57.733Z] [info] Fetching all customers from CRM database...
[2025-03-06T09:24:57.973Z] [info] Found 1436 CRM customers
