[2025-03-06T10:29:26.108Z] [info] Starting customer matching with configuration:
{
  "confidenceThreshold": 0.15,
  "batchSize": 50,
  "forceUpdate": false,
  "debugMode": false
}
[2025-03-06T10:29:26.108Z] [info] Fetching existing customer mappings...
[2025-03-06T10:29:26.288Z] [info] Fetched 0 existing customer mappings
[2025-03-06T10:29:26.289Z] [info] Fetching all profiles from booking database...
[2025-03-06T10:29:26.289Z] [info] Checking for users table...
[2025-03-06T10:29:26.357Z] [info] Users table not found, fetching only profiles data
[2025-03-06T10:29:26.465Z] [info] Found 126 profiles
[2025-03-06T10:29:26.465Z] [debug] Sample profiles data structure:
[2025-03-06T10:29:26.465Z] [debug] {"id":"8ee65db0-c74d-4ff6-b78d-4bc97c124dac","full_name":null,"email":"truangrairatanaroje@gmail.com","phone":null,"has_name":false,"has_email":true,"has_phone":false}
[2025-03-06T10:29:26.465Z] [debug] {"id":"b3bee2f8-a793-448a-8116-bfaffc161c04","full_name":null,"email":"c8080459@gmail.com","phone":null,"has_name":false,"has_email":true,"has_phone":false}
[2025-03-06T10:29:26.465Z] [debug] {"id":"7c2436e8-dfd5-4ce4-8133-78ca02aff71b","full_name":null,"email":"harrykgc@gmail.com","phone":null,"has_name":false,"has_email":true,"has_phone":false}
[2025-03-06T10:29:26.465Z] [debug] {"id":"db0ab7b2-2580-437f-932c-e16e246aa43b","full_name":null,"email":"ilufe0303@gmail.com","phone":null,"has_name":false,"has_email":true,"has_phone":false}
[2025-03-06T10:29:26.465Z] [debug] {"id":"f8404092-3240-41e0-a1ce-ab9310e05d2a","full_name":null,"email":"danskyrel808@gmail.com","phone":null,"has_name":false,"has_email":true,"has_phone":false}
[2025-03-06T10:29:26.465Z] [info] Profiles with name: 0, email: 104, phone: 0
[2025-03-06T10:29:26.465Z] [info] Profiles with any identifying info: 104 (83%)
[2025-03-06T10:29:26.465Z] [info] Fetched 126 profiles
[2025-03-06T10:29:26.465Z] [info] 126 profiles to process
[2025-03-06T10:29:26.465Z] [info] Fetching all customers from CRM database...
[2025-03-06T10:29:26.710Z] [info] Found 1436 CRM customers
[2025-03-06T10:29:26.710Z] [info] Fetched 1436 CRM customers
[2025-03-06T10:29:26.710Z] [info] Processing special profile: 44b0cd15-c901-4517-9743-31c68032259d (David Geiermann)
[2025-03-06T10:29:26.716Z] [info] Old algorithm found no match for 44b0cd15-c901-4517-9743-31c68032259d
[2025-03-06T10:29:26.939Z] [info] New algorithm found match for 44b0cd15-c901-4517-9743-31c68032259d: David G. (0.9)
[2025-03-06T10:29:26.940Z] [info] Created mapping for 44b0cd15-c901-4517-9743-31c68032259d -> 4920780 (PHONE_EXACT_MATCH,FIRST_NAME_EXACT_MATCH)
[2025-03-06T10:29:26.940Z] [info] Processing special profile: 3afaf5ea-d8c5-4745-9d7d-ba99ab162e1e (David Geiermann)
[2025-03-06T10:29:26.943Z] [info] Old algorithm found no match for 3afaf5ea-d8c5-4745-9d7d-ba99ab162e1e
[2025-03-06T10:29:27.176Z] [info] New algorithm found match for 3afaf5ea-d8c5-4745-9d7d-ba99ab162e1e: David G. (0.85)
[2025-03-06T10:29:27.176Z] [info] Created mapping for 3afaf5ea-d8c5-4745-9d7d-ba99ab162e1e -> 4920780 (PHONE_PARTIAL_MATCH,FIRST_NAME_EXACT_MATCH)
[2025-03-06T10:29:27.176Z] [info] Processing special profile: f7775120-f37f-45e5-92b9-0388f8670ea5 (David Geiermann)
[2025-03-06T10:29:27.178Z] [info] Old algorithm found no match for f7775120-f37f-45e5-92b9-0388f8670ea5
[2025-03-06T10:29:27.424Z] [info] New algorithm found match for f7775120-f37f-45e5-92b9-0388f8670ea5: David G. (0.85)
[2025-03-06T10:29:27.424Z] [info] Created mapping for f7775120-f37f-45e5-92b9-0388f8670ea5 -> 4920780 (PHONE_PARTIAL_MATCH,FIRST_NAME_EXACT_MATCH)
[2025-03-06T10:29:27.424Z] [info] ===== Customer Matching Completed =====
[2025-03-06T10:29:27.424Z] [info] Total Profiles Processed: 0
[2025-03-06T10:29:27.424Z] [info] Successfully Matched: 3
[2025-03-06T10:29:27.424Z] [info] Skipped (No Match/Low Confidence): 0
[2025-03-06T10:29:27.424Z] [info] Errors: 0
