[2025-03-06T09:11:17.725Z] [info] Starting customer matching with configuration:
{
  "confidenceThreshold": 0.3,
  "batchSize": 50,
  "forceUpdate": false,
  "debugMode": false
}
[2025-03-06T09:11:17.728Z] [info] Fetching all profiles from booking database...
[2025-03-06T09:11:18.342Z] [info] Found 126 profiles
[2025-03-06T09:11:18.415Z] [info] Found 102 profiles to process out of 126 total profiles
[2025-03-06T09:11:18.415Z] [info] Fetching all customers from CRM database...
[2025-03-06T09:11:19.115Z] [info] Found 1436 CRM customers
[2025-03-06T09:11:19.115Z] [info] Processing 3 batches of profiles
[2025-03-06T09:11:19.115Z] [info] Processing batch 1 of 3 (50 profiles)
[2025-03-06T09:11:19.118Z] [warn] Skipping low confidence match (0.03) for profile 8ee65db0-c74d-4ff6-b78d-4bc97c124dac
[2025-03-06T09:11:19.118Z] [info] No suitable match found for profile 8ee65db0-c74d-4ff6-b78d-4bc97c124dac
[2025-03-06T09:11:19.120Z] [warn] Skipping low confidence match (0.03) for profile 7c2436e8-dfd5-4ce4-8133-78ca02aff71b
[2025-03-06T09:11:19.120Z] [info] No suitable match found for profile 7c2436e8-dfd5-4ce4-8133-78ca02aff71b
[2025-03-06T09:11:19.122Z] [warn] Skipping low confidence match (0.03) for profile db0ab7b2-2580-437f-932c-e16e246aa43b
[2025-03-06T09:11:19.122Z] [info] No suitable match found for profile db0ab7b2-2580-437f-932c-e16e246aa43b
[2025-03-06T09:11:19.122Z] [warn] Skipping low confidence match (0.03) for profile f8404092-3240-41e0-a1ce-ab9310e05d2a
[2025-03-06T09:11:19.122Z] [info] No suitable match found for profile f8404092-3240-41e0-a1ce-ab9310e05d2a
[2025-03-06T09:11:19.123Z] [info] Skipping profile 02586ebc-0dae-4034-8de8-30399669e9a0 - no identifying information
[2025-03-06T09:11:19.123Z] [warn] Skipping low confidence match (0.03) for profile 16b0609f-aec1-4294-944e-2ebe1564380c
[2025-03-06T09:11:19.123Z] [info] No suitable match found for profile 16b0609f-aec1-4294-944e-2ebe1564380c
[2025-03-06T09:11:19.123Z] [warn] Skipping low confidence match (0.03) for profile e3666711-2572-4ced-8670-e9cd565808bf
[2025-03-06T09:11:19.123Z] [info] No suitable match found for profile e3666711-2572-4ced-8670-e9cd565808bf
[2025-03-06T09:11:19.124Z] [info] Skipping profile f1f82830-e40a-4188-927b-7910b00f5e70 - no identifying information
[2025-03-06T09:11:19.124Z] [info] Skipping profile 05c1d6cc-d6cb-476d-aa03-4207b02e11b9 - no identifying information
[2025-03-06T09:11:19.124Z] [info] Skipping profile 889ecb64-89f0-4c98-b7d7-0d9c0a702873 - no identifying information
[2025-03-06T09:11:19.125Z] [warn] Skipping low confidence match (0.03) for profile 75474ca2-8067-49b7-b655-150db216a05b
[2025-03-06T09:11:19.125Z] [info] No suitable match found for profile 75474ca2-8067-49b7-b655-150db216a05b
[2025-03-06T09:11:19.125Z] [warn] Skipping low confidence match (0.03) for profile f7775120-f37f-45e5-92b9-0388f8670ea5
[2025-03-06T09:11:19.125Z] [info] No suitable match found for profile f7775120-f37f-45e5-92b9-0388f8670ea5
[2025-03-06T09:11:19.126Z] [warn] Skipping low confidence match (0.03) for profile d7a9f886-640a-49a1-ae1d-097abe759e44
[2025-03-06T09:11:19.126Z] [info] No suitable match found for profile d7a9f886-640a-49a1-ae1d-097abe759e44
[2025-03-06T09:11:19.126Z] [warn] Skipping low confidence match (0.03) for profile 7495ca3e-f353-45e5-8c3a-e14c3afb6428
[2025-03-06T09:11:19.126Z] [info] No suitable match found for profile 7495ca3e-f353-45e5-8c3a-e14c3afb6428
[2025-03-06T09:11:19.127Z] [warn] Skipping low confidence match (0.03) for profile 6ffd4632-8349-4e8b-a602-2e7a7ecc0719
[2025-03-06T09:11:19.127Z] [info] No suitable match found for profile 6ffd4632-8349-4e8b-a602-2e7a7ecc0719
[2025-03-06T09:11:19.127Z] [warn] Skipping low confidence match (0.03) for profile d468d53a-8698-4041-96e0-27292c3c6415
[2025-03-06T09:11:19.127Z] [info] No suitable match found for profile d468d53a-8698-4041-96e0-27292c3c6415
[2025-03-06T09:11:19.128Z] [warn] Skipping low confidence match (0.03) for profile a86431c0-b025-4158-99cc-5a2fbba536ce
[2025-03-06T09:11:19.128Z] [info] No suitable match found for profile a86431c0-b025-4158-99cc-5a2fbba536ce
[2025-03-06T09:11:19.129Z] [warn] Skipping low confidence match (0.03) for profile 26e4d04f-cc2f-44d5-82c9-86e05f098195
[2025-03-06T09:11:19.129Z] [info] No suitable match found for profile 26e4d04f-cc2f-44d5-82c9-86e05f098195
[2025-03-06T09:11:19.129Z] [info] Skipping profile d7f8ff4f-6a58-49f8-b996-33dfe2e1aa71 - no identifying information
[2025-03-06T09:11:19.130Z] [warn] Skipping low confidence match (0.03) for profile 49e1e114-3b05-49d1-affd-9a734e962c11
[2025-03-06T09:11:19.130Z] [info] No suitable match found for profile 49e1e114-3b05-49d1-affd-9a734e962c11
[2025-03-06T09:11:19.130Z] [warn] Skipping low confidence match (0.03) for profile cad9bc92-66dc-4799-97bb-05dd238051c1
[2025-03-06T09:11:19.131Z] [info] No suitable match found for profile cad9bc92-66dc-4799-97bb-05dd238051c1
[2025-03-06T09:11:19.131Z] [warn] Skipping low confidence match (0.03) for profile d600c411-506d-46ec-a78e-4c4f0fe234da
[2025-03-06T09:11:19.131Z] [info] No suitable match found for profile d600c411-506d-46ec-a78e-4c4f0fe234da
[2025-03-06T09:11:19.131Z] [info] Skipping profile ef4e5727-7c81-48c8-9fde-5b971769bc9e - no identifying information
[2025-03-06T09:11:19.131Z] [warn] Skipping low confidence match (0.03) for profile f5ee6dab-f3c2-4208-99a2-b7bf1a7e0938
[2025-03-06T09:11:19.132Z] [info] No suitable match found for profile f5ee6dab-f3c2-4208-99a2-b7bf1a7e0938
[2025-03-06T09:11:19.132Z] [warn] Skipping low confidence match (0.03) for profile ffd59063-6f16-4607-875f-d5eef24c7728
[2025-03-06T09:11:19.132Z] [info] No suitable match found for profile ffd59063-6f16-4607-875f-d5eef24c7728
[2025-03-06T09:11:19.132Z] [warn] Skipping low confidence match (0.03) for profile 7cc1e4dc-7248-4478-8fa0-33e08f25e4a9
[2025-03-06T09:11:19.132Z] [info] No suitable match found for profile 7cc1e4dc-7248-4478-8fa0-33e08f25e4a9
[2025-03-06T09:11:19.133Z] [warn] Skipping low confidence match (0.03) for profile 0832004a-f13f-418e-9e89-99c7a0371c20
[2025-03-06T09:11:19.133Z] [info] No suitable match found for profile 0832004a-f13f-418e-9e89-99c7a0371c20
[2025-03-06T09:11:19.133Z] [warn] Skipping low confidence match (0.03) for profile f62e5fd4-bf5e-4842-aa83-24946954ebe5
[2025-03-06T09:11:19.133Z] [info] No suitable match found for profile f62e5fd4-bf5e-4842-aa83-24946954ebe5
[2025-03-06T09:11:19.134Z] [warn] Skipping low confidence match (0.03) for profile 44b0cd15-c901-4517-9743-31c68032259d
[2025-03-06T09:11:19.134Z] [info] No suitable match found for profile 44b0cd15-c901-4517-9743-31c68032259d
[2025-03-06T09:11:19.134Z] [warn] Skipping low confidence match (0.03) for profile 322dab77-116f-4daf-8329-e18f6587032c
[2025-03-06T09:11:19.134Z] [info] No suitable match found for profile 322dab77-116f-4daf-8329-e18f6587032c
[2025-03-06T09:11:19.135Z] [warn] Skipping low confidence match (0.03) for profile efd083c1-26b8-4ed0-92cc-187b8e0d7636
[2025-03-06T09:11:19.135Z] [info] No suitable match found for profile efd083c1-26b8-4ed0-92cc-187b8e0d7636
[2025-03-06T09:11:19.136Z] [warn] Skipping low confidence match (0.03) for profile 5a889bd5-5263-4260-97b3-ab9dad92b2b9
[2025-03-06T09:11:19.136Z] [info] No suitable match found for profile 5a889bd5-5263-4260-97b3-ab9dad92b2b9
[2025-03-06T09:11:19.136Z] [warn] Skipping low confidence match (0.03) for profile 3afaf5ea-d8c5-4745-9d7d-ba99ab162e1e
[2025-03-06T09:11:19.136Z] [info] No suitable match found for profile 3afaf5ea-d8c5-4745-9d7d-ba99ab162e1e
[2025-03-06T09:11:19.137Z] [warn] Skipping low confidence match (0.03) for profile 5a4f321b-ab28-4e6f-8002-f0ad86ad8d61
[2025-03-06T09:11:19.137Z] [info] No suitable match found for profile 5a4f321b-ab28-4e6f-8002-f0ad86ad8d61
[2025-03-06T09:11:19.137Z] [warn] Skipping low confidence match (0.03) for profile 2d264c2b-5927-48f5-91cd-4de0a074c925
[2025-03-06T09:11:19.137Z] [info] No suitable match found for profile 2d264c2b-5927-48f5-91cd-4de0a074c925
[2025-03-06T09:11:19.138Z] [warn] Skipping low confidence match (0.03) for profile 7a6a3e65-c0a5-4b79-9c30-c6c83d45f2b6
[2025-03-06T09:11:19.138Z] [info] No suitable match found for profile 7a6a3e65-c0a5-4b79-9c30-c6c83d45f2b6
[2025-03-06T09:11:19.138Z] [warn] Skipping low confidence match (0.03) for profile 51db2450-320e-46d2-b008-c72de637a34b
[2025-03-06T09:11:19.138Z] [info] No suitable match found for profile 51db2450-320e-46d2-b008-c72de637a34b
[2025-03-06T09:11:19.139Z] [warn] Skipping low confidence match (0.03) for profile e637e374-3d24-4669-9ba1-855bab53b734
[2025-03-06T09:11:19.140Z] [info] No suitable match found for profile e637e374-3d24-4669-9ba1-855bab53b734
[2025-03-06T09:11:19.141Z] [warn] Skipping low confidence match (0.03) for profile a85f49f7-4e62-453a-ba9f-d2ddf642ecfc
[2025-03-06T09:11:19.141Z] [info] No suitable match found for profile a85f49f7-4e62-453a-ba9f-d2ddf642ecfc
[2025-03-06T09:11:19.142Z] [warn] Skipping low confidence match (0.03) for profile 9d47c6e5-32b3-4144-b6cb-7f67c18d4aae
[2025-03-06T09:11:19.142Z] [info] No suitable match found for profile 9d47c6e5-32b3-4144-b6cb-7f67c18d4aae
[2025-03-06T09:11:19.142Z] [info] Skipping profile 3ff8add7-fc0e-43c8-8391-88105d569911 - no identifying information
[2025-03-06T09:11:19.142Z] [warn] Skipping low confidence match (0.03) for profile dedc5ecb-b965-4eaa-a1e7-e40e0d0dc8f7
[2025-03-06T09:11:19.142Z] [info] No suitable match found for profile dedc5ecb-b965-4eaa-a1e7-e40e0d0dc8f7
[2025-03-06T09:11:19.143Z] [warn] Skipping low confidence match (0.03) for profile ce06fb6f-54b2-4251-8999-7a652dbc5f81
[2025-03-06T09:11:19.143Z] [info] No suitable match found for profile ce06fb6f-54b2-4251-8999-7a652dbc5f81
[2025-03-06T09:11:19.143Z] [warn] Skipping low confidence match (0.03) for profile a24d3288-b19f-482a-8b1d-92a1884c4d38
[2025-03-06T09:11:19.143Z] [info] No suitable match found for profile a24d3288-b19f-482a-8b1d-92a1884c4d38
[2025-03-06T09:11:19.143Z] [info] Skipping profile b4007b4f-36d5-4457-be49-0af5e897c4e6 - no identifying information
[2025-03-06T09:11:19.144Z] [warn] Skipping low confidence match (0.03) for profile d4293a2f-1182-4249-a766-7b2631e4a634
[2025-03-06T09:11:19.144Z] [info] No suitable match found for profile d4293a2f-1182-4249-a766-7b2631e4a634
[2025-03-06T09:11:19.144Z] [warn] Skipping low confidence match (0.03) for profile 5d25ca44-9161-4a31-b48f-6af34d1157e7
[2025-03-06T09:11:19.144Z] [info] No suitable match found for profile 5d25ca44-9161-4a31-b48f-6af34d1157e7
[2025-03-06T09:11:19.144Z] [warn] Skipping low confidence match (0.03) for profile 51291577-fd1c-4e3f-92aa-83f036c823c7
[2025-03-06T09:11:19.144Z] [info] No suitable match found for profile 51291577-fd1c-4e3f-92aa-83f036c823c7
[2025-03-06T09:11:19.145Z] [warn] Skipping low confidence match (0.03) for profile f0fb78ea-3f83-4150-8b3c-c9930e8896b3
[2025-03-06T09:11:19.145Z] [info] No suitable match found for profile f0fb78ea-3f83-4150-8b3c-c9930e8896b3
[2025-03-06T09:11:19.145Z] [warn] Skipping low confidence match (0.03) for profile f29b69b0-7f4b-4220-b90b-eb429d02f4c9
[2025-03-06T09:11:19.146Z] [info] No suitable match found for profile f29b69b0-7f4b-4220-b90b-eb429d02f4c9
[2025-03-06T09:11:19.146Z] [info] Completed batch 1. Taking a short break before next batch...
[2025-03-06T09:11:19.650Z] [info] Processing batch 2 of 3 (50 profiles)
[2025-03-06T09:11:19.650Z] [warn] Skipping low confidence match (0.03) for profile 00339476-5ddc-4091-8159-d79c5522038a
[2025-03-06T09:11:19.651Z] [info] No suitable match found for profile 00339476-5ddc-4091-8159-d79c5522038a
[2025-03-06T09:11:19.651Z] [warn] Skipping low confidence match (0.03) for profile bf5b7631-7fb4-45b6-a239-0ecd3a746cd5
[2025-03-06T09:11:19.651Z] [info] No suitable match found for profile bf5b7631-7fb4-45b6-a239-0ecd3a746cd5
[2025-03-06T09:11:19.651Z] [warn] Skipping low confidence match (0.03) for profile 4d90b73a-ac27-4aec-b66e-97803dfb092d
[2025-03-06T09:11:19.651Z] [info] No suitable match found for profile 4d90b73a-ac27-4aec-b66e-97803dfb092d
[2025-03-06T09:11:19.652Z] [warn] Skipping low confidence match (0.03) for profile ecfa8a87-852b-447d-8e77-7a25000e86cc
[2025-03-06T09:11:19.652Z] [info] No suitable match found for profile ecfa8a87-852b-447d-8e77-7a25000e86cc
[2025-03-06T09:11:19.652Z] [warn] Skipping low confidence match (0.03) for profile 0121f405-af50-45e3-b2e0-a309bf42829f
[2025-03-06T09:11:19.652Z] [info] No suitable match found for profile 0121f405-af50-45e3-b2e0-a309bf42829f
[2025-03-06T09:11:19.653Z] [warn] Skipping low confidence match (0.03) for profile 1c5035c1-2c68-4d0e-9951-7e9587f5db67
[2025-03-06T09:11:19.653Z] [info] No suitable match found for profile 1c5035c1-2c68-4d0e-9951-7e9587f5db67
[2025-03-06T09:11:19.653Z] [warn] Skipping low confidence match (0.03) for profile 2135017a-f1eb-48d7-ae1d-103839aae825
[2025-03-06T09:11:19.653Z] [info] No suitable match found for profile 2135017a-f1eb-48d7-ae1d-103839aae825
[2025-03-06T09:11:19.653Z] [info] Skipping profile 8f896027-a01c-4888-a273-c99251ef4ec0 - no identifying information
[2025-03-06T09:11:19.653Z] [warn] Skipping low confidence match (0.03) for profile 3bbbb0c7-5b67-4c8c-b71c-9198aac19b39
[2025-03-06T09:11:19.653Z] [info] No suitable match found for profile 3bbbb0c7-5b67-4c8c-b71c-9198aac19b39
[2025-03-06T09:11:19.654Z] [info] Skipping profile 9ac75560-522e-4fc5-bd0e-f4fc6bbf6858 - no identifying information
[2025-03-06T09:11:19.654Z] [warn] Skipping low confidence match (0.03) for profile dfffb745-1359-49df-8b4e-618cde79e5a5
[2025-03-06T09:11:19.654Z] [info] No suitable match found for profile dfffb745-1359-49df-8b4e-618cde79e5a5
[2025-03-06T09:11:19.654Z] [warn] Skipping low confidence match (0.03) for profile a81f56fe-fbb8-4202-a8dc-45ca1343e3a2
[2025-03-06T09:11:19.654Z] [info] No suitable match found for profile a81f56fe-fbb8-4202-a8dc-45ca1343e3a2
[2025-03-06T09:11:19.655Z] [warn] Skipping low confidence match (0.03) for profile 08828b9f-ce33-4cb1-abc7-6623b43accde
[2025-03-06T09:11:19.655Z] [info] No suitable match found for profile 08828b9f-ce33-4cb1-abc7-6623b43accde
[2025-03-06T09:11:19.655Z] [warn] Skipping low confidence match (0.03) for profile 06c6fcd5-af0c-403a-9265-6c29ae6d3ec3
[2025-03-06T09:11:19.655Z] [info] No suitable match found for profile 06c6fcd5-af0c-403a-9265-6c29ae6d3ec3
[2025-03-06T09:11:19.656Z] [warn] Skipping low confidence match (0.03) for profile fc739007-d203-48b0-ae1c-ad7893c8903b
[2025-03-06T09:11:19.656Z] [info] No suitable match found for profile fc739007-d203-48b0-ae1c-ad7893c8903b
[2025-03-06T09:11:19.656Z] [warn] Skipping low confidence match (0.03) for profile 258c6a48-aeed-4951-a686-594d44101996
[2025-03-06T09:11:19.656Z] [info] No suitable match found for profile 258c6a48-aeed-4951-a686-594d44101996
[2025-03-06T09:11:19.656Z] [warn] Skipping low confidence match (0.03) for profile 37756307-753f-48b1-a6ef-d1efe4a6d282
[2025-03-06T09:11:19.656Z] [info] No suitable match found for profile 37756307-753f-48b1-a6ef-d1efe4a6d282
[2025-03-06T09:11:19.657Z] [warn] Skipping low confidence match (0.03) for profile 20416b86-2c39-4b48-9f4f-339a36610b12
[2025-03-06T09:11:19.657Z] [info] No suitable match found for profile 20416b86-2c39-4b48-9f4f-339a36610b12
[2025-03-06T09:11:19.657Z] [warn] Skipping low confidence match (0.03) for profile d875a820-79c2-4474-ada6-e0e9e4da6fc2
[2025-03-06T09:11:19.657Z] [info] No suitable match found for profile d875a820-79c2-4474-ada6-e0e9e4da6fc2
[2025-03-06T09:11:19.657Z] [warn] Skipping low confidence match (0.03) for profile ece51ef3-895e-46e4-bbe4-aed165cfe2ae
[2025-03-06T09:11:19.657Z] [info] No suitable match found for profile ece51ef3-895e-46e4-bbe4-aed165cfe2ae
[2025-03-06T09:11:19.658Z] [info] Skipping profile 08f3f551-3da8-45ff-978a-c7b9faab82b5 - no identifying information
[2025-03-06T09:11:19.658Z] [warn] Skipping low confidence match (0.03) for profile 12f32b4c-e397-4061-821e-b6b2df703a30
[2025-03-06T09:11:19.658Z] [info] No suitable match found for profile 12f32b4c-e397-4061-821e-b6b2df703a30
[2025-03-06T09:11:19.658Z] [warn] Skipping low confidence match (0.03) for profile 20becc32-0552-41b8-8bf8-79a8ac76ec20
[2025-03-06T09:11:19.658Z] [info] No suitable match found for profile 20becc32-0552-41b8-8bf8-79a8ac76ec20
[2025-03-06T09:11:19.659Z] [warn] Skipping low confidence match (0.03) for profile e40c4ecf-cfee-433c-bb5e-602ca85cd473
[2025-03-06T09:11:19.659Z] [info] No suitable match found for profile e40c4ecf-cfee-433c-bb5e-602ca85cd473
[2025-03-06T09:11:19.659Z] [warn] Skipping low confidence match (0.03) for profile 9827b8fc-209e-41ca-b574-1467dce2af6b
[2025-03-06T09:11:19.659Z] [info] No suitable match found for profile 9827b8fc-209e-41ca-b574-1467dce2af6b
[2025-03-06T09:11:19.659Z] [warn] Skipping low confidence match (0.03) for profile e7f6e2f1-e177-4773-8864-d49561a715f1
[2025-03-06T09:11:19.659Z] [info] No suitable match found for profile e7f6e2f1-e177-4773-8864-d49561a715f1
[2025-03-06T09:11:19.660Z] [info] Skipping profile 40a3ac9b-61e5-42ef-85b7-6efcebbe5d25 - no identifying information
[2025-03-06T09:11:19.660Z] [warn] Skipping low confidence match (0.03) for profile 75cac53a-84b0-4ff7-9c94-7891956c7170
[2025-03-06T09:11:19.660Z] [info] No suitable match found for profile 75cac53a-84b0-4ff7-9c94-7891956c7170
[2025-03-06T09:11:19.660Z] [warn] Skipping low confidence match (0.03) for profile 7e0b0726-e746-46ac-8059-261bf3e881c1
[2025-03-06T09:11:19.660Z] [info] No suitable match found for profile 7e0b0726-e746-46ac-8059-261bf3e881c1
[2025-03-06T09:11:19.660Z] [info] Skipping profile a4ec276b-eba0-4d28-b691-6c635e54668b - no identifying information
[2025-03-06T09:11:19.661Z] [info] Skipping profile 9575e766-194f-4d0d-8f62-3b1859d2212c - no identifying information
[2025-03-06T09:11:19.661Z] [warn] Skipping low confidence match (0.03) for profile 7f2ccfa8-fc9b-4900-8d3e-3cd002a0209a
[2025-03-06T09:11:19.661Z] [info] No suitable match found for profile 7f2ccfa8-fc9b-4900-8d3e-3cd002a0209a
[2025-03-06T09:11:19.661Z] [warn] Skipping low confidence match (0.03) for profile 50c59d58-09e5-4070-93fe-48ef4fee5438
[2025-03-06T09:11:19.661Z] [info] No suitable match found for profile 50c59d58-09e5-4070-93fe-48ef4fee5438
[2025-03-06T09:11:19.661Z] [warn] Skipping low confidence match (0.03) for profile f7573bcf-45c2-4c78-bbda-4fca5dcf8d37
[2025-03-06T09:11:19.661Z] [info] No suitable match found for profile f7573bcf-45c2-4c78-bbda-4fca5dcf8d37
[2025-03-06T09:11:19.662Z] [info] Skipping profile b95271ed-40d1-4748-95a9-12e08d6173e5 - no identifying information
[2025-03-06T09:11:19.662Z] [warn] Skipping low confidence match (0.03) for profile bb15d9c8-883c-4b17-9cc2-982bf7909dee
[2025-03-06T09:11:19.662Z] [info] No suitable match found for profile bb15d9c8-883c-4b17-9cc2-982bf7909dee
[2025-03-06T09:11:19.662Z] [warn] Skipping low confidence match (0.03) for profile 09d6c149-5e74-4e6e-a207-3b6976e591e3
[2025-03-06T09:11:19.663Z] [info] No suitable match found for profile 09d6c149-5e74-4e6e-a207-3b6976e591e3
[2025-03-06T09:11:19.663Z] [info] Skipping profile 41225aa4-a339-4f78-b859-b26363102162 - no identifying information
[2025-03-06T09:11:19.663Z] [info] Skipping profile 778e4a41-fdb8-44f9-92da-a5169e7ec220 - no identifying information
[2025-03-06T09:11:19.663Z] [warn] Skipping low confidence match (0.03) for profile 16bae061-22e9-4d35-bebb-e691116421f7
[2025-03-06T09:11:19.664Z] [info] No suitable match found for profile 16bae061-22e9-4d35-bebb-e691116421f7
[2025-03-06T09:11:19.664Z] [warn] Skipping low confidence match (0.03) for profile 8bab31ce-987b-4ac2-8013-01e6684580c7
[2025-03-06T09:11:19.664Z] [info] No suitable match found for profile 8bab31ce-987b-4ac2-8013-01e6684580c7
[2025-03-06T09:11:19.664Z] [warn] Skipping low confidence match (0.03) for profile 742ed5bc-8bf2-4faf-ba1c-553e920becd2
[2025-03-06T09:11:19.664Z] [info] No suitable match found for profile 742ed5bc-8bf2-4faf-ba1c-553e920becd2
[2025-03-06T09:11:19.664Z] [info] Skipping profile 649454d3-1f58-496b-b024-abc7f125f00b - no identifying information
[2025-03-06T09:11:19.665Z] [warn] Skipping low confidence match (0.03) for profile 6486ccf4-3ce0-44f0-9385-9dae5bf3db1b
[2025-03-06T09:11:19.671Z] [info] No suitable match found for profile 6486ccf4-3ce0-44f0-9385-9dae5bf3db1b
[2025-03-06T09:11:19.671Z] [info] Skipping profile d4896c75-f8d2-4f2c-9e77-8320e5b0120c - no identifying information
[2025-03-06T09:11:19.671Z] [info] Skipping profile 049fdf7d-916a-4ce4-af42-c432ed52f096 - no identifying information
[2025-03-06T09:11:19.672Z] [warn] Skipping low confidence match (0.03) for profile e861a124-77b1-4867-b9b2-c882f61fd96e
[2025-03-06T09:11:19.672Z] [info] No suitable match found for profile e861a124-77b1-4867-b9b2-c882f61fd96e
[2025-03-06T09:11:19.672Z] [warn] Skipping low confidence match (0.03) for profile a93a2a4b-b222-4922-be21-0c113a12fd9f
[2025-03-06T09:11:19.672Z] [info] No suitable match found for profile a93a2a4b-b222-4922-be21-0c113a12fd9f
[2025-03-06T09:11:19.673Z] [warn] Skipping low confidence match (0.03) for profile 0460a45c-7475-4492-8889-5b43ccec0075
[2025-03-06T09:11:19.673Z] [info] No suitable match found for profile 0460a45c-7475-4492-8889-5b43ccec0075
[2025-03-06T09:11:19.673Z] [info] Skipping profile 06df4876-5a86-496b-a25e-0ec55d93dad7 - no identifying information
[2025-03-06T09:11:19.673Z] [info] Completed batch 2. Taking a short break before next batch...
[2025-03-06T09:11:20.178Z] [info] Processing batch 3 of 3 (2 profiles)
[2025-03-06T09:11:20.178Z] [warn] Skipping low confidence match (0.03) for profile c4109846-ed34-4ba7-ba12-15c3f8121c10
[2025-03-06T09:11:20.178Z] [info] No suitable match found for profile c4109846-ed34-4ba7-ba12-15c3f8121c10
[2025-03-06T09:11:20.179Z] [info] Skipping profile 3e854d34-a1a2-4d15-adc6-0e47b4000df4 - no identifying information
[2025-03-06T09:11:20.179Z] [info] ===== Customer Matching Completed =====
[2025-03-06T09:11:20.179Z] [info] Total Profiles Processed: 102
[2025-03-06T09:11:20.180Z] [info] Successfully Matched: 0
[2025-03-06T09:11:20.180Z] [info] Skipped (No Match/Low Confidence): 102
[2025-03-06T09:11:20.181Z] [info] Errors: 0
