[2025-05-19T05:39:43.926Z] [info] Starting package sync with configuration:
{
  "batchSize": 20,
  "debugMode": false,
  "profileId": "all",
  "stableHashId": "any"
}
[2025-05-19T05:39:43.926Z] [info] Checking if crm_packages table needs schema migration...
[2025-05-19T05:39:44.115Z] [warn] Error checking if table exists: Could not find the function public.execute_sql(sql) in the schema cache
[2025-05-19T05:39:44.116Z] [info] Fetching CRM customer mappings with stable_hash_id...
[2025-05-19T05:39:44.376Z] [info] Found 219 CRM customer mappings with stable_hash_id
[2025-05-19T05:39:44.376Z] [info] Processing batch 1 of 11
[2025-05-19T05:39:44.376Z] [info] Processing mapping 1/20 for stable_hash_id 3eae97481b11766db8f57a65a226693c
[2025-05-19T05:39:44.377Z] [info] Fetching packages for stable_hash_id: 3eae97481b11766db8f57a65a226693c
[2025-05-19T05:39:44.549Z] [error] Error using database function: structure of query does not match function result type
[2025-05-19T05:39:44.550Z] [info] No packages found for stable_hash_id 3eae97481b11766db8f57a65a226693c
[2025-05-19T05:39:44.550Z] [info] Processing mapping 2/20 for stable_hash_id 9970317ae2ae5d0a0f07a99b47e31700
[2025-05-19T05:39:44.550Z] [info] Fetching packages for stable_hash_id: 9970317ae2ae5d0a0f07a99b47e31700
[2025-05-19T05:39:44.668Z] [error] Error using database function: structure of query does not match function result type
[2025-05-19T05:39:44.668Z] [info] No packages found for stable_hash_id 9970317ae2ae5d0a0f07a99b47e31700
[2025-05-19T05:39:44.668Z] [info] Processing mapping 3/20 for stable_hash_id 78b42f3136f3e127173c85f807b1e16a
[2025-05-19T05:39:44.668Z] [info] Fetching packages for stable_hash_id: 78b42f3136f3e127173c85f807b1e16a
[2025-05-19T05:39:44.739Z] [error] Error using database function: structure of query does not match function result type
[2025-05-19T05:39:44.739Z] [info] No packages found for stable_hash_id 78b42f3136f3e127173c85f807b1e16a
[2025-05-19T05:39:44.740Z] [info] Processing mapping 4/20 for stable_hash_id 2145f372ad6fd1bb864cc6562b0ee93e
[2025-05-19T05:39:44.740Z] [info] Fetching packages for stable_hash_id: 2145f372ad6fd1bb864cc6562b0ee93e
[2025-05-19T05:39:44.826Z] [error] Error using database function: structure of query does not match function result type
[2025-05-19T05:39:44.826Z] [info] No packages found for stable_hash_id 2145f372ad6fd1bb864cc6562b0ee93e
[2025-05-19T05:39:44.826Z] [info] Processing mapping 5/20 for stable_hash_id d7dfd1da95f5ffa75127f4aaa26ca25e
[2025-05-19T05:39:44.826Z] [info] Fetching packages for stable_hash_id: d7dfd1da95f5ffa75127f4aaa26ca25e
[2025-05-19T05:39:44.926Z] [error] Error using database function: structure of query does not match function result type
[2025-05-19T05:39:44.926Z] [info] No packages found for stable_hash_id d7dfd1da95f5ffa75127f4aaa26ca25e
[2025-05-19T05:39:44.927Z] [info] Processing mapping 6/20 for stable_hash_id 5b718df8f237f5145d1723e75d4cde08
[2025-05-19T05:39:44.927Z] [info] Fetching packages for stable_hash_id: 5b718df8f237f5145d1723e75d4cde08
[2025-05-19T05:39:45.002Z] [error] Error using database function: structure of query does not match function result type
[2025-05-19T05:39:45.003Z] [info] No packages found for stable_hash_id 5b718df8f237f5145d1723e75d4cde08
[2025-05-19T05:39:45.003Z] [info] Processing mapping 7/20 for stable_hash_id 17be3bae8e84f9fe18caea5b99db6701
[2025-05-19T05:39:45.003Z] [info] Fetching packages for stable_hash_id: 17be3bae8e84f9fe18caea5b99db6701
[2025-05-19T05:39:45.082Z] [error] Error using database function: structure of query does not match function result type
[2025-05-19T05:39:45.083Z] [info] No packages found for stable_hash_id 17be3bae8e84f9fe18caea5b99db6701
[2025-05-19T05:39:45.083Z] [info] Processing mapping 8/20 for stable_hash_id 528e6f77b47a72fae2527e65d5244424
[2025-05-19T05:39:45.083Z] [info] Fetching packages for stable_hash_id: 528e6f77b47a72fae2527e65d5244424
[2025-05-19T05:39:45.179Z] [error] Error using database function: structure of query does not match function result type
[2025-05-19T05:39:45.179Z] [info] No packages found for stable_hash_id 528e6f77b47a72fae2527e65d5244424
[2025-05-19T05:39:45.180Z] [info] Processing mapping 9/20 for stable_hash_id 907d7405967804a08728a3b94e8cc3ac
[2025-05-19T05:39:45.180Z] [info] Fetching packages for stable_hash_id: 907d7405967804a08728a3b94e8cc3ac
[2025-05-19T05:39:45.253Z] [error] Error using database function: structure of query does not match function result type
[2025-05-19T05:39:45.254Z] [info] No packages found for stable_hash_id 907d7405967804a08728a3b94e8cc3ac
[2025-05-19T05:39:45.254Z] [info] Processing mapping 10/20 for stable_hash_id cba3ea5a73efd11107e03c6b53f30643
[2025-05-19T05:39:45.254Z] [info] Fetching packages for stable_hash_id: cba3ea5a73efd11107e03c6b53f30643
[2025-05-19T05:39:45.395Z] [error] Error using database function: structure of query does not match function result type
[2025-05-19T05:39:45.396Z] [info] No packages found for stable_hash_id cba3ea5a73efd11107e03c6b53f30643
[2025-05-19T05:39:45.396Z] [info] Processing mapping 11/20 for stable_hash_id 3c1f46b3c4dc9a9c43371fde39754506
[2025-05-19T05:39:45.396Z] [info] Fetching packages for stable_hash_id: 3c1f46b3c4dc9a9c43371fde39754506
[2025-05-19T05:39:45.475Z] [error] Error using database function: structure of query does not match function result type
[2025-05-19T05:39:45.475Z] [info] No packages found for stable_hash_id 3c1f46b3c4dc9a9c43371fde39754506
[2025-05-19T05:39:45.476Z] [info] Processing mapping 12/20 for stable_hash_id 73053e6d606983c10b78d99fee684e6a
[2025-05-19T05:39:45.476Z] [info] Fetching packages for stable_hash_id: 73053e6d606983c10b78d99fee684e6a
[2025-05-19T05:39:45.555Z] [error] Error using database function: structure of query does not match function result type
[2025-05-19T05:39:45.556Z] [info] No packages found for stable_hash_id 73053e6d606983c10b78d99fee684e6a
[2025-05-19T05:39:45.556Z] [info] Processing mapping 13/20 for stable_hash_id 6cec77f05e93b8e13d62859b83f36c68
[2025-05-19T05:39:45.556Z] [info] Fetching packages for stable_hash_id: 6cec77f05e93b8e13d62859b83f36c68
[2025-05-19T05:39:45.640Z] [error] Error using database function: structure of query does not match function result type
[2025-05-19T05:39:45.640Z] [info] No packages found for stable_hash_id 6cec77f05e93b8e13d62859b83f36c68
[2025-05-19T05:39:45.641Z] [info] Processing mapping 14/20 for stable_hash_id a1b63b052b62e6c08210ef13b7907802
[2025-05-19T05:39:45.641Z] [info] Fetching packages for stable_hash_id: a1b63b052b62e6c08210ef13b7907802
[2025-05-19T05:39:45.715Z] [error] Error using database function: structure of query does not match function result type
[2025-05-19T05:39:45.716Z] [info] No packages found for stable_hash_id a1b63b052b62e6c08210ef13b7907802
[2025-05-19T05:39:45.716Z] [info] Processing mapping 15/20 for stable_hash_id d058264113127debc8b65592b1badcd4
[2025-05-19T05:39:45.716Z] [info] Fetching packages for stable_hash_id: d058264113127debc8b65592b1badcd4
[2025-05-19T05:39:45.785Z] [error] Error using database function: structure of query does not match function result type
[2025-05-19T05:39:45.785Z] [info] No packages found for stable_hash_id d058264113127debc8b65592b1badcd4
[2025-05-19T05:39:45.785Z] [info] Processing mapping 16/20 for stable_hash_id c760cf8ddb5ecca78fbcdd8e13297f19
[2025-05-19T05:39:45.785Z] [info] Fetching packages for stable_hash_id: c760cf8ddb5ecca78fbcdd8e13297f19
[2025-05-19T05:39:45.861Z] [error] Error using database function: structure of query does not match function result type
[2025-05-19T05:39:45.861Z] [info] No packages found for stable_hash_id c760cf8ddb5ecca78fbcdd8e13297f19
[2025-05-19T05:39:45.861Z] [info] Processing mapping 17/20 for stable_hash_id 103863d6bf516efc5d4917c6d4db5d31
[2025-05-19T05:39:45.862Z] [info] Fetching packages for stable_hash_id: 103863d6bf516efc5d4917c6d4db5d31
[2025-05-19T05:39:45.947Z] [error] Error using database function: structure of query does not match function result type
[2025-05-19T05:39:45.948Z] [info] No packages found for stable_hash_id 103863d6bf516efc5d4917c6d4db5d31
[2025-05-19T05:39:45.948Z] [info] Processing mapping 18/20 for stable_hash_id 704dea8929306c8d9599207637042596
[2025-05-19T05:39:45.948Z] [info] Fetching packages for stable_hash_id: 704dea8929306c8d9599207637042596
[2025-05-19T05:39:46.038Z] [error] Error using database function: structure of query does not match function result type
[2025-05-19T05:39:46.038Z] [info] No packages found for stable_hash_id 704dea8929306c8d9599207637042596
[2025-05-19T05:39:46.039Z] [info] Processing mapping 19/20 for stable_hash_id 1b7350d69e74c38effd787b8d0d6f2db
[2025-05-19T05:39:46.039Z] [info] Fetching packages for stable_hash_id: 1b7350d69e74c38effd787b8d0d6f2db
[2025-05-19T05:39:46.130Z] [error] Error using database function: structure of query does not match function result type
[2025-05-19T05:39:46.130Z] [info] No packages found for stable_hash_id 1b7350d69e74c38effd787b8d0d6f2db
[2025-05-19T05:39:46.131Z] [info] Processing mapping 20/20 for stable_hash_id 7d1c97c0c136a81e54c4785b5f700737
[2025-05-19T05:39:46.131Z] [info] Fetching packages for stable_hash_id: 7d1c97c0c136a81e54c4785b5f700737
[2025-05-19T05:39:46.214Z] [error] Error using database function: structure of query does not match function result type
[2025-05-19T05:39:46.214Z] [info] No packages found for stable_hash_id 7d1c97c0c136a81e54c4785b5f700737
[2025-05-19T05:39:46.215Z] [info] Batch 1 complete. Taking a short break before processing the next batch...
[2025-05-19T05:39:46.719Z] [info] Processing batch 2 of 11
[2025-05-19T05:39:46.719Z] [info] Processing mapping 1/20 for stable_hash_id f1ac7dd7735a5161ef3e20d26cce4b33
[2025-05-19T05:39:46.720Z] [info] Fetching packages for stable_hash_id: f1ac7dd7735a5161ef3e20d26cce4b33
[2025-05-19T05:39:46.802Z] [error] Error using database function: structure of query does not match function result type
[2025-05-19T05:39:46.802Z] [info] No packages found for stable_hash_id f1ac7dd7735a5161ef3e20d26cce4b33
[2025-05-19T05:39:46.802Z] [info] Processing mapping 2/20 for stable_hash_id 48729d9d9c3b2111d8f8813e10c5761e
[2025-05-19T05:39:46.802Z] [info] Fetching packages for stable_hash_id: 48729d9d9c3b2111d8f8813e10c5761e
[2025-05-19T05:39:46.901Z] [error] Error using database function: structure of query does not match function result type
[2025-05-19T05:39:46.901Z] [info] No packages found for stable_hash_id 48729d9d9c3b2111d8f8813e10c5761e
[2025-05-19T05:39:46.901Z] [info] Processing mapping 3/20 for stable_hash_id d7dfd1da95f5ffa75127f4aaa26ca25e
[2025-05-19T05:39:46.902Z] [info] Fetching packages for stable_hash_id: d7dfd1da95f5ffa75127f4aaa26ca25e
[2025-05-19T05:39:47.007Z] [error] Error using database function: structure of query does not match function result type
[2025-05-19T05:39:47.007Z] [info] No packages found for stable_hash_id d7dfd1da95f5ffa75127f4aaa26ca25e
[2025-05-19T05:39:47.008Z] [info] Processing mapping 4/20 for stable_hash_id 65f34e72803d7d57bf1815f56576b4c8
[2025-05-19T05:39:47.008Z] [info] Fetching packages for stable_hash_id: 65f34e72803d7d57bf1815f56576b4c8
[2025-05-19T05:39:47.108Z] [error] Error using database function: structure of query does not match function result type
[2025-05-19T05:39:47.109Z] [info] No packages found for stable_hash_id 65f34e72803d7d57bf1815f56576b4c8
[2025-05-19T05:39:47.109Z] [info] Processing mapping 5/20 for stable_hash_id b99c9e4efb22affbbcf2996c77db71d6
[2025-05-19T05:39:47.109Z] [info] Fetching packages for stable_hash_id: b99c9e4efb22affbbcf2996c77db71d6
[2025-05-19T05:39:47.182Z] [error] Error using database function: structure of query does not match function result type
[2025-05-19T05:39:47.182Z] [info] No packages found for stable_hash_id b99c9e4efb22affbbcf2996c77db71d6
[2025-05-19T05:39:47.183Z] [info] Processing mapping 6/20 for stable_hash_id 775530b639ff17d13ad7f0545d371534
[2025-05-19T05:39:47.183Z] [info] Fetching packages for stable_hash_id: 775530b639ff17d13ad7f0545d371534
[2025-05-19T05:39:47.257Z] [error] Error using database function: structure of query does not match function result type
[2025-05-19T05:39:47.257Z] [info] No packages found for stable_hash_id 775530b639ff17d13ad7f0545d371534
[2025-05-19T05:39:47.257Z] [info] Processing mapping 7/20 for stable_hash_id 2a54b7e9c15ac30be4666a3acc9507a9
[2025-05-19T05:39:47.257Z] [info] Fetching packages for stable_hash_id: 2a54b7e9c15ac30be4666a3acc9507a9
[2025-05-19T05:39:47.341Z] [error] Error using database function: structure of query does not match function result type
[2025-05-19T05:39:47.342Z] [info] No packages found for stable_hash_id 2a54b7e9c15ac30be4666a3acc9507a9
[2025-05-19T05:39:47.342Z] [info] Processing mapping 8/20 for stable_hash_id 590db25cc37065ebeb6c4841329cd2c4
[2025-05-19T05:39:47.343Z] [info] Fetching packages for stable_hash_id: 590db25cc37065ebeb6c4841329cd2c4
[2025-05-19T05:39:47.426Z] [error] Error using database function: structure of query does not match function result type
[2025-05-19T05:39:47.426Z] [info] No packages found for stable_hash_id 590db25cc37065ebeb6c4841329cd2c4
[2025-05-19T05:39:47.427Z] [info] Processing mapping 9/20 for stable_hash_id 6b27a46a7ac5e1680f6dd620b6419cd5
[2025-05-19T05:39:47.427Z] [info] Fetching packages for stable_hash_id: 6b27a46a7ac5e1680f6dd620b6419cd5
[2025-05-19T05:39:47.514Z] [error] Error using database function: structure of query does not match function result type
[2025-05-19T05:39:47.514Z] [info] No packages found for stable_hash_id 6b27a46a7ac5e1680f6dd620b6419cd5
[2025-05-19T05:39:47.514Z] [info] Processing mapping 10/20 for stable_hash_id 774a2438485e9d43e7adb95886b09bc9
[2025-05-19T05:39:47.514Z] [info] Fetching packages for stable_hash_id: 774a2438485e9d43e7adb95886b09bc9
[2025-05-19T05:39:47.602Z] [error] Error using database function: structure of query does not match function result type
[2025-05-19T05:39:47.602Z] [info] No packages found for stable_hash_id 774a2438485e9d43e7adb95886b09bc9
[2025-05-19T05:39:47.603Z] [info] Processing mapping 11/20 for stable_hash_id ccb279a7d86a472cfe86827d5f7d32e8
[2025-05-19T05:39:47.603Z] [info] Fetching packages for stable_hash_id: ccb279a7d86a472cfe86827d5f7d32e8
[2025-05-19T05:39:47.675Z] [error] Error using database function: structure of query does not match function result type
[2025-05-19T05:39:47.676Z] [info] No packages found for stable_hash_id ccb279a7d86a472cfe86827d5f7d32e8
[2025-05-19T05:39:47.676Z] [info] Processing mapping 12/20 for stable_hash_id 9f886624c1d82482b7ac0bb5fe5ff3f3
[2025-05-19T05:39:47.676Z] [info] Fetching packages for stable_hash_id: 9f886624c1d82482b7ac0bb5fe5ff3f3
[2025-05-19T05:39:47.771Z] [error] Error using database function: structure of query does not match function result type
[2025-05-19T05:39:47.771Z] [info] No packages found for stable_hash_id 9f886624c1d82482b7ac0bb5fe5ff3f3
[2025-05-19T05:39:47.772Z] [info] Processing mapping 13/20 for stable_hash_id 09de344bed3e8073620bb4f9886994f6
[2025-05-19T05:39:47.772Z] [info] Fetching packages for stable_hash_id: 09de344bed3e8073620bb4f9886994f6
[2025-05-19T05:39:47.870Z] [error] Error using database function: structure of query does not match function result type
[2025-05-19T05:39:47.870Z] [info] No packages found for stable_hash_id 09de344bed3e8073620bb4f9886994f6
[2025-05-19T05:39:47.870Z] [info] Processing mapping 14/20 for stable_hash_id 519cefd56a0595cd29e6a0ec1e0a6296
[2025-05-19T05:39:47.871Z] [info] Fetching packages for stable_hash_id: 519cefd56a0595cd29e6a0ec1e0a6296
[2025-05-19T05:39:47.953Z] [error] Error using database function: structure of query does not match function result type
[2025-05-19T05:39:47.953Z] [info] No packages found for stable_hash_id 519cefd56a0595cd29e6a0ec1e0a6296
[2025-05-19T05:39:47.953Z] [info] Processing mapping 15/20 for stable_hash_id 643f4ade96a3692028989cfca0bccd33
[2025-05-19T05:39:47.954Z] [info] Fetching packages for stable_hash_id: 643f4ade96a3692028989cfca0bccd33
[2025-05-19T05:39:48.036Z] [error] Error using database function: structure of query does not match function result type
[2025-05-19T05:39:48.037Z] [info] No packages found for stable_hash_id 643f4ade96a3692028989cfca0bccd33
[2025-05-19T05:39:48.037Z] [info] Processing mapping 16/20 for stable_hash_id 9c3fa221e0caab25bb6d07aea3b532a6
[2025-05-19T05:39:48.037Z] [info] Fetching packages for stable_hash_id: 9c3fa221e0caab25bb6d07aea3b532a6
[2025-05-19T05:39:48.129Z] [error] Error using database function: structure of query does not match function result type
[2025-05-19T05:39:48.129Z] [info] No packages found for stable_hash_id 9c3fa221e0caab25bb6d07aea3b532a6
[2025-05-19T05:39:48.129Z] [info] Processing mapping 17/20 for stable_hash_id ed558842c0fd50ef79c38c20b7864162
[2025-05-19T05:39:48.130Z] [info] Fetching packages for stable_hash_id: ed558842c0fd50ef79c38c20b7864162
[2025-05-19T05:39:48.198Z] [error] Error using database function: structure of query does not match function result type
[2025-05-19T05:39:48.199Z] [info] No packages found for stable_hash_id ed558842c0fd50ef79c38c20b7864162
[2025-05-19T05:39:48.200Z] [info] Processing mapping 18/20 for stable_hash_id 54dae4d67ad32700e7dbeea4cd40dc1b
[2025-05-19T05:39:48.200Z] [info] Fetching packages for stable_hash_id: 54dae4d67ad32700e7dbeea4cd40dc1b
[2025-05-19T05:39:48.284Z] [error] Error using database function: structure of query does not match function result type
[2025-05-19T05:39:48.284Z] [info] No packages found for stable_hash_id 54dae4d67ad32700e7dbeea4cd40dc1b
[2025-05-19T05:39:48.284Z] [info] Processing mapping 19/20 for stable_hash_id 0c6369b601a372d224e77c366e9bc214
[2025-05-19T05:39:48.285Z] [info] Fetching packages for stable_hash_id: 0c6369b601a372d224e77c366e9bc214
[2025-05-19T05:39:48.410Z] [error] Error using database function: structure of query does not match function result type
[2025-05-19T05:39:48.410Z] [info] No packages found for stable_hash_id 0c6369b601a372d224e77c366e9bc214
[2025-05-19T05:39:48.411Z] [info] Processing mapping 20/20 for stable_hash_id e5aa3773894a4101d7d2cbbd1be06a97
[2025-05-19T05:39:48.411Z] [info] Fetching packages for stable_hash_id: e5aa3773894a4101d7d2cbbd1be06a97
[2025-05-19T05:39:48.495Z] [error] Error using database function: structure of query does not match function result type
[2025-05-19T05:39:48.496Z] [info] No packages found for stable_hash_id e5aa3773894a4101d7d2cbbd1be06a97
[2025-05-19T05:39:48.496Z] [info] Batch 2 complete. Taking a short break before processing the next batch...
[2025-05-19T05:39:49.008Z] [info] Processing batch 3 of 11
[2025-05-19T05:39:49.008Z] [info] Processing mapping 1/20 for stable_hash_id 33194ba9e2d522b8284b620dca39a5a4
[2025-05-19T05:39:49.009Z] [info] Fetching packages for stable_hash_id: 33194ba9e2d522b8284b620dca39a5a4
[2025-05-19T05:39:49.132Z] [error] Error using database function: structure of query does not match function result type
[2025-05-19T05:39:49.132Z] [info] No packages found for stable_hash_id 33194ba9e2d522b8284b620dca39a5a4
[2025-05-19T05:39:49.133Z] [info] Processing mapping 2/20 for stable_hash_id 83c1def8084cee7e5d5cff27e0cd0abf
[2025-05-19T05:39:49.133Z] [info] Fetching packages for stable_hash_id: 83c1def8084cee7e5d5cff27e0cd0abf
[2025-05-19T05:39:49.208Z] [error] Error using database function: structure of query does not match function result type
[2025-05-19T05:39:49.208Z] [info] No packages found for stable_hash_id 83c1def8084cee7e5d5cff27e0cd0abf
[2025-05-19T05:39:49.208Z] [info] Processing mapping 3/20 for stable_hash_id c3ddd2f04127ab35e46d22cdd3839cb3
[2025-05-19T05:39:49.208Z] [info] Fetching packages for stable_hash_id: c3ddd2f04127ab35e46d22cdd3839cb3
[2025-05-19T05:39:49.282Z] [error] Error using database function: structure of query does not match function result type
[2025-05-19T05:39:49.283Z] [info] No packages found for stable_hash_id c3ddd2f04127ab35e46d22cdd3839cb3
[2025-05-19T05:39:49.283Z] [info] Processing mapping 4/20 for stable_hash_id 24b51fbad6bd0bebe6133785e7a9a3ab
[2025-05-19T05:39:49.283Z] [info] Fetching packages for stable_hash_id: 24b51fbad6bd0bebe6133785e7a9a3ab
[2025-05-19T05:39:49.357Z] [error] Error using database function: structure of query does not match function result type
[2025-05-19T05:39:49.357Z] [info] No packages found for stable_hash_id 24b51fbad6bd0bebe6133785e7a9a3ab
[2025-05-19T05:39:49.358Z] [info] Processing mapping 5/20 for stable_hash_id 6df48fab4cdf6e79d419bacf13206b89
[2025-05-19T05:39:49.358Z] [info] Fetching packages for stable_hash_id: 6df48fab4cdf6e79d419bacf13206b89
[2025-05-19T05:39:49.434Z] [error] Error using database function: structure of query does not match function result type
[2025-05-19T05:39:49.434Z] [info] No packages found for stable_hash_id 6df48fab4cdf6e79d419bacf13206b89
[2025-05-19T05:39:49.435Z] [info] Processing mapping 6/20 for stable_hash_id b2db7178daa3160b3d2a862027b9c9db
[2025-05-19T05:39:49.435Z] [info] Fetching packages for stable_hash_id: b2db7178daa3160b3d2a862027b9c9db
[2025-05-19T05:39:49.523Z] [error] Error using database function: structure of query does not match function result type
[2025-05-19T05:39:49.523Z] [info] No packages found for stable_hash_id b2db7178daa3160b3d2a862027b9c9db
[2025-05-19T05:39:49.526Z] [info] Processing mapping 7/20 for stable_hash_id 4f5a04783e72d0e584d77075172c0a93
[2025-05-19T05:39:49.526Z] [info] Fetching packages for stable_hash_id: 4f5a04783e72d0e584d77075172c0a93
[2025-05-19T05:39:49.610Z] [error] Error using database function: structure of query does not match function result type
[2025-05-19T05:39:49.611Z] [info] No packages found for stable_hash_id 4f5a04783e72d0e584d77075172c0a93
[2025-05-19T05:39:49.611Z] [info] Processing mapping 8/20 for stable_hash_id 638b795093a7e14f7eb1f365e02d0d8c
[2025-05-19T05:39:49.611Z] [info] Fetching packages for stable_hash_id: 638b795093a7e14f7eb1f365e02d0d8c
[2025-05-19T05:39:49.700Z] [error] Error using database function: structure of query does not match function result type
[2025-05-19T05:39:49.701Z] [info] No packages found for stable_hash_id 638b795093a7e14f7eb1f365e02d0d8c
[2025-05-19T05:39:49.702Z] [info] Processing mapping 9/20 for stable_hash_id 52835d4e824a29bce031a6204d58d68d
[2025-05-19T05:39:49.702Z] [info] Fetching packages for stable_hash_id: 52835d4e824a29bce031a6204d58d68d
[2025-05-19T05:39:49.800Z] [error] Error using database function: structure of query does not match function result type
[2025-05-19T05:39:49.800Z] [info] No packages found for stable_hash_id 52835d4e824a29bce031a6204d58d68d
[2025-05-19T05:39:49.800Z] [info] Processing mapping 10/20 for stable_hash_id 56c935a606c5c83116a993ba23194764
[2025-05-19T05:39:49.800Z] [info] Fetching packages for stable_hash_id: 56c935a606c5c83116a993ba23194764
[2025-05-19T05:39:49.896Z] [error] Error using database function: structure of query does not match function result type
[2025-05-19T05:39:49.896Z] [info] No packages found for stable_hash_id 56c935a606c5c83116a993ba23194764
[2025-05-19T05:39:49.897Z] [info] Processing mapping 11/20 for stable_hash_id 6a56720233e266738987c42ff2844c24
[2025-05-19T05:39:49.897Z] [info] Fetching packages for stable_hash_id: 6a56720233e266738987c42ff2844c24
[2025-05-19T05:39:50.002Z] [error] Error using database function: structure of query does not match function result type
[2025-05-19T05:39:50.003Z] [info] No packages found for stable_hash_id 6a56720233e266738987c42ff2844c24
[2025-05-19T05:39:50.003Z] [info] Processing mapping 12/20 for stable_hash_id 519cefd56a0595cd29e6a0ec1e0a6296
[2025-05-19T05:39:50.003Z] [info] Fetching packages for stable_hash_id: 519cefd56a0595cd29e6a0ec1e0a6296
[2025-05-19T05:39:50.082Z] [error] Error using database function: structure of query does not match function result type
[2025-05-19T05:39:50.083Z] [info] No packages found for stable_hash_id 519cefd56a0595cd29e6a0ec1e0a6296
[2025-05-19T05:39:50.083Z] [info] Processing mapping 13/20 for stable_hash_id a79bcd8b945d60e7aec00fe7c1e58b57
[2025-05-19T05:39:50.083Z] [info] Fetching packages for stable_hash_id: a79bcd8b945d60e7aec00fe7c1e58b57
[2025-05-19T05:39:50.170Z] [error] Error using database function: structure of query does not match function result type
[2025-05-19T05:39:50.171Z] [info] No packages found for stable_hash_id a79bcd8b945d60e7aec00fe7c1e58b57
[2025-05-19T05:39:50.171Z] [info] Processing mapping 14/20 for stable_hash_id e973cb0ca972a23bb2f6a2bdf37f77be
[2025-05-19T05:39:50.171Z] [info] Fetching packages for stable_hash_id: e973cb0ca972a23bb2f6a2bdf37f77be
[2025-05-19T05:39:50.409Z] [error] Error using database function: structure of query does not match function result type
[2025-05-19T05:39:50.409Z] [info] No packages found for stable_hash_id e973cb0ca972a23bb2f6a2bdf37f77be
[2025-05-19T05:39:50.410Z] [info] Processing mapping 15/20 for stable_hash_id 6f0c6712f752a47a64323ddd237621c3
[2025-05-19T05:39:50.410Z] [info] Fetching packages for stable_hash_id: 6f0c6712f752a47a64323ddd237621c3
[2025-05-19T05:39:50.479Z] [error] Error using database function: structure of query does not match function result type
[2025-05-19T05:39:50.479Z] [info] No packages found for stable_hash_id 6f0c6712f752a47a64323ddd237621c3
[2025-05-19T05:39:50.479Z] [info] Processing mapping 16/20 for stable_hash_id de667d80cabf7e6d943083f70e4b07e9
[2025-05-19T05:39:50.479Z] [info] Fetching packages for stable_hash_id: de667d80cabf7e6d943083f70e4b07e9
[2025-05-19T05:39:50.585Z] [error] Error using database function: structure of query does not match function result type
[2025-05-19T05:39:50.586Z] [info] No packages found for stable_hash_id de667d80cabf7e6d943083f70e4b07e9
[2025-05-19T05:39:50.586Z] [info] Processing mapping 17/20 for stable_hash_id 96c4ea2ff9a43944e1a28071b6042633
[2025-05-19T05:39:50.586Z] [info] Fetching packages for stable_hash_id: 96c4ea2ff9a43944e1a28071b6042633
[2025-05-19T05:39:50.692Z] [error] Error using database function: structure of query does not match function result type
[2025-05-19T05:39:50.692Z] [info] No packages found for stable_hash_id 96c4ea2ff9a43944e1a28071b6042633
[2025-05-19T05:39:50.692Z] [info] Processing mapping 18/20 for stable_hash_id 17e926bb6d082ffb47e55cdb81234f6d
[2025-05-19T05:39:50.693Z] [info] Fetching packages for stable_hash_id: 17e926bb6d082ffb47e55cdb81234f6d
[2025-05-19T05:39:50.772Z] [error] Error using database function: structure of query does not match function result type
[2025-05-19T05:39:50.773Z] [info] No packages found for stable_hash_id 17e926bb6d082ffb47e55cdb81234f6d
[2025-05-19T05:39:50.773Z] [info] Processing mapping 19/20 for stable_hash_id e02549e1acf2331b37a847fb4311ac3a
[2025-05-19T05:39:50.773Z] [info] Fetching packages for stable_hash_id: e02549e1acf2331b37a847fb4311ac3a
[2025-05-19T05:39:50.858Z] [error] Error using database function: structure of query does not match function result type
[2025-05-19T05:39:50.859Z] [info] No packages found for stable_hash_id e02549e1acf2331b37a847fb4311ac3a
[2025-05-19T05:39:50.859Z] [info] Processing mapping 20/20 for stable_hash_id 7533382626dd787db9445eb71f3e53dd
[2025-05-19T05:39:50.859Z] [info] Fetching packages for stable_hash_id: 7533382626dd787db9445eb71f3e53dd
[2025-05-19T05:39:50.991Z] [error] Error using database function: structure of query does not match function result type
[2025-05-19T05:39:50.991Z] [info] No packages found for stable_hash_id 7533382626dd787db9445eb71f3e53dd
[2025-05-19T05:39:50.992Z] [info] Batch 3 complete. Taking a short break before processing the next batch...
[2025-05-19T05:39:51.499Z] [info] Processing batch 4 of 11
[2025-05-19T05:39:51.499Z] [info] Processing mapping 1/20 for stable_hash_id 5a6aed22271cf65e18c812a1562f44a3
[2025-05-19T05:39:51.500Z] [info] Fetching packages for stable_hash_id: 5a6aed22271cf65e18c812a1562f44a3
[2025-05-19T05:39:51.576Z] [error] Error using database function: structure of query does not match function result type
[2025-05-19T05:39:51.576Z] [info] No packages found for stable_hash_id 5a6aed22271cf65e18c812a1562f44a3
[2025-05-19T05:39:51.576Z] [info] Processing mapping 2/20 for stable_hash_id 3e989127d0a3b146f75973d11f526449
[2025-05-19T05:39:51.576Z] [info] Fetching packages for stable_hash_id: 3e989127d0a3b146f75973d11f526449
[2025-05-19T05:39:51.646Z] [error] Error using database function: structure of query does not match function result type
[2025-05-19T05:39:51.646Z] [info] No packages found for stable_hash_id 3e989127d0a3b146f75973d11f526449
[2025-05-19T05:39:51.647Z] [info] Processing mapping 3/20 for stable_hash_id 980bf657edf58c308eb47667331ba9af
[2025-05-19T05:39:51.647Z] [info] Fetching packages for stable_hash_id: 980bf657edf58c308eb47667331ba9af
[2025-05-19T05:39:51.773Z] [error] Error using database function: structure of query does not match function result type
[2025-05-19T05:39:51.774Z] [info] No packages found for stable_hash_id 980bf657edf58c308eb47667331ba9af
[2025-05-19T05:39:51.774Z] [info] Processing mapping 4/20 for stable_hash_id 6fbfa73b0f0e07c1b786e067d57e8688
[2025-05-19T05:39:51.774Z] [info] Fetching packages for stable_hash_id: 6fbfa73b0f0e07c1b786e067d57e8688
[2025-05-19T05:39:51.839Z] [error] Error using database function: structure of query does not match function result type
[2025-05-19T05:39:51.840Z] [info] No packages found for stable_hash_id 6fbfa73b0f0e07c1b786e067d57e8688
[2025-05-19T05:39:51.840Z] [info] Processing mapping 5/20 for stable_hash_id bfc1aa49b9e8ccec85dfcfdf82c44f04
[2025-05-19T05:39:51.840Z] [info] Fetching packages for stable_hash_id: bfc1aa49b9e8ccec85dfcfdf82c44f04
[2025-05-19T05:39:51.905Z] [error] Error using database function: structure of query does not match function result type
[2025-05-19T05:39:51.905Z] [info] No packages found for stable_hash_id bfc1aa49b9e8ccec85dfcfdf82c44f04
[2025-05-19T05:39:51.905Z] [info] Processing mapping 6/20 for stable_hash_id 07617bfc21fb62175b569d80a4a48d0a
[2025-05-19T05:39:51.905Z] [info] Fetching packages for stable_hash_id: 07617bfc21fb62175b569d80a4a48d0a
[2025-05-19T05:39:51.977Z] [error] Error using database function: structure of query does not match function result type
[2025-05-19T05:39:51.977Z] [info] No packages found for stable_hash_id 07617bfc21fb62175b569d80a4a48d0a
[2025-05-19T05:39:51.977Z] [info] Processing mapping 7/20 for stable_hash_id f31f5e5473bc8dabfe1133d2efe26543
[2025-05-19T05:39:51.977Z] [info] Fetching packages for stable_hash_id: f31f5e5473bc8dabfe1133d2efe26543
[2025-05-19T05:39:52.047Z] [error] Error using database function: structure of query does not match function result type
[2025-05-19T05:39:52.047Z] [info] No packages found for stable_hash_id f31f5e5473bc8dabfe1133d2efe26543
[2025-05-19T05:39:52.048Z] [info] Processing mapping 8/20 for stable_hash_id 3e989127d0a3b146f75973d11f526449
[2025-05-19T05:39:52.048Z] [info] Fetching packages for stable_hash_id: 3e989127d0a3b146f75973d11f526449
[2025-05-19T05:39:52.122Z] [error] Error using database function: structure of query does not match function result type
[2025-05-19T05:39:52.122Z] [info] No packages found for stable_hash_id 3e989127d0a3b146f75973d11f526449
[2025-05-19T05:39:52.122Z] [info] Processing mapping 9/20 for stable_hash_id 0b5407a660d31ca49f3ea181809c0230
[2025-05-19T05:39:52.122Z] [info] Fetching packages for stable_hash_id: 0b5407a660d31ca49f3ea181809c0230
[2025-05-19T05:39:52.185Z] [error] Error using database function: structure of query does not match function result type
[2025-05-19T05:39:52.186Z] [info] No packages found for stable_hash_id 0b5407a660d31ca49f3ea181809c0230
[2025-05-19T05:39:52.186Z] [info] Processing mapping 10/20 for stable_hash_id c7041bea42c6394fc0cd4d3315d2a391
[2025-05-19T05:39:52.186Z] [info] Fetching packages for stable_hash_id: c7041bea42c6394fc0cd4d3315d2a391
[2025-05-19T05:39:52.254Z] [error] Error using database function: structure of query does not match function result type
[2025-05-19T05:39:52.254Z] [info] No packages found for stable_hash_id c7041bea42c6394fc0cd4d3315d2a391
[2025-05-19T05:39:52.255Z] [info] Processing mapping 11/20 for stable_hash_id b41774c91987807a71eb3889ca93989d
[2025-05-19T05:39:52.255Z] [info] Fetching packages for stable_hash_id: b41774c91987807a71eb3889ca93989d
[2025-05-19T05:39:52.327Z] [error] Error using database function: structure of query does not match function result type
[2025-05-19T05:39:52.327Z] [info] No packages found for stable_hash_id b41774c91987807a71eb3889ca93989d
[2025-05-19T05:39:52.327Z] [info] Processing mapping 12/20 for stable_hash_id 772b7d640d0468e197700710073a0d72
[2025-05-19T05:39:52.327Z] [info] Fetching packages for stable_hash_id: 772b7d640d0468e197700710073a0d72
[2025-05-19T05:39:52.394Z] [error] Error using database function: structure of query does not match function result type
[2025-05-19T05:39:52.394Z] [info] No packages found for stable_hash_id 772b7d640d0468e197700710073a0d72
[2025-05-19T05:39:52.394Z] [info] Processing mapping 13/20 for stable_hash_id f55ad167f33f77881580fbd9ff743f8a
[2025-05-19T05:39:52.395Z] [info] Fetching packages for stable_hash_id: f55ad167f33f77881580fbd9ff743f8a
[2025-05-19T05:39:52.485Z] [error] Error using database function: structure of query does not match function result type
[2025-05-19T05:39:52.486Z] [info] No packages found for stable_hash_id f55ad167f33f77881580fbd9ff743f8a
[2025-05-19T05:39:52.486Z] [info] Processing mapping 14/20 for stable_hash_id 941718824ed4c531a8a47e0c301a5475
[2025-05-19T05:39:52.486Z] [info] Fetching packages for stable_hash_id: 941718824ed4c531a8a47e0c301a5475
[2025-05-19T05:39:52.559Z] [error] Error using database function: structure of query does not match function result type
[2025-05-19T05:39:52.560Z] [info] No packages found for stable_hash_id 941718824ed4c531a8a47e0c301a5475
[2025-05-19T05:39:52.560Z] [info] Processing mapping 15/20 for stable_hash_id b6cf76a38dc79840b8143b28a25e2e7a
[2025-05-19T05:39:52.560Z] [info] Fetching packages for stable_hash_id: b6cf76a38dc79840b8143b28a25e2e7a
[2025-05-19T05:39:52.627Z] [error] Error using database function: structure of query does not match function result type
[2025-05-19T05:39:52.627Z] [info] No packages found for stable_hash_id b6cf76a38dc79840b8143b28a25e2e7a
[2025-05-19T05:39:52.628Z] [info] Processing mapping 16/20 for stable_hash_id e611f6100e45412b0681954e7651f0b7
[2025-05-19T05:39:52.628Z] [info] Fetching packages for stable_hash_id: e611f6100e45412b0681954e7651f0b7
[2025-05-19T05:39:52.704Z] [error] Error using database function: structure of query does not match function result type
[2025-05-19T05:39:52.704Z] [info] No packages found for stable_hash_id e611f6100e45412b0681954e7651f0b7
[2025-05-19T05:39:52.704Z] [info] Processing mapping 17/20 for stable_hash_id d3c7e69087ff85692024b2dba6502ba9
[2025-05-19T05:39:52.704Z] [info] Fetching packages for stable_hash_id: d3c7e69087ff85692024b2dba6502ba9
[2025-05-19T05:39:52.774Z] [error] Error using database function: structure of query does not match function result type
[2025-05-19T05:39:52.774Z] [info] No packages found for stable_hash_id d3c7e69087ff85692024b2dba6502ba9
[2025-05-19T05:39:52.775Z] [info] Processing mapping 18/20 for stable_hash_id 99342397d689062b283384dc9b47dfae
[2025-05-19T05:39:52.775Z] [info] Fetching packages for stable_hash_id: 99342397d689062b283384dc9b47dfae
[2025-05-19T05:39:52.849Z] [error] Error using database function: structure of query does not match function result type
[2025-05-19T05:39:52.850Z] [info] No packages found for stable_hash_id 99342397d689062b283384dc9b47dfae
[2025-05-19T05:39:52.850Z] [info] Processing mapping 19/20 for stable_hash_id 4c9e00be9ad6f6a8c27ca626f71b2c8b
[2025-05-19T05:39:52.851Z] [info] Fetching packages for stable_hash_id: 4c9e00be9ad6f6a8c27ca626f71b2c8b
[2025-05-19T05:39:52.930Z] [error] Error using database function: structure of query does not match function result type
[2025-05-19T05:39:52.930Z] [info] No packages found for stable_hash_id 4c9e00be9ad6f6a8c27ca626f71b2c8b
[2025-05-19T05:39:52.931Z] [info] Processing mapping 20/20 for stable_hash_id e3d5e074593733400be53f082214eb2a
[2025-05-19T05:39:52.931Z] [info] Fetching packages for stable_hash_id: e3d5e074593733400be53f082214eb2a
[2025-05-19T05:39:53.032Z] [error] Error using database function: structure of query does not match function result type
[2025-05-19T05:39:53.033Z] [info] No packages found for stable_hash_id e3d5e074593733400be53f082214eb2a
[2025-05-19T05:39:53.033Z] [info] Batch 4 complete. Taking a short break before processing the next batch...
[2025-05-19T05:39:53.547Z] [info] Processing batch 5 of 11
[2025-05-19T05:39:53.547Z] [info] Processing mapping 1/20 for stable_hash_id 1e2e346acaee71c75d1b4ced63087ede
[2025-05-19T05:39:53.548Z] [info] Fetching packages for stable_hash_id: 1e2e346acaee71c75d1b4ced63087ede
[2025-05-19T05:39:53.620Z] [error] Error using database function: structure of query does not match function result type
[2025-05-19T05:39:53.620Z] [info] No packages found for stable_hash_id 1e2e346acaee71c75d1b4ced63087ede
[2025-05-19T05:39:53.621Z] [info] Processing mapping 2/20 for stable_hash_id beb196829ade2b0990749ffcfd9788cb
[2025-05-19T05:39:53.621Z] [info] Fetching packages for stable_hash_id: beb196829ade2b0990749ffcfd9788cb
[2025-05-19T05:39:53.718Z] [error] Error using database function: structure of query does not match function result type
[2025-05-19T05:39:53.718Z] [info] No packages found for stable_hash_id beb196829ade2b0990749ffcfd9788cb
[2025-05-19T05:39:53.718Z] [info] Processing mapping 3/20 for stable_hash_id 2b819c8c8918cd5aeb71d9e3c480b95b
[2025-05-19T05:39:53.718Z] [info] Fetching packages for stable_hash_id: 2b819c8c8918cd5aeb71d9e3c480b95b
[2025-05-19T05:39:53.788Z] [error] Error using database function: structure of query does not match function result type
[2025-05-19T05:39:53.788Z] [info] No packages found for stable_hash_id 2b819c8c8918cd5aeb71d9e3c480b95b
[2025-05-19T05:39:53.788Z] [info] Processing mapping 4/20 for stable_hash_id cf970104acd70241abcf764b90c0d6a8
[2025-05-19T05:39:53.788Z] [info] Fetching packages for stable_hash_id: cf970104acd70241abcf764b90c0d6a8
[2025-05-19T05:39:53.879Z] [error] Error using database function: structure of query does not match function result type
[2025-05-19T05:39:53.879Z] [info] No packages found for stable_hash_id cf970104acd70241abcf764b90c0d6a8
[2025-05-19T05:39:53.879Z] [info] Processing mapping 5/20 for stable_hash_id 14eed9243c9a25055a2556e6bb89304a
[2025-05-19T05:39:53.880Z] [info] Fetching packages for stable_hash_id: 14eed9243c9a25055a2556e6bb89304a
[2025-05-19T05:39:53.958Z] [error] Error using database function: structure of query does not match function result type
[2025-05-19T05:39:53.958Z] [info] No packages found for stable_hash_id 14eed9243c9a25055a2556e6bb89304a
[2025-05-19T05:39:53.959Z] [info] Processing mapping 6/20 for stable_hash_id 5049da03fd8e8ec80d0f905647a221ab
[2025-05-19T05:39:53.959Z] [info] Fetching packages for stable_hash_id: 5049da03fd8e8ec80d0f905647a221ab
[2025-05-19T05:39:54.043Z] [error] Error using database function: structure of query does not match function result type
[2025-05-19T05:39:54.043Z] [info] No packages found for stable_hash_id 5049da03fd8e8ec80d0f905647a221ab
[2025-05-19T05:39:54.044Z] [info] Processing mapping 7/20 for stable_hash_id 4d0c7b91fe476a70b210895e37cd5bc2
[2025-05-19T05:39:54.044Z] [info] Fetching packages for stable_hash_id: 4d0c7b91fe476a70b210895e37cd5bc2
[2025-05-19T05:39:54.118Z] [error] Error using database function: structure of query does not match function result type
[2025-05-19T05:39:54.119Z] [info] No packages found for stable_hash_id 4d0c7b91fe476a70b210895e37cd5bc2
[2025-05-19T05:39:54.119Z] [info] Processing mapping 8/20 for stable_hash_id d5abc85f6693e84855cef01d3f9dcc69
[2025-05-19T05:39:54.119Z] [info] Fetching packages for stable_hash_id: d5abc85f6693e84855cef01d3f9dcc69
[2025-05-19T05:39:54.190Z] [error] Error using database function: structure of query does not match function result type
[2025-05-19T05:39:54.190Z] [info] No packages found for stable_hash_id d5abc85f6693e84855cef01d3f9dcc69
[2025-05-19T05:39:54.190Z] [info] Processing mapping 9/20 for stable_hash_id 3a912bb6976cd75566d89e6c1a106efc
[2025-05-19T05:39:54.190Z] [info] Fetching packages for stable_hash_id: 3a912bb6976cd75566d89e6c1a106efc
[2025-05-19T05:39:54.273Z] [error] Error using database function: structure of query does not match function result type
[2025-05-19T05:39:54.274Z] [info] No packages found for stable_hash_id 3a912bb6976cd75566d89e6c1a106efc
[2025-05-19T05:39:54.274Z] [info] Processing mapping 10/20 for stable_hash_id 09bfcf78f726381c3e1035821e448ba1
[2025-05-19T05:39:54.274Z] [info] Fetching packages for stable_hash_id: 09bfcf78f726381c3e1035821e448ba1
[2025-05-19T05:39:54.410Z] [error] Error using database function: structure of query does not match function result type
[2025-05-19T05:39:54.410Z] [info] No packages found for stable_hash_id 09bfcf78f726381c3e1035821e448ba1
[2025-05-19T05:39:54.410Z] [info] Processing mapping 11/20 for stable_hash_id 780324e4e10118915b12c9ce9dac8bc0
[2025-05-19T05:39:54.410Z] [info] Fetching packages for stable_hash_id: 780324e4e10118915b12c9ce9dac8bc0
[2025-05-19T05:39:54.485Z] [error] Error using database function: structure of query does not match function result type
[2025-05-19T05:39:54.485Z] [info] No packages found for stable_hash_id 780324e4e10118915b12c9ce9dac8bc0
[2025-05-19T05:39:54.485Z] [info] Processing mapping 12/20 for stable_hash_id 2977e196899dfc1dc9c493aaf0f26408
[2025-05-19T05:39:54.485Z] [info] Fetching packages for stable_hash_id: 2977e196899dfc1dc9c493aaf0f26408
[2025-05-19T05:39:54.567Z] [error] Error using database function: structure of query does not match function result type
[2025-05-19T05:39:54.567Z] [info] No packages found for stable_hash_id 2977e196899dfc1dc9c493aaf0f26408
[2025-05-19T05:39:54.568Z] [info] Processing mapping 13/20 for stable_hash_id 9c678dcc5dc3c326fd23e662181021fd
[2025-05-19T05:39:54.568Z] [info] Fetching packages for stable_hash_id: 9c678dcc5dc3c326fd23e662181021fd
[2025-05-19T05:39:54.693Z] [error] Error using database function: structure of query does not match function result type
[2025-05-19T05:39:54.694Z] [info] No packages found for stable_hash_id 9c678dcc5dc3c326fd23e662181021fd
[2025-05-19T05:39:54.694Z] [info] Processing mapping 14/20 for stable_hash_id c30586c7673927857169567e1ae484fb
[2025-05-19T05:39:54.694Z] [info] Fetching packages for stable_hash_id: c30586c7673927857169567e1ae484fb
[2025-05-19T05:39:54.770Z] [error] Error using database function: structure of query does not match function result type
[2025-05-19T05:39:54.770Z] [info] No packages found for stable_hash_id c30586c7673927857169567e1ae484fb
[2025-05-19T05:39:54.770Z] [info] Processing mapping 15/20 for stable_hash_id 88f02e1801c541cdd9a66b737e35367a
[2025-05-19T05:39:54.771Z] [info] Fetching packages for stable_hash_id: 88f02e1801c541cdd9a66b737e35367a
[2025-05-19T05:39:54.850Z] [error] Error using database function: structure of query does not match function result type
[2025-05-19T05:39:54.851Z] [info] No packages found for stable_hash_id 88f02e1801c541cdd9a66b737e35367a
[2025-05-19T05:39:54.851Z] [info] Processing mapping 16/20 for stable_hash_id f0f8213edfc57a38cda26e65c8d3d71b
[2025-05-19T05:39:54.851Z] [info] Fetching packages for stable_hash_id: f0f8213edfc57a38cda26e65c8d3d71b
[2025-05-19T05:39:54.935Z] [error] Error using database function: structure of query does not match function result type
[2025-05-19T05:39:54.936Z] [info] No packages found for stable_hash_id f0f8213edfc57a38cda26e65c8d3d71b
[2025-05-19T05:39:54.936Z] [info] Processing mapping 17/20 for stable_hash_id 327714c86b84ddac55d5e2c863dc7bc9
[2025-05-19T05:39:54.936Z] [info] Fetching packages for stable_hash_id: 327714c86b84ddac55d5e2c863dc7bc9
[2025-05-19T05:39:55.007Z] [error] Error using database function: structure of query does not match function result type
[2025-05-19T05:39:55.008Z] [info] No packages found for stable_hash_id 327714c86b84ddac55d5e2c863dc7bc9
[2025-05-19T05:39:55.008Z] [info] Processing mapping 18/20 for stable_hash_id 5049da03fd8e8ec80d0f905647a221ab
[2025-05-19T05:39:55.008Z] [info] Fetching packages for stable_hash_id: 5049da03fd8e8ec80d0f905647a221ab
[2025-05-19T05:39:55.095Z] [error] Error using database function: structure of query does not match function result type
[2025-05-19T05:39:55.096Z] [info] No packages found for stable_hash_id 5049da03fd8e8ec80d0f905647a221ab
[2025-05-19T05:39:55.096Z] [info] Processing mapping 19/20 for stable_hash_id 5519f179239ae268cf83ed1dfbcf7063
[2025-05-19T05:39:55.096Z] [info] Fetching packages for stable_hash_id: 5519f179239ae268cf83ed1dfbcf7063
[2025-05-19T05:39:55.174Z] [error] Error using database function: structure of query does not match function result type
[2025-05-19T05:39:55.174Z] [info] No packages found for stable_hash_id 5519f179239ae268cf83ed1dfbcf7063
[2025-05-19T05:39:55.175Z] [info] Processing mapping 20/20 for stable_hash_id 9f5354bc0a5120433f8e26b1b9524d99
[2025-05-19T05:39:55.175Z] [info] Fetching packages for stable_hash_id: 9f5354bc0a5120433f8e26b1b9524d99
[2025-05-19T05:39:55.239Z] [error] Error using database function: structure of query does not match function result type
[2025-05-19T05:39:55.239Z] [info] No packages found for stable_hash_id 9f5354bc0a5120433f8e26b1b9524d99
[2025-05-19T05:39:55.240Z] [info] Batch 5 complete. Taking a short break before processing the next batch...
[2025-05-19T05:39:55.753Z] [info] Processing batch 6 of 11
[2025-05-19T05:39:55.754Z] [info] Processing mapping 1/20 for stable_hash_id cb357bc21deeb9e03392cea11ddb24b1
[2025-05-19T05:39:55.755Z] [info] Fetching packages for stable_hash_id: cb357bc21deeb9e03392cea11ddb24b1
[2025-05-19T05:39:55.825Z] [error] Error using database function: structure of query does not match function result type
[2025-05-19T05:39:55.826Z] [info] No packages found for stable_hash_id cb357bc21deeb9e03392cea11ddb24b1
[2025-05-19T05:39:55.826Z] [info] Processing mapping 2/20 for stable_hash_id 17be3bae8e84f9fe18caea5b99db6701
[2025-05-19T05:39:55.827Z] [info] Fetching packages for stable_hash_id: 17be3bae8e84f9fe18caea5b99db6701
[2025-05-19T05:39:55.906Z] [error] Error using database function: structure of query does not match function result type
[2025-05-19T05:39:55.906Z] [info] No packages found for stable_hash_id 17be3bae8e84f9fe18caea5b99db6701
[2025-05-19T05:39:55.906Z] [info] Processing mapping 3/20 for stable_hash_id 9f5354bc0a5120433f8e26b1b9524d99
[2025-05-19T05:39:55.907Z] [info] Fetching packages for stable_hash_id: 9f5354bc0a5120433f8e26b1b9524d99
[2025-05-19T05:39:55.971Z] [error] Error using database function: structure of query does not match function result type
[2025-05-19T05:39:55.972Z] [info] No packages found for stable_hash_id 9f5354bc0a5120433f8e26b1b9524d99
[2025-05-19T05:39:55.972Z] [info] Processing mapping 4/20 for stable_hash_id 1b9ff7f2a532b1c748d45b83fb2dda75
[2025-05-19T05:39:55.972Z] [info] Fetching packages for stable_hash_id: 1b9ff7f2a532b1c748d45b83fb2dda75
[2025-05-19T05:39:56.043Z] [error] Error using database function: structure of query does not match function result type
[2025-05-19T05:39:56.043Z] [info] No packages found for stable_hash_id 1b9ff7f2a532b1c748d45b83fb2dda75
[2025-05-19T05:39:56.044Z] [info] Processing mapping 5/20 for stable_hash_id d0c6c76213185b0150ad6912d1715fa5
[2025-05-19T05:39:56.044Z] [info] Fetching packages for stable_hash_id: d0c6c76213185b0150ad6912d1715fa5
[2025-05-19T05:39:56.117Z] [error] Error using database function: structure of query does not match function result type
[2025-05-19T05:39:56.118Z] [info] No packages found for stable_hash_id d0c6c76213185b0150ad6912d1715fa5
[2025-05-19T05:39:56.118Z] [info] Processing mapping 6/20 for stable_hash_id 6cec77f05e93b8e13d62859b83f36c68
[2025-05-19T05:39:56.118Z] [info] Fetching packages for stable_hash_id: 6cec77f05e93b8e13d62859b83f36c68
[2025-05-19T05:39:56.213Z] [error] Error using database function: structure of query does not match function result type
[2025-05-19T05:39:56.213Z] [info] No packages found for stable_hash_id 6cec77f05e93b8e13d62859b83f36c68
[2025-05-19T05:39:56.214Z] [info] Processing mapping 7/20 for stable_hash_id 1b0e965d7909b1cc9648537c91834cf5
[2025-05-19T05:39:56.214Z] [info] Fetching packages for stable_hash_id: 1b0e965d7909b1cc9648537c91834cf5
[2025-05-19T05:39:56.299Z] [error] Error using database function: structure of query does not match function result type
[2025-05-19T05:39:56.299Z] [info] No packages found for stable_hash_id 1b0e965d7909b1cc9648537c91834cf5
[2025-05-19T05:39:56.300Z] [info] Processing mapping 8/20 for stable_hash_id cfb5220e9f3188ce5cd8417e3c9528b7
[2025-05-19T05:39:56.300Z] [info] Fetching packages for stable_hash_id: cfb5220e9f3188ce5cd8417e3c9528b7
[2025-05-19T05:39:56.369Z] [error] Error using database function: structure of query does not match function result type
[2025-05-19T05:39:56.370Z] [info] No packages found for stable_hash_id cfb5220e9f3188ce5cd8417e3c9528b7
[2025-05-19T05:39:56.370Z] [info] Processing mapping 9/20 for stable_hash_id d058264113127debc8b65592b1badcd4
[2025-05-19T05:39:56.370Z] [info] Fetching packages for stable_hash_id: d058264113127debc8b65592b1badcd4
[2025-05-19T05:39:56.466Z] [error] Error using database function: structure of query does not match function result type
[2025-05-19T05:39:56.466Z] [info] No packages found for stable_hash_id d058264113127debc8b65592b1badcd4
[2025-05-19T05:39:56.467Z] [info] Processing mapping 10/20 for stable_hash_id 0ce949b09b9babbf0105740385994921
[2025-05-19T05:39:56.467Z] [info] Fetching packages for stable_hash_id: 0ce949b09b9babbf0105740385994921
[2025-05-19T05:39:56.554Z] [error] Error using database function: structure of query does not match function result type
[2025-05-19T05:39:56.554Z] [info] No packages found for stable_hash_id 0ce949b09b9babbf0105740385994921
[2025-05-19T05:39:56.555Z] [info] Processing mapping 11/20 for stable_hash_id 763564ef1cf7a17b51a34cc234a6d1e9
[2025-05-19T05:39:56.555Z] [info] Fetching packages for stable_hash_id: 763564ef1cf7a17b51a34cc234a6d1e9
[2025-05-19T05:39:56.623Z] [error] Error using database function: structure of query does not match function result type
[2025-05-19T05:39:56.624Z] [info] No packages found for stable_hash_id 763564ef1cf7a17b51a34cc234a6d1e9
[2025-05-19T05:39:56.624Z] [info] Processing mapping 12/20 for stable_hash_id de91ea7770c759c8b2dd8a542f1b5377
[2025-05-19T05:39:56.624Z] [info] Fetching packages for stable_hash_id: de91ea7770c759c8b2dd8a542f1b5377
[2025-05-19T05:39:56.696Z] [error] Error using database function: structure of query does not match function result type
[2025-05-19T05:39:56.696Z] [info] No packages found for stable_hash_id de91ea7770c759c8b2dd8a542f1b5377
[2025-05-19T05:39:56.696Z] [info] Processing mapping 13/20 for stable_hash_id ccb279a7d86a472cfe86827d5f7d32e8
[2025-05-19T05:39:56.697Z] [info] Fetching packages for stable_hash_id: ccb279a7d86a472cfe86827d5f7d32e8
[2025-05-19T05:39:56.765Z] [error] Error using database function: structure of query does not match function result type
[2025-05-19T05:39:56.765Z] [info] No packages found for stable_hash_id ccb279a7d86a472cfe86827d5f7d32e8
[2025-05-19T05:39:56.765Z] [info] Processing mapping 14/20 for stable_hash_id 1b9ff7f2a532b1c748d45b83fb2dda75
[2025-05-19T05:39:56.765Z] [info] Fetching packages for stable_hash_id: 1b9ff7f2a532b1c748d45b83fb2dda75
[2025-05-19T05:39:56.859Z] [error] Error using database function: structure of query does not match function result type
[2025-05-19T05:39:56.859Z] [info] No packages found for stable_hash_id 1b9ff7f2a532b1c748d45b83fb2dda75
[2025-05-19T05:39:56.860Z] [info] Processing mapping 15/20 for stable_hash_id b47c6b5a0961397bd7383ea8e616cd04
[2025-05-19T05:39:56.860Z] [info] Fetching packages for stable_hash_id: b47c6b5a0961397bd7383ea8e616cd04
[2025-05-19T05:39:56.961Z] [error] Error using database function: structure of query does not match function result type
[2025-05-19T05:39:56.961Z] [info] No packages found for stable_hash_id b47c6b5a0961397bd7383ea8e616cd04
[2025-05-19T05:39:56.962Z] [info] Processing mapping 16/20 for stable_hash_id 7fef83680cbb8597bddf5442eabf89c4
[2025-05-19T05:39:56.962Z] [info] Fetching packages for stable_hash_id: 7fef83680cbb8597bddf5442eabf89c4
[2025-05-19T05:39:57.074Z] [error] Error using database function: structure of query does not match function result type
[2025-05-19T05:39:57.075Z] [info] No packages found for stable_hash_id 7fef83680cbb8597bddf5442eabf89c4
[2025-05-19T05:39:57.075Z] [info] Processing mapping 17/20 for stable_hash_id ee5d78fecc5921afe7517e78fe154b76
[2025-05-19T05:39:57.075Z] [info] Fetching packages for stable_hash_id: ee5d78fecc5921afe7517e78fe154b76
[2025-05-19T05:39:57.144Z] [error] Error using database function: structure of query does not match function result type
[2025-05-19T05:39:57.144Z] [info] No packages found for stable_hash_id ee5d78fecc5921afe7517e78fe154b76
[2025-05-19T05:39:57.144Z] [info] Processing mapping 18/20 for stable_hash_id cf970104acd70241abcf764b90c0d6a8
[2025-05-19T05:39:57.144Z] [info] Fetching packages for stable_hash_id: cf970104acd70241abcf764b90c0d6a8
[2025-05-19T05:39:57.231Z] [error] Error using database function: structure of query does not match function result type
[2025-05-19T05:39:57.232Z] [info] No packages found for stable_hash_id cf970104acd70241abcf764b90c0d6a8
[2025-05-19T05:39:57.232Z] [info] Processing mapping 19/20 for stable_hash_id 2a54b7e9c15ac30be4666a3acc9507a9
[2025-05-19T05:39:57.232Z] [info] Fetching packages for stable_hash_id: 2a54b7e9c15ac30be4666a3acc9507a9
[2025-05-19T05:39:57.299Z] [error] Error using database function: structure of query does not match function result type
[2025-05-19T05:39:57.299Z] [info] No packages found for stable_hash_id 2a54b7e9c15ac30be4666a3acc9507a9
[2025-05-19T05:39:57.299Z] [info] Processing mapping 20/20 for stable_hash_id c73526c59e44bb6a84c2a6da9f305d30
[2025-05-19T05:39:57.300Z] [info] Fetching packages for stable_hash_id: c73526c59e44bb6a84c2a6da9f305d30
[2025-05-19T05:39:57.372Z] [error] Error using database function: structure of query does not match function result type
[2025-05-19T05:39:57.372Z] [info] No packages found for stable_hash_id c73526c59e44bb6a84c2a6da9f305d30
[2025-05-19T05:39:57.373Z] [info] Batch 6 complete. Taking a short break before processing the next batch...
[2025-05-19T05:39:57.877Z] [info] Processing batch 7 of 11
[2025-05-19T05:39:57.878Z] [info] Processing mapping 1/20 for stable_hash_id 5fc2b95963011ecd0396610941dfe0af
[2025-05-19T05:39:57.878Z] [info] Fetching packages for stable_hash_id: 5fc2b95963011ecd0396610941dfe0af
[2025-05-19T05:39:57.946Z] [error] Error using database function: structure of query does not match function result type
[2025-05-19T05:39:57.946Z] [info] No packages found for stable_hash_id 5fc2b95963011ecd0396610941dfe0af
[2025-05-19T05:39:57.947Z] [info] Processing mapping 2/20 for stable_hash_id 75c533eedb4989be7dfb16c0ca08ecf1
[2025-05-19T05:39:57.947Z] [info] Fetching packages for stable_hash_id: 75c533eedb4989be7dfb16c0ca08ecf1
[2025-05-19T05:39:58.025Z] [error] Error using database function: structure of query does not match function result type
[2025-05-19T05:39:58.025Z] [info] No packages found for stable_hash_id 75c533eedb4989be7dfb16c0ca08ecf1
[2025-05-19T05:39:58.025Z] [info] Processing mapping 3/20 for stable_hash_id 05d9ce6ba6c1890639b980b55cb90531
[2025-05-19T05:39:58.026Z] [info] Fetching packages for stable_hash_id: 05d9ce6ba6c1890639b980b55cb90531
[2025-05-19T05:39:58.115Z] [error] Error using database function: structure of query does not match function result type
[2025-05-19T05:39:58.115Z] [info] No packages found for stable_hash_id 05d9ce6ba6c1890639b980b55cb90531
[2025-05-19T05:39:58.116Z] [info] Processing mapping 4/20 for stable_hash_id ed7a23f35f3a28960a467f13fc52e3f8
[2025-05-19T05:39:58.116Z] [info] Fetching packages for stable_hash_id: ed7a23f35f3a28960a467f13fc52e3f8
[2025-05-19T05:39:58.181Z] [error] Error using database function: structure of query does not match function result type
[2025-05-19T05:39:58.182Z] [info] No packages found for stable_hash_id ed7a23f35f3a28960a467f13fc52e3f8
[2025-05-19T05:39:58.182Z] [info] Processing mapping 5/20 for stable_hash_id 0f9982330cc45b241eada37d40bccc05
[2025-05-19T05:39:58.182Z] [info] Fetching packages for stable_hash_id: 0f9982330cc45b241eada37d40bccc05
[2025-05-19T05:39:58.271Z] [error] Error using database function: structure of query does not match function result type
[2025-05-19T05:39:58.272Z] [info] No packages found for stable_hash_id 0f9982330cc45b241eada37d40bccc05
[2025-05-19T05:39:58.272Z] [info] Processing mapping 6/20 for stable_hash_id 4bdbc2fd0377abf61b97246a26da4321
[2025-05-19T05:39:58.272Z] [info] Fetching packages for stable_hash_id: 4bdbc2fd0377abf61b97246a26da4321
[2025-05-19T05:39:58.347Z] [error] Error using database function: structure of query does not match function result type
[2025-05-19T05:39:58.347Z] [info] No packages found for stable_hash_id 4bdbc2fd0377abf61b97246a26da4321
[2025-05-19T05:39:58.347Z] [info] Processing mapping 7/20 for stable_hash_id 3753cd8ffae68775bbab6e4c4fa4e36f
[2025-05-19T05:39:58.348Z] [info] Fetching packages for stable_hash_id: 3753cd8ffae68775bbab6e4c4fa4e36f
[2025-05-19T05:39:58.418Z] [error] Error using database function: structure of query does not match function result type
[2025-05-19T05:39:58.418Z] [info] No packages found for stable_hash_id 3753cd8ffae68775bbab6e4c4fa4e36f
[2025-05-19T05:39:58.419Z] [info] Processing mapping 8/20 for stable_hash_id d058264113127debc8b65592b1badcd4
[2025-05-19T05:39:58.419Z] [info] Fetching packages for stable_hash_id: d058264113127debc8b65592b1badcd4
[2025-05-19T05:39:58.499Z] [error] Error using database function: structure of query does not match function result type
[2025-05-19T05:39:58.500Z] [info] No packages found for stable_hash_id d058264113127debc8b65592b1badcd4
[2025-05-19T05:39:58.500Z] [info] Processing mapping 9/20 for stable_hash_id a12b265c24632780e29ce1ed474b2178
[2025-05-19T05:39:58.500Z] [info] Fetching packages for stable_hash_id: a12b265c24632780e29ce1ed474b2178
[2025-05-19T05:39:58.579Z] [error] Error using database function: structure of query does not match function result type
[2025-05-19T05:39:58.579Z] [info] No packages found for stable_hash_id a12b265c24632780e29ce1ed474b2178
[2025-05-19T05:39:58.580Z] [info] Processing mapping 10/20 for stable_hash_id c760cf8ddb5ecca78fbcdd8e13297f19
[2025-05-19T05:39:58.580Z] [info] Fetching packages for stable_hash_id: c760cf8ddb5ecca78fbcdd8e13297f19
[2025-05-19T05:39:58.654Z] [error] Error using database function: structure of query does not match function result type
[2025-05-19T05:39:58.655Z] [info] No packages found for stable_hash_id c760cf8ddb5ecca78fbcdd8e13297f19
[2025-05-19T05:39:58.655Z] [info] Processing mapping 11/20 for stable_hash_id a5b6b64d589db89e19d8946cef7c5924
[2025-05-19T05:39:58.655Z] [info] Fetching packages for stable_hash_id: a5b6b64d589db89e19d8946cef7c5924
[2025-05-19T05:39:58.736Z] [error] Error using database function: structure of query does not match function result type
[2025-05-19T05:39:58.737Z] [info] No packages found for stable_hash_id a5b6b64d589db89e19d8946cef7c5924
[2025-05-19T05:39:58.737Z] [info] Processing mapping 12/20 for stable_hash_id 71894a933748e25f0b955b19a1a800f0
[2025-05-19T05:39:58.737Z] [info] Fetching packages for stable_hash_id: 71894a933748e25f0b955b19a1a800f0
[2025-05-19T05:39:58.807Z] [error] Error using database function: structure of query does not match function result type
[2025-05-19T05:39:58.808Z] [info] No packages found for stable_hash_id 71894a933748e25f0b955b19a1a800f0
[2025-05-19T05:39:58.809Z] [info] Processing mapping 13/20 for stable_hash_id 42f928dbcfd9b1936974f3498d2e0ea0
[2025-05-19T05:39:58.809Z] [info] Fetching packages for stable_hash_id: 42f928dbcfd9b1936974f3498d2e0ea0
[2025-05-19T05:39:58.885Z] [error] Error using database function: structure of query does not match function result type
[2025-05-19T05:39:58.885Z] [info] No packages found for stable_hash_id 42f928dbcfd9b1936974f3498d2e0ea0
[2025-05-19T05:39:58.886Z] [info] Processing mapping 14/20 for stable_hash_id d42a96dac68e044fe1349699a1d19cfd
[2025-05-19T05:39:58.886Z] [info] Fetching packages for stable_hash_id: d42a96dac68e044fe1349699a1d19cfd
[2025-05-19T05:39:58.957Z] [error] Error using database function: structure of query does not match function result type
[2025-05-19T05:39:58.957Z] [info] No packages found for stable_hash_id d42a96dac68e044fe1349699a1d19cfd
[2025-05-19T05:39:58.957Z] [info] Processing mapping 15/20 for stable_hash_id 3fa278cf13161b37895241fac78a7651
[2025-05-19T05:39:58.957Z] [info] Fetching packages for stable_hash_id: 3fa278cf13161b37895241fac78a7651
[2025-05-19T05:39:59.058Z] [error] Error using database function: structure of query does not match function result type
[2025-05-19T05:39:59.058Z] [info] No packages found for stable_hash_id 3fa278cf13161b37895241fac78a7651
[2025-05-19T05:39:59.059Z] [info] Processing mapping 16/20 for stable_hash_id 952f3b4e0d833146a332af8b4147faac
[2025-05-19T05:39:59.059Z] [info] Fetching packages for stable_hash_id: 952f3b4e0d833146a332af8b4147faac
[2025-05-19T05:39:59.129Z] [error] Error using database function: structure of query does not match function result type
[2025-05-19T05:39:59.129Z] [info] No packages found for stable_hash_id 952f3b4e0d833146a332af8b4147faac
[2025-05-19T05:39:59.130Z] [info] Processing mapping 17/20 for stable_hash_id 7e2dd143bded259d90607489dbd6f98e
[2025-05-19T05:39:59.130Z] [info] Fetching packages for stable_hash_id: 7e2dd143bded259d90607489dbd6f98e
[2025-05-19T05:39:59.198Z] [error] Error using database function: structure of query does not match function result type
[2025-05-19T05:39:59.198Z] [info] No packages found for stable_hash_id 7e2dd143bded259d90607489dbd6f98e
[2025-05-19T05:39:59.199Z] [info] Processing mapping 18/20 for stable_hash_id b47c6b5a0961397bd7383ea8e616cd04
[2025-05-19T05:39:59.199Z] [info] Fetching packages for stable_hash_id: b47c6b5a0961397bd7383ea8e616cd04
[2025-05-19T05:39:59.264Z] [error] Error using database function: structure of query does not match function result type
[2025-05-19T05:39:59.265Z] [info] No packages found for stable_hash_id b47c6b5a0961397bd7383ea8e616cd04
[2025-05-19T05:39:59.265Z] [info] Processing mapping 19/20 for stable_hash_id 2255275dc345cc1a75af1885436ccdc6
[2025-05-19T05:39:59.265Z] [info] Fetching packages for stable_hash_id: 2255275dc345cc1a75af1885436ccdc6
[2025-05-19T05:39:59.335Z] [error] Error using database function: structure of query does not match function result type
[2025-05-19T05:39:59.335Z] [info] No packages found for stable_hash_id 2255275dc345cc1a75af1885436ccdc6
[2025-05-19T05:39:59.336Z] [info] Processing mapping 20/20 for stable_hash_id 704dea8929306c8d9599207637042596
[2025-05-19T05:39:59.336Z] [info] Fetching packages for stable_hash_id: 704dea8929306c8d9599207637042596
[2025-05-19T05:39:59.426Z] [error] Error using database function: structure of query does not match function result type
[2025-05-19T05:39:59.426Z] [info] No packages found for stable_hash_id 704dea8929306c8d9599207637042596
[2025-05-19T05:39:59.427Z] [info] Batch 7 complete. Taking a short break before processing the next batch...
[2025-05-19T05:39:59.937Z] [info] Processing batch 8 of 11
[2025-05-19T05:39:59.937Z] [info] Processing mapping 1/20 for stable_hash_id c30586c7673927857169567e1ae484fb
[2025-05-19T05:39:59.938Z] [info] Fetching packages for stable_hash_id: c30586c7673927857169567e1ae484fb
[2025-05-19T05:40:00.014Z] [error] Error using database function: structure of query does not match function result type
[2025-05-19T05:40:00.014Z] [info] No packages found for stable_hash_id c30586c7673927857169567e1ae484fb
[2025-05-19T05:40:00.015Z] [info] Processing mapping 2/20 for stable_hash_id 6b349d54a0e9f06fe6904be64f3be67a
[2025-05-19T05:40:00.015Z] [info] Fetching packages for stable_hash_id: 6b349d54a0e9f06fe6904be64f3be67a
[2025-05-19T05:40:00.085Z] [error] Error using database function: structure of query does not match function result type
[2025-05-19T05:40:00.086Z] [info] No packages found for stable_hash_id 6b349d54a0e9f06fe6904be64f3be67a
[2025-05-19T05:40:00.086Z] [info] Processing mapping 3/20 for stable_hash_id 8b0c7792e20c376b69736f6eeda02197
[2025-05-19T05:40:00.086Z] [info] Fetching packages for stable_hash_id: 8b0c7792e20c376b69736f6eeda02197
[2025-05-19T05:40:00.186Z] [error] Error using database function: structure of query does not match function result type
[2025-05-19T05:40:00.186Z] [info] No packages found for stable_hash_id 8b0c7792e20c376b69736f6eeda02197
[2025-05-19T05:40:00.187Z] [info] Processing mapping 4/20 for stable_hash_id a5b6b64d589db89e19d8946cef7c5924
[2025-05-19T05:40:00.187Z] [info] Fetching packages for stable_hash_id: a5b6b64d589db89e19d8946cef7c5924
[2025-05-19T05:40:00.267Z] [error] Error using database function: structure of query does not match function result type
[2025-05-19T05:40:00.267Z] [info] No packages found for stable_hash_id a5b6b64d589db89e19d8946cef7c5924
[2025-05-19T05:40:00.268Z] [info] Processing mapping 5/20 for stable_hash_id ab96ad96ceea786b506189f5ca783bbb
[2025-05-19T05:40:00.268Z] [info] Fetching packages for stable_hash_id: ab96ad96ceea786b506189f5ca783bbb
[2025-05-19T05:40:00.356Z] [error] Error using database function: structure of query does not match function result type
[2025-05-19T05:40:00.356Z] [info] No packages found for stable_hash_id ab96ad96ceea786b506189f5ca783bbb
[2025-05-19T05:40:00.357Z] [info] Processing mapping 6/20 for stable_hash_id 6e0d51612c87f4d22290c89ba1aba8d0
[2025-05-19T05:40:00.357Z] [info] Fetching packages for stable_hash_id: 6e0d51612c87f4d22290c89ba1aba8d0
[2025-05-19T05:40:00.427Z] [error] Error using database function: structure of query does not match function result type
[2025-05-19T05:40:00.428Z] [info] No packages found for stable_hash_id 6e0d51612c87f4d22290c89ba1aba8d0
[2025-05-19T05:40:00.428Z] [info] Processing mapping 7/20 for stable_hash_id 2d3381f13f384f2157328d8b351b51a2
[2025-05-19T05:40:00.428Z] [info] Fetching packages for stable_hash_id: 2d3381f13f384f2157328d8b351b51a2
[2025-05-19T05:40:00.495Z] [error] Error using database function: structure of query does not match function result type
[2025-05-19T05:40:00.495Z] [info] No packages found for stable_hash_id 2d3381f13f384f2157328d8b351b51a2
[2025-05-19T05:40:00.495Z] [info] Processing mapping 8/20 for stable_hash_id ef51d9bd61ba0849bfce50670993c325
[2025-05-19T05:40:00.495Z] [info] Fetching packages for stable_hash_id: ef51d9bd61ba0849bfce50670993c325
[2025-05-19T05:40:00.571Z] [error] Error using database function: structure of query does not match function result type
[2025-05-19T05:40:00.572Z] [info] No packages found for stable_hash_id ef51d9bd61ba0849bfce50670993c325
[2025-05-19T05:40:00.572Z] [info] Processing mapping 9/20 for stable_hash_id c8eda8657681197b53d718f49df96978
[2025-05-19T05:40:00.572Z] [info] Fetching packages for stable_hash_id: c8eda8657681197b53d718f49df96978
[2025-05-19T05:40:00.640Z] [error] Error using database function: structure of query does not match function result type
[2025-05-19T05:40:00.640Z] [info] No packages found for stable_hash_id c8eda8657681197b53d718f49df96978
[2025-05-19T05:40:00.641Z] [info] Processing mapping 10/20 for stable_hash_id 924846bcbea6c2f82094262c2b6d782f
[2025-05-19T05:40:00.641Z] [info] Fetching packages for stable_hash_id: 924846bcbea6c2f82094262c2b6d782f
[2025-05-19T05:40:00.778Z] [error] Error using database function: structure of query does not match function result type
[2025-05-19T05:40:00.779Z] [info] No packages found for stable_hash_id 924846bcbea6c2f82094262c2b6d782f
[2025-05-19T05:40:00.779Z] [info] Processing mapping 11/20 for stable_hash_id 18ad6d09f294b174500e7ebfcb5474ce
[2025-05-19T05:40:00.779Z] [info] Fetching packages for stable_hash_id: 18ad6d09f294b174500e7ebfcb5474ce
[2025-05-19T05:40:00.855Z] [error] Error using database function: structure of query does not match function result type
[2025-05-19T05:40:00.855Z] [info] No packages found for stable_hash_id 18ad6d09f294b174500e7ebfcb5474ce
[2025-05-19T05:40:00.855Z] [info] Processing mapping 12/20 for stable_hash_id 329f1cf517d1e4ad894019454683efb0
[2025-05-19T05:40:00.855Z] [info] Fetching packages for stable_hash_id: 329f1cf517d1e4ad894019454683efb0
[2025-05-19T05:40:00.934Z] [error] Error using database function: structure of query does not match function result type
[2025-05-19T05:40:00.934Z] [info] No packages found for stable_hash_id 329f1cf517d1e4ad894019454683efb0
[2025-05-19T05:40:00.935Z] [info] Processing mapping 13/20 for stable_hash_id df28c7c5f1675c120455efc8bc3d3218
[2025-05-19T05:40:00.935Z] [info] Fetching packages for stable_hash_id: df28c7c5f1675c120455efc8bc3d3218
[2025-05-19T05:40:01.005Z] [error] Error using database function: structure of query does not match function result type
[2025-05-19T05:40:01.005Z] [info] No packages found for stable_hash_id df28c7c5f1675c120455efc8bc3d3218
[2025-05-19T05:40:01.006Z] [info] Processing mapping 14/20 for stable_hash_id 8b40d2d8246438f9ca263f670149fe8a
[2025-05-19T05:40:01.006Z] [info] Fetching packages for stable_hash_id: 8b40d2d8246438f9ca263f670149fe8a
[2025-05-19T05:40:01.075Z] [error] Error using database function: structure of query does not match function result type
[2025-05-19T05:40:01.075Z] [info] No packages found for stable_hash_id 8b40d2d8246438f9ca263f670149fe8a
[2025-05-19T05:40:01.076Z] [info] Processing mapping 15/20 for stable_hash_id cbaca68ca6f7e5f344533a1e6605ae09
[2025-05-19T05:40:01.076Z] [info] Fetching packages for stable_hash_id: cbaca68ca6f7e5f344533a1e6605ae09
[2025-05-19T05:40:01.145Z] [error] Error using database function: structure of query does not match function result type
[2025-05-19T05:40:01.145Z] [info] No packages found for stable_hash_id cbaca68ca6f7e5f344533a1e6605ae09
[2025-05-19T05:40:01.146Z] [info] Processing mapping 16/20 for stable_hash_id 330c4edfb90eccdcb0608ec007aaf692
[2025-05-19T05:40:01.146Z] [info] Fetching packages for stable_hash_id: 330c4edfb90eccdcb0608ec007aaf692
[2025-05-19T05:40:01.228Z] [error] Error using database function: structure of query does not match function result type
[2025-05-19T05:40:01.228Z] [info] No packages found for stable_hash_id 330c4edfb90eccdcb0608ec007aaf692
[2025-05-19T05:40:01.229Z] [info] Processing mapping 17/20 for stable_hash_id a6d488b1934e78f204547cf5b984efbd
[2025-05-19T05:40:01.229Z] [info] Fetching packages for stable_hash_id: a6d488b1934e78f204547cf5b984efbd
[2025-05-19T05:40:01.296Z] [error] Error using database function: structure of query does not match function result type
[2025-05-19T05:40:01.297Z] [info] No packages found for stable_hash_id a6d488b1934e78f204547cf5b984efbd
[2025-05-19T05:40:01.297Z] [info] Processing mapping 18/20 for stable_hash_id 8b913523b0d94c9ca02652e59a6f9f81
[2025-05-19T05:40:01.297Z] [info] Fetching packages for stable_hash_id: 8b913523b0d94c9ca02652e59a6f9f81
[2025-05-19T05:40:01.366Z] [error] Error using database function: structure of query does not match function result type
[2025-05-19T05:40:01.367Z] [info] No packages found for stable_hash_id 8b913523b0d94c9ca02652e59a6f9f81
[2025-05-19T05:40:01.367Z] [info] Processing mapping 19/20 for stable_hash_id 590db25cc37065ebeb6c4841329cd2c4
[2025-05-19T05:40:01.368Z] [info] Fetching packages for stable_hash_id: 590db25cc37065ebeb6c4841329cd2c4
[2025-05-19T05:40:01.435Z] [error] Error using database function: structure of query does not match function result type
[2025-05-19T05:40:01.435Z] [info] No packages found for stable_hash_id 590db25cc37065ebeb6c4841329cd2c4
[2025-05-19T05:40:01.435Z] [info] Processing mapping 20/20 for stable_hash_id 2145f372ad6fd1bb864cc6562b0ee93e
[2025-05-19T05:40:01.435Z] [info] Fetching packages for stable_hash_id: 2145f372ad6fd1bb864cc6562b0ee93e
[2025-05-19T05:40:01.507Z] [error] Error using database function: structure of query does not match function result type
[2025-05-19T05:40:01.507Z] [info] No packages found for stable_hash_id 2145f372ad6fd1bb864cc6562b0ee93e
[2025-05-19T05:40:01.508Z] [info] Batch 8 complete. Taking a short break before processing the next batch...
[2025-05-19T05:40:02.021Z] [info] Processing batch 9 of 11
[2025-05-19T05:40:02.021Z] [info] Processing mapping 1/20 for stable_hash_id 8fae4360debb443c7cfebcc0f38897b1
[2025-05-19T05:40:02.022Z] [info] Fetching packages for stable_hash_id: 8fae4360debb443c7cfebcc0f38897b1
[2025-05-19T05:40:02.091Z] [error] Error using database function: structure of query does not match function result type
[2025-05-19T05:40:02.091Z] [info] No packages found for stable_hash_id 8fae4360debb443c7cfebcc0f38897b1
[2025-05-19T05:40:02.091Z] [info] Processing mapping 2/20 for stable_hash_id 3ca93a3d47bfeeeaca6b7cc26a9d4ece
[2025-05-19T05:40:02.091Z] [info] Fetching packages for stable_hash_id: 3ca93a3d47bfeeeaca6b7cc26a9d4ece
[2025-05-19T05:40:02.168Z] [error] Error using database function: structure of query does not match function result type
[2025-05-19T05:40:02.169Z] [info] No packages found for stable_hash_id 3ca93a3d47bfeeeaca6b7cc26a9d4ece
[2025-05-19T05:40:02.169Z] [info] Processing mapping 3/20 for stable_hash_id c75dacdeee646bdf2e609cea5462f7ce
[2025-05-19T05:40:02.169Z] [info] Fetching packages for stable_hash_id: c75dacdeee646bdf2e609cea5462f7ce
[2025-05-19T05:40:02.247Z] [error] Error using database function: structure of query does not match function result type
[2025-05-19T05:40:02.248Z] [info] No packages found for stable_hash_id c75dacdeee646bdf2e609cea5462f7ce
[2025-05-19T05:40:02.248Z] [info] Processing mapping 4/20 for stable_hash_id 9f65470ff6784c05b91ad47c68ccbf90
[2025-05-19T05:40:02.248Z] [info] Fetching packages for stable_hash_id: 9f65470ff6784c05b91ad47c68ccbf90
[2025-05-19T05:40:02.334Z] [error] Error using database function: structure of query does not match function result type
[2025-05-19T05:40:02.334Z] [info] No packages found for stable_hash_id 9f65470ff6784c05b91ad47c68ccbf90
[2025-05-19T05:40:02.335Z] [info] Processing mapping 5/20 for stable_hash_id c8108a8b36c6959306da024fd81e0b23
[2025-05-19T05:40:02.335Z] [info] Fetching packages for stable_hash_id: c8108a8b36c6959306da024fd81e0b23
[2025-05-19T05:40:02.441Z] [error] Error using database function: structure of query does not match function result type
[2025-05-19T05:40:02.442Z] [info] No packages found for stable_hash_id c8108a8b36c6959306da024fd81e0b23
[2025-05-19T05:40:02.442Z] [info] Processing mapping 6/20 for stable_hash_id 4d1b69fdd1c7cb864adbd3fbaa50e6fb
[2025-05-19T05:40:02.442Z] [info] Fetching packages for stable_hash_id: 4d1b69fdd1c7cb864adbd3fbaa50e6fb
[2025-05-19T05:40:02.530Z] [error] Error using database function: structure of query does not match function result type
[2025-05-19T05:40:02.531Z] [info] No packages found for stable_hash_id 4d1b69fdd1c7cb864adbd3fbaa50e6fb
[2025-05-19T05:40:02.531Z] [info] Processing mapping 7/20 for stable_hash_id 7b5f244367e822310d7c17ced1c488c3
[2025-05-19T05:40:02.531Z] [info] Fetching packages for stable_hash_id: 7b5f244367e822310d7c17ced1c488c3
[2025-05-19T05:40:02.605Z] [error] Error using database function: structure of query does not match function result type
[2025-05-19T05:40:02.605Z] [info] No packages found for stable_hash_id 7b5f244367e822310d7c17ced1c488c3
[2025-05-19T05:40:02.605Z] [info] Processing mapping 8/20 for stable_hash_id 5c628143be313161e4b78e351eaa7fb8
[2025-05-19T05:40:02.606Z] [info] Fetching packages for stable_hash_id: 5c628143be313161e4b78e351eaa7fb8
[2025-05-19T05:40:02.680Z] [error] Error using database function: structure of query does not match function result type
[2025-05-19T05:40:02.680Z] [info] No packages found for stable_hash_id 5c628143be313161e4b78e351eaa7fb8
[2025-05-19T05:40:02.681Z] [info] Processing mapping 9/20 for stable_hash_id ed009e47ba502e4ae808be1c31edf380
[2025-05-19T05:40:02.681Z] [info] Fetching packages for stable_hash_id: ed009e47ba502e4ae808be1c31edf380
[2025-05-19T05:40:02.756Z] [error] Error using database function: structure of query does not match function result type
[2025-05-19T05:40:02.756Z] [info] No packages found for stable_hash_id ed009e47ba502e4ae808be1c31edf380
[2025-05-19T05:40:02.757Z] [info] Processing mapping 10/20 for stable_hash_id fa54cc24ec28528fc40794eb9a7f683e
[2025-05-19T05:40:02.757Z] [info] Fetching packages for stable_hash_id: fa54cc24ec28528fc40794eb9a7f683e
[2025-05-19T05:40:02.838Z] [error] Error using database function: structure of query does not match function result type
[2025-05-19T05:40:02.839Z] [info] No packages found for stable_hash_id fa54cc24ec28528fc40794eb9a7f683e
[2025-05-19T05:40:02.839Z] [info] Processing mapping 11/20 for stable_hash_id 5fc2b95963011ecd0396610941dfe0af
[2025-05-19T05:40:02.840Z] [info] Fetching packages for stable_hash_id: 5fc2b95963011ecd0396610941dfe0af
[2025-05-19T05:40:02.912Z] [error] Error using database function: structure of query does not match function result type
[2025-05-19T05:40:02.913Z] [info] No packages found for stable_hash_id 5fc2b95963011ecd0396610941dfe0af
[2025-05-19T05:40:02.913Z] [info] Processing mapping 12/20 for stable_hash_id dc6c38c895652ab68d67ad660f3c75ca
[2025-05-19T05:40:02.913Z] [info] Fetching packages for stable_hash_id: dc6c38c895652ab68d67ad660f3c75ca
[2025-05-19T05:40:02.990Z] [error] Error using database function: structure of query does not match function result type
[2025-05-19T05:40:02.990Z] [info] No packages found for stable_hash_id dc6c38c895652ab68d67ad660f3c75ca
[2025-05-19T05:40:02.991Z] [info] Processing mapping 13/20 for stable_hash_id afbd150f0267c8cc823b2490cdcde990
[2025-05-19T05:40:02.991Z] [info] Fetching packages for stable_hash_id: afbd150f0267c8cc823b2490cdcde990
[2025-05-19T05:40:03.068Z] [error] Error using database function: structure of query does not match function result type
[2025-05-19T05:40:03.068Z] [info] No packages found for stable_hash_id afbd150f0267c8cc823b2490cdcde990
[2025-05-19T05:40:03.068Z] [info] Processing mapping 14/20 for stable_hash_id d058264113127debc8b65592b1badcd4
[2025-05-19T05:40:03.069Z] [info] Fetching packages for stable_hash_id: d058264113127debc8b65592b1badcd4
[2025-05-19T05:40:03.146Z] [error] Error using database function: structure of query does not match function result type
[2025-05-19T05:40:03.146Z] [info] No packages found for stable_hash_id d058264113127debc8b65592b1badcd4
[2025-05-19T05:40:03.146Z] [info] Processing mapping 15/20 for stable_hash_id 06b54da9e85f81c9be6e6b518fa5b4a5
[2025-05-19T05:40:03.146Z] [info] Fetching packages for stable_hash_id: 06b54da9e85f81c9be6e6b518fa5b4a5
[2025-05-19T05:40:03.219Z] [error] Error using database function: structure of query does not match function result type
[2025-05-19T05:40:03.219Z] [info] No packages found for stable_hash_id 06b54da9e85f81c9be6e6b518fa5b4a5
[2025-05-19T05:40:03.219Z] [info] Processing mapping 16/20 for stable_hash_id ed9dce7dce622ac1466fb337b9093a0f
[2025-05-19T05:40:03.220Z] [info] Fetching packages for stable_hash_id: ed9dce7dce622ac1466fb337b9093a0f
[2025-05-19T05:40:03.305Z] [error] Error using database function: structure of query does not match function result type
[2025-05-19T05:40:03.306Z] [info] No packages found for stable_hash_id ed9dce7dce622ac1466fb337b9093a0f
[2025-05-19T05:40:03.307Z] [info] Processing mapping 17/20 for stable_hash_id 35ae3d1f94b24b80c36bbac8b00cea06
[2025-05-19T05:40:03.307Z] [info] Fetching packages for stable_hash_id: 35ae3d1f94b24b80c36bbac8b00cea06
[2025-05-19T05:40:03.382Z] [error] Error using database function: structure of query does not match function result type
[2025-05-19T05:40:03.382Z] [info] No packages found for stable_hash_id 35ae3d1f94b24b80c36bbac8b00cea06
[2025-05-19T05:40:03.382Z] [info] Processing mapping 18/20 for stable_hash_id 5c628143be313161e4b78e351eaa7fb8
[2025-05-19T05:40:03.383Z] [info] Fetching packages for stable_hash_id: 5c628143be313161e4b78e351eaa7fb8
[2025-05-19T05:40:03.521Z] [error] Error using database function: structure of query does not match function result type
[2025-05-19T05:40:03.521Z] [info] No packages found for stable_hash_id 5c628143be313161e4b78e351eaa7fb8
[2025-05-19T05:40:03.521Z] [info] Processing mapping 19/20 for stable_hash_id 519cefd56a0595cd29e6a0ec1e0a6296
[2025-05-19T05:40:03.521Z] [info] Fetching packages for stable_hash_id: 519cefd56a0595cd29e6a0ec1e0a6296
[2025-05-19T05:40:03.608Z] [error] Error using database function: structure of query does not match function result type
[2025-05-19T05:40:03.609Z] [info] No packages found for stable_hash_id 519cefd56a0595cd29e6a0ec1e0a6296
[2025-05-19T05:40:03.609Z] [info] Processing mapping 20/20 for stable_hash_id 76d60d9640549be53e78dc945425a7e6
[2025-05-19T05:40:03.609Z] [info] Fetching packages for stable_hash_id: 76d60d9640549be53e78dc945425a7e6
[2025-05-19T05:40:03.688Z] [error] Error using database function: structure of query does not match function result type
[2025-05-19T05:40:03.689Z] [info] No packages found for stable_hash_id 76d60d9640549be53e78dc945425a7e6
[2025-05-19T05:40:03.689Z] [info] Batch 9 complete. Taking a short break before processing the next batch...
[2025-05-19T05:40:04.190Z] [info] Processing batch 10 of 11
[2025-05-19T05:40:04.191Z] [info] Processing mapping 1/20 for stable_hash_id b2c4aa457e390b667826b1213497bc88
[2025-05-19T05:40:04.191Z] [info] Fetching packages for stable_hash_id: b2c4aa457e390b667826b1213497bc88
[2025-05-19T05:40:04.302Z] [error] Error using database function: structure of query does not match function result type
[2025-05-19T05:40:04.303Z] [info] No packages found for stable_hash_id b2c4aa457e390b667826b1213497bc88
[2025-05-19T05:40:04.303Z] [info] Processing mapping 2/20 for stable_hash_id 2c560ea2f57c4a77a27f5a11e6cbba2e
[2025-05-19T05:40:04.303Z] [info] Fetching packages for stable_hash_id: 2c560ea2f57c4a77a27f5a11e6cbba2e
[2025-05-19T05:40:04.387Z] [error] Error using database function: structure of query does not match function result type
[2025-05-19T05:40:04.387Z] [info] No packages found for stable_hash_id 2c560ea2f57c4a77a27f5a11e6cbba2e
[2025-05-19T05:40:04.388Z] [info] Processing mapping 3/20 for stable_hash_id c597b7b7eb97321d354da189b52e26ba
[2025-05-19T05:40:04.388Z] [info] Fetching packages for stable_hash_id: c597b7b7eb97321d354da189b52e26ba
[2025-05-19T05:40:04.463Z] [error] Error using database function: structure of query does not match function result type
[2025-05-19T05:40:04.464Z] [info] No packages found for stable_hash_id c597b7b7eb97321d354da189b52e26ba
[2025-05-19T05:40:04.464Z] [info] Processing mapping 4/20 for stable_hash_id 5344941f2239aa6d3ef4af125ab31979
[2025-05-19T05:40:04.464Z] [info] Fetching packages for stable_hash_id: 5344941f2239aa6d3ef4af125ab31979
[2025-05-19T05:40:04.539Z] [error] Error using database function: structure of query does not match function result type
[2025-05-19T05:40:04.539Z] [info] No packages found for stable_hash_id 5344941f2239aa6d3ef4af125ab31979
[2025-05-19T05:40:04.540Z] [info] Processing mapping 5/20 for stable_hash_id 23da212b591b920ec99023f8e50fb4b5
[2025-05-19T05:40:04.540Z] [info] Fetching packages for stable_hash_id: 23da212b591b920ec99023f8e50fb4b5
[2025-05-19T05:40:04.628Z] [error] Error using database function: structure of query does not match function result type
[2025-05-19T05:40:04.628Z] [info] No packages found for stable_hash_id 23da212b591b920ec99023f8e50fb4b5
[2025-05-19T05:40:04.629Z] [info] Processing mapping 6/20 for stable_hash_id 25222312377e3c21f64df883d6be5e61
[2025-05-19T05:40:04.629Z] [info] Fetching packages for stable_hash_id: 25222312377e3c21f64df883d6be5e61
[2025-05-19T05:40:04.723Z] [error] Error using database function: structure of query does not match function result type
[2025-05-19T05:40:04.723Z] [info] No packages found for stable_hash_id 25222312377e3c21f64df883d6be5e61
[2025-05-19T05:40:04.724Z] [info] Processing mapping 7/20 for stable_hash_id 295eb786cceb2d66303d2c25757b02fb
[2025-05-19T05:40:04.724Z] [info] Fetching packages for stable_hash_id: 295eb786cceb2d66303d2c25757b02fb
[2025-05-19T05:40:04.801Z] [error] Error using database function: structure of query does not match function result type
[2025-05-19T05:40:04.801Z] [info] No packages found for stable_hash_id 295eb786cceb2d66303d2c25757b02fb
[2025-05-19T05:40:04.801Z] [info] Processing mapping 8/20 for stable_hash_id a12b265c24632780e29ce1ed474b2178
[2025-05-19T05:40:04.801Z] [info] Fetching packages for stable_hash_id: a12b265c24632780e29ce1ed474b2178
[2025-05-19T05:40:04.873Z] [error] Error using database function: structure of query does not match function result type
[2025-05-19T05:40:04.874Z] [info] No packages found for stable_hash_id a12b265c24632780e29ce1ed474b2178
[2025-05-19T05:40:04.875Z] [info] Processing mapping 9/20 for stable_hash_id 763564ef1cf7a17b51a34cc234a6d1e9
[2025-05-19T05:40:04.875Z] [info] Fetching packages for stable_hash_id: 763564ef1cf7a17b51a34cc234a6d1e9
[2025-05-19T05:40:04.954Z] [error] Error using database function: structure of query does not match function result type
[2025-05-19T05:40:04.954Z] [info] No packages found for stable_hash_id 763564ef1cf7a17b51a34cc234a6d1e9
[2025-05-19T05:40:04.955Z] [info] Processing mapping 10/20 for stable_hash_id a203b2974c4ae81059ed13b11ebd55e4
[2025-05-19T05:40:04.955Z] [info] Fetching packages for stable_hash_id: a203b2974c4ae81059ed13b11ebd55e4
[2025-05-19T05:40:05.040Z] [error] Error using database function: structure of query does not match function result type
[2025-05-19T05:40:05.041Z] [info] No packages found for stable_hash_id a203b2974c4ae81059ed13b11ebd55e4
[2025-05-19T05:40:05.041Z] [info] Processing mapping 11/20 for stable_hash_id eb3719a9edf03c2ebcb3deb800c0feb1
[2025-05-19T05:40:05.041Z] [info] Fetching packages for stable_hash_id: eb3719a9edf03c2ebcb3deb800c0feb1
[2025-05-19T05:40:05.131Z] [error] Error using database function: structure of query does not match function result type
[2025-05-19T05:40:05.131Z] [info] No packages found for stable_hash_id eb3719a9edf03c2ebcb3deb800c0feb1
[2025-05-19T05:40:05.132Z] [info] Processing mapping 12/20 for stable_hash_id e9d49d4a5f7d952151a7d47f6c4099a4
[2025-05-19T05:40:05.132Z] [info] Fetching packages for stable_hash_id: e9d49d4a5f7d952151a7d47f6c4099a4
[2025-05-19T05:40:05.219Z] [error] Error using database function: structure of query does not match function result type
[2025-05-19T05:40:05.219Z] [info] No packages found for stable_hash_id e9d49d4a5f7d952151a7d47f6c4099a4
[2025-05-19T05:40:05.220Z] [info] Processing mapping 13/20 for stable_hash_id 6a11037c239f2c01785756691743f4b5
[2025-05-19T05:40:05.220Z] [info] Fetching packages for stable_hash_id: 6a11037c239f2c01785756691743f4b5
[2025-05-19T05:40:05.302Z] [error] Error using database function: structure of query does not match function result type
[2025-05-19T05:40:05.302Z] [info] No packages found for stable_hash_id 6a11037c239f2c01785756691743f4b5
[2025-05-19T05:40:05.302Z] [info] Processing mapping 14/20 for stable_hash_id 075ed965b7d81991498790608a286dc3
[2025-05-19T05:40:05.302Z] [info] Fetching packages for stable_hash_id: 075ed965b7d81991498790608a286dc3
[2025-05-19T05:40:05.387Z] [error] Error using database function: structure of query does not match function result type
[2025-05-19T05:40:05.387Z] [info] No packages found for stable_hash_id 075ed965b7d81991498790608a286dc3
[2025-05-19T05:40:05.388Z] [info] Processing mapping 15/20 for stable_hash_id 2b9ce5d9ad7ebdcf9713ab0fc3e484a8
[2025-05-19T05:40:05.388Z] [info] Fetching packages for stable_hash_id: 2b9ce5d9ad7ebdcf9713ab0fc3e484a8
[2025-05-19T05:40:05.470Z] [error] Error using database function: structure of query does not match function result type
[2025-05-19T05:40:05.470Z] [info] No packages found for stable_hash_id 2b9ce5d9ad7ebdcf9713ab0fc3e484a8
[2025-05-19T05:40:05.471Z] [info] Processing mapping 16/20 for stable_hash_id a2893c51677aebff949f6385ad978242
[2025-05-19T05:40:05.471Z] [info] Fetching packages for stable_hash_id: a2893c51677aebff949f6385ad978242
[2025-05-19T05:40:05.540Z] [error] Error using database function: structure of query does not match function result type
[2025-05-19T05:40:05.540Z] [info] No packages found for stable_hash_id a2893c51677aebff949f6385ad978242
[2025-05-19T05:40:05.540Z] [info] Processing mapping 17/20 for stable_hash_id d9efebd81c21d8b3b6354a58b59f92da
[2025-05-19T05:40:05.541Z] [info] Fetching packages for stable_hash_id: d9efebd81c21d8b3b6354a58b59f92da
[2025-05-19T05:40:05.655Z] [error] Error using database function: structure of query does not match function result type
[2025-05-19T05:40:05.655Z] [info] No packages found for stable_hash_id d9efebd81c21d8b3b6354a58b59f92da
[2025-05-19T05:40:05.655Z] [info] Processing mapping 18/20 for stable_hash_id 43608cb1c7be3daa056491dec3cee040
[2025-05-19T05:40:05.655Z] [info] Fetching packages for stable_hash_id: 43608cb1c7be3daa056491dec3cee040
[2025-05-19T05:40:05.777Z] [error] Error using database function: structure of query does not match function result type
[2025-05-19T05:40:05.778Z] [info] No packages found for stable_hash_id 43608cb1c7be3daa056491dec3cee040
[2025-05-19T05:40:05.778Z] [info] Processing mapping 19/20 for stable_hash_id 070ab31d9e2ad2d4aa2ff300cfade2d2
[2025-05-19T05:40:05.778Z] [info] Fetching packages for stable_hash_id: 070ab31d9e2ad2d4aa2ff300cfade2d2
[2025-05-19T05:40:05.912Z] [error] Error using database function: structure of query does not match function result type
[2025-05-19T05:40:05.912Z] [info] No packages found for stable_hash_id 070ab31d9e2ad2d4aa2ff300cfade2d2
[2025-05-19T05:40:05.912Z] [info] Processing mapping 20/20 for stable_hash_id 24962b1dc7380cfa35f0b0e584253daa
[2025-05-19T05:40:05.912Z] [info] Fetching packages for stable_hash_id: 24962b1dc7380cfa35f0b0e584253daa
[2025-05-19T05:40:06.034Z] [error] Error using database function: structure of query does not match function result type
[2025-05-19T05:40:06.035Z] [info] No packages found for stable_hash_id 24962b1dc7380cfa35f0b0e584253daa
[2025-05-19T05:40:06.035Z] [info] Batch 10 complete. Taking a short break before processing the next batch...
[2025-05-19T05:40:06.537Z] [info] Processing batch 11 of 11
[2025-05-19T05:40:06.538Z] [info] Processing mapping 1/19 for stable_hash_id 772b7d640d0468e197700710073a0d72
[2025-05-19T05:40:06.538Z] [info] Fetching packages for stable_hash_id: 772b7d640d0468e197700710073a0d72
[2025-05-19T05:40:06.614Z] [error] Error using database function: structure of query does not match function result type
[2025-05-19T05:40:06.614Z] [info] No packages found for stable_hash_id 772b7d640d0468e197700710073a0d72
[2025-05-19T05:40:06.614Z] [info] Processing mapping 2/19 for stable_hash_id c3d4440f999192992589fa446d70fe3b
[2025-05-19T05:40:06.614Z] [info] Fetching packages for stable_hash_id: c3d4440f999192992589fa446d70fe3b
[2025-05-19T05:40:06.680Z] [error] Error using database function: structure of query does not match function result type
[2025-05-19T05:40:06.681Z] [info] No packages found for stable_hash_id c3d4440f999192992589fa446d70fe3b
[2025-05-19T05:40:06.681Z] [info] Processing mapping 3/19 for stable_hash_id 8fae4360debb443c7cfebcc0f38897b1
[2025-05-19T05:40:06.681Z] [info] Fetching packages for stable_hash_id: 8fae4360debb443c7cfebcc0f38897b1
[2025-05-19T05:40:06.766Z] [error] Error using database function: structure of query does not match function result type
[2025-05-19T05:40:06.766Z] [info] No packages found for stable_hash_id 8fae4360debb443c7cfebcc0f38897b1
[2025-05-19T05:40:06.767Z] [info] Processing mapping 4/19 for stable_hash_id 03655b1630a2f43c18fd0fd558028754
[2025-05-19T05:40:06.767Z] [info] Fetching packages for stable_hash_id: 03655b1630a2f43c18fd0fd558028754
[2025-05-19T05:40:06.858Z] [error] Error using database function: structure of query does not match function result type
[2025-05-19T05:40:06.858Z] [info] No packages found for stable_hash_id 03655b1630a2f43c18fd0fd558028754
[2025-05-19T05:40:06.858Z] [info] Processing mapping 5/19 for stable_hash_id 1d1cbf2258d1eedf67081d073d8c596b
[2025-05-19T05:40:06.858Z] [info] Fetching packages for stable_hash_id: 1d1cbf2258d1eedf67081d073d8c596b
[2025-05-19T05:40:06.928Z] [error] Error using database function: structure of query does not match function result type
[2025-05-19T05:40:06.929Z] [info] No packages found for stable_hash_id 1d1cbf2258d1eedf67081d073d8c596b
[2025-05-19T05:40:06.929Z] [info] Processing mapping 6/19 for stable_hash_id 18172219f7cb107c3cf2020d647ba92c
[2025-05-19T05:40:06.929Z] [info] Fetching packages for stable_hash_id: 18172219f7cb107c3cf2020d647ba92c
[2025-05-19T05:40:07.000Z] [error] Error using database function: structure of query does not match function result type
[2025-05-19T05:40:07.000Z] [info] No packages found for stable_hash_id 18172219f7cb107c3cf2020d647ba92c
[2025-05-19T05:40:07.001Z] [info] Processing mapping 7/19 for stable_hash_id 9531b3484cfdda0e8499a68fea9336f9
[2025-05-19T05:40:07.001Z] [info] Fetching packages for stable_hash_id: 9531b3484cfdda0e8499a68fea9336f9
[2025-05-19T05:40:07.067Z] [error] Error using database function: structure of query does not match function result type
[2025-05-19T05:40:07.067Z] [info] No packages found for stable_hash_id 9531b3484cfdda0e8499a68fea9336f9
[2025-05-19T05:40:07.067Z] [info] Processing mapping 8/19 for stable_hash_id d6eccae486c3b6a78ea9f9c3374693c6
[2025-05-19T05:40:07.068Z] [info] Fetching packages for stable_hash_id: d6eccae486c3b6a78ea9f9c3374693c6
[2025-05-19T05:40:07.160Z] [error] Error using database function: structure of query does not match function result type
[2025-05-19T05:40:07.160Z] [info] No packages found for stable_hash_id d6eccae486c3b6a78ea9f9c3374693c6
[2025-05-19T05:40:07.160Z] [info] Processing mapping 9/19 for stable_hash_id 541b9f03b52e795766a262daa3483d7b
[2025-05-19T05:40:07.160Z] [info] Fetching packages for stable_hash_id: 541b9f03b52e795766a262daa3483d7b
[2025-05-19T05:40:07.237Z] [error] Error using database function: structure of query does not match function result type
[2025-05-19T05:40:07.237Z] [info] No packages found for stable_hash_id 541b9f03b52e795766a262daa3483d7b
[2025-05-19T05:40:07.238Z] [info] Processing mapping 10/19 for stable_hash_id 0dcbe8da9597533bdff32155c04bbb66
[2025-05-19T05:40:07.238Z] [info] Fetching packages for stable_hash_id: 0dcbe8da9597533bdff32155c04bbb66
[2025-05-19T05:40:07.329Z] [error] Error using database function: structure of query does not match function result type
[2025-05-19T05:40:07.329Z] [info] No packages found for stable_hash_id 0dcbe8da9597533bdff32155c04bbb66
[2025-05-19T05:40:07.330Z] [info] Processing mapping 11/19 for stable_hash_id 815f8797539b98190dca2b41b51e3236
[2025-05-19T05:40:07.330Z] [info] Fetching packages for stable_hash_id: 815f8797539b98190dca2b41b51e3236
[2025-05-19T05:40:07.418Z] [error] Error using database function: structure of query does not match function result type
[2025-05-19T05:40:07.418Z] [info] No packages found for stable_hash_id 815f8797539b98190dca2b41b51e3236
[2025-05-19T05:40:07.419Z] [info] Processing mapping 12/19 for stable_hash_id 869338d39e32c737a50bd70132d042a7
[2025-05-19T05:40:07.419Z] [info] Fetching packages for stable_hash_id: 869338d39e32c737a50bd70132d042a7
[2025-05-19T05:40:07.488Z] [error] Error using database function: structure of query does not match function result type
[2025-05-19T05:40:07.488Z] [info] No packages found for stable_hash_id 869338d39e32c737a50bd70132d042a7
[2025-05-19T05:40:07.488Z] [info] Processing mapping 13/19 for stable_hash_id 56c935a606c5c83116a993ba23194764
[2025-05-19T05:40:07.488Z] [info] Fetching packages for stable_hash_id: 56c935a606c5c83116a993ba23194764
[2025-05-19T05:40:07.569Z] [error] Error using database function: structure of query does not match function result type
[2025-05-19T05:40:07.569Z] [info] No packages found for stable_hash_id 56c935a606c5c83116a993ba23194764
[2025-05-19T05:40:07.569Z] [info] Processing mapping 14/19 for stable_hash_id f5744016b6bf540d602c2c0ad884b3c0
[2025-05-19T05:40:07.569Z] [info] Fetching packages for stable_hash_id: f5744016b6bf540d602c2c0ad884b3c0
[2025-05-19T05:40:07.646Z] [error] Error using database function: structure of query does not match function result type
[2025-05-19T05:40:07.646Z] [info] No packages found for stable_hash_id f5744016b6bf540d602c2c0ad884b3c0
[2025-05-19T05:40:07.646Z] [info] Processing mapping 15/19 for stable_hash_id 1c5f6ed77151bbbd79585e16b642ea4c
[2025-05-19T05:40:07.647Z] [info] Fetching packages for stable_hash_id: 1c5f6ed77151bbbd79585e16b642ea4c
[2025-05-19T05:40:07.724Z] [error] Error using database function: structure of query does not match function result type
[2025-05-19T05:40:07.724Z] [info] No packages found for stable_hash_id 1c5f6ed77151bbbd79585e16b642ea4c
[2025-05-19T05:40:07.724Z] [info] Processing mapping 16/19 for stable_hash_id 528e6f77b47a72fae2527e65d5244424
[2025-05-19T05:40:07.725Z] [info] Fetching packages for stable_hash_id: 528e6f77b47a72fae2527e65d5244424
[2025-05-19T05:40:07.801Z] [error] Error using database function: structure of query does not match function result type
[2025-05-19T05:40:07.801Z] [info] No packages found for stable_hash_id 528e6f77b47a72fae2527e65d5244424
[2025-05-19T05:40:07.801Z] [info] Processing mapping 17/19 for stable_hash_id 5993ab6fe1f3212b5ccd891b6bc78230
[2025-05-19T05:40:07.801Z] [info] Fetching packages for stable_hash_id: 5993ab6fe1f3212b5ccd891b6bc78230
[2025-05-19T05:40:07.905Z] [error] Error using database function: structure of query does not match function result type
[2025-05-19T05:40:07.905Z] [info] No packages found for stable_hash_id 5993ab6fe1f3212b5ccd891b6bc78230
[2025-05-19T05:40:07.906Z] [info] Processing mapping 18/19 for stable_hash_id 24592bdbaeaeb34bb32c7d37eec080ea
[2025-05-19T05:40:07.906Z] [info] Fetching packages for stable_hash_id: 24592bdbaeaeb34bb32c7d37eec080ea
[2025-05-19T05:40:07.973Z] [error] Error using database function: structure of query does not match function result type
[2025-05-19T05:40:07.973Z] [info] No packages found for stable_hash_id 24592bdbaeaeb34bb32c7d37eec080ea
[2025-05-19T05:40:07.974Z] [info] Processing mapping 19/19 for stable_hash_id 98076f145cc6d42d3a912f965d202173
[2025-05-19T05:40:07.974Z] [info] Fetching packages for stable_hash_id: 98076f145cc6d42d3a912f965d202173
[2025-05-19T05:40:08.054Z] [error] Error using database function: structure of query does not match function result type
[2025-05-19T05:40:08.055Z] [info] No packages found for stable_hash_id 98076f145cc6d42d3a912f965d202173
[2025-05-19T05:40:08.055Z] [info] ====== Package Sync Completed ======
[2025-05-19T05:40:08.055Z] [info] Total Mappings Processed: 219
[2025-05-19T05:40:08.055Z] [info] Total Packages Found: 0
[2025-05-19T05:40:08.056Z] [info] Total Packages Added: 0
[2025-05-19T05:40:08.056Z] [info] Total Packages Deleted: 0
[2025-05-19T05:40:08.056Z] [info] Total Errors: 0
