[2025-03-06T13:10:46.555Z] [info] Starting package sync with configuration:
{
  "batchSize": 20,
  "debugMode": false,
  "profileId": "all",
  "stableHashId": "any"
}
[2025-03-06T13:10:46.555Z] [info] Checking if crm_packages table needs schema migration...
[2025-03-06T13:10:47.232Z] [warn] Error checking if table exists: Could not find the function public.execute_sql(sql) in the schema cache
[2025-03-06T13:10:47.232Z] [info] Fetching CRM customer mappings with stable_hash_id...
[2025-03-06T13:10:47.303Z] [info] Found 63 CRM customer mappings with stable_hash_id
[2025-03-06T13:10:47.304Z] [info] Processing batch 1 of 4
[2025-03-06T13:10:47.304Z] [info] Processing mapping 1/20 for stable_hash_id d5abc85f6693e84855cef01d3f9dcc69
[2025-03-06T13:10:47.304Z] [info] Fetching packages for stable_hash_id: d5abc85f6693e84855cef01d3f9dcc69
[2025-03-06T13:10:47.929Z] [info] Found 0 packages for stable_hash_id d5abc85f6693e84855cef01d3f9dcc69
[2025-03-06T13:10:47.930Z] [info] No packages found for stable_hash_id d5abc85f6693e84855cef01d3f9dcc69
[2025-03-06T13:10:47.930Z] [info] Processing mapping 2/20 for stable_hash_id 5049da03fd8e8ec80d0f905647a221ab
[2025-03-06T13:10:47.930Z] [info] Fetching packages for stable_hash_id: 5049da03fd8e8ec80d0f905647a221ab
[2025-03-06T13:10:47.991Z] [info] Found 1 packages for stable_hash_id 5049da03fd8e8ec80d0f905647a221ab
[2025-03-06T13:10:47.992Z] [info] Syncing 1 packages for stable_hash_id 5049da03fd8e8ec80d0f905647a221ab
[2025-03-06T13:10:48.130Z] [info] Deleted 0 existing packages for stable_hash_id 5049da03fd8e8ec80d0f905647a221ab
[2025-03-06T13:10:48.222Z] [error] Error inserting new packages: null value in column "crm_customer_mapping_id" of relation "crm_packages" violates not-null constraint
[2025-03-06T13:10:48.223Z] [info] Processed 1 packages for stable_hash_id 5049da03fd8e8ec80d0f905647a221ab (Added: 0, Deleted: 0, Errors: 1)
[2025-03-06T13:10:48.223Z] [info] Processing mapping 3/20 for stable_hash_id 2bf636965d0990fae460316a2b9b1c90
[2025-03-06T13:10:48.223Z] [info] Fetching packages for stable_hash_id: 2bf636965d0990fae460316a2b9b1c90
[2025-03-06T13:10:48.289Z] [info] Found 0 packages for stable_hash_id 2bf636965d0990fae460316a2b9b1c90
[2025-03-06T13:10:48.290Z] [info] No packages found for stable_hash_id 2bf636965d0990fae460316a2b9b1c90
[2025-03-06T13:10:48.290Z] [info] Processing mapping 4/20 for stable_hash_id caf98715f73491a839151ecf3c473439
[2025-03-06T13:10:48.290Z] [info] Fetching packages for stable_hash_id: caf98715f73491a839151ecf3c473439
[2025-03-06T13:10:48.359Z] [info] Found 0 packages for stable_hash_id caf98715f73491a839151ecf3c473439
[2025-03-06T13:10:48.360Z] [info] No packages found for stable_hash_id caf98715f73491a839151ecf3c473439
[2025-03-06T13:10:48.361Z] [info] Processing mapping 5/20 for stable_hash_id cf970104acd70241abcf764b90c0d6a8
[2025-03-06T13:10:48.361Z] [info] Fetching packages for stable_hash_id: cf970104acd70241abcf764b90c0d6a8
[2025-03-06T13:10:48.430Z] [info] Found 0 packages for stable_hash_id cf970104acd70241abcf764b90c0d6a8
[2025-03-06T13:10:48.430Z] [info] No packages found for stable_hash_id cf970104acd70241abcf764b90c0d6a8
[2025-03-06T13:10:48.430Z] [info] Processing mapping 6/20 for stable_hash_id d058264113127debc8b65592b1badcd4
[2025-03-06T13:10:48.430Z] [info] Fetching packages for stable_hash_id: d058264113127debc8b65592b1badcd4
[2025-03-06T13:10:48.500Z] [info] Found 0 packages for stable_hash_id d058264113127debc8b65592b1badcd4
[2025-03-06T13:10:48.501Z] [info] No packages found for stable_hash_id d058264113127debc8b65592b1badcd4
[2025-03-06T13:10:48.501Z] [info] Processing mapping 7/20 for stable_hash_id cf970104acd70241abcf764b90c0d6a8
[2025-03-06T13:10:48.501Z] [info] Fetching packages for stable_hash_id: cf970104acd70241abcf764b90c0d6a8
[2025-03-06T13:10:48.605Z] [info] Found 0 packages for stable_hash_id cf970104acd70241abcf764b90c0d6a8
[2025-03-06T13:10:48.605Z] [info] No packages found for stable_hash_id cf970104acd70241abcf764b90c0d6a8
[2025-03-06T13:10:48.606Z] [info] Processing mapping 8/20 for stable_hash_id 519cefd56a0595cd29e6a0ec1e0a6296
[2025-03-06T13:10:48.606Z] [info] Fetching packages for stable_hash_id: 519cefd56a0595cd29e6a0ec1e0a6296
[2025-03-06T13:10:48.670Z] [info] Found 1 packages for stable_hash_id 519cefd56a0595cd29e6a0ec1e0a6296
[2025-03-06T13:10:48.670Z] [info] Syncing 1 packages for stable_hash_id 519cefd56a0595cd29e6a0ec1e0a6296
[2025-03-06T13:10:48.805Z] [info] Deleted 0 existing packages for stable_hash_id 519cefd56a0595cd29e6a0ec1e0a6296
[2025-03-06T13:10:48.868Z] [error] Error inserting new packages: null value in column "crm_customer_mapping_id" of relation "crm_packages" violates not-null constraint
[2025-03-06T13:10:48.868Z] [info] Processed 1 packages for stable_hash_id 519cefd56a0595cd29e6a0ec1e0a6296 (Added: 0, Deleted: 0, Errors: 1)
[2025-03-06T13:10:48.868Z] [info] Processing mapping 9/20 for stable_hash_id 4aae6e1c098e08a03367dc0fdfa48fb8
[2025-03-06T13:10:48.868Z] [info] Fetching packages for stable_hash_id: 4aae6e1c098e08a03367dc0fdfa48fb8
[2025-03-06T13:10:48.933Z] [info] Found 0 packages for stable_hash_id 4aae6e1c098e08a03367dc0fdfa48fb8
[2025-03-06T13:10:48.933Z] [info] No packages found for stable_hash_id 4aae6e1c098e08a03367dc0fdfa48fb8
[2025-03-06T13:10:48.933Z] [info] Processing mapping 10/20 for stable_hash_id 2255275dc345cc1a75af1885436ccdc6
[2025-03-06T13:10:48.933Z] [info] Fetching packages for stable_hash_id: 2255275dc345cc1a75af1885436ccdc6
[2025-03-06T13:10:48.999Z] [info] Found 0 packages for stable_hash_id 2255275dc345cc1a75af1885436ccdc6
[2025-03-06T13:10:48.999Z] [info] No packages found for stable_hash_id 2255275dc345cc1a75af1885436ccdc6
[2025-03-06T13:10:48.999Z] [info] Processing mapping 11/20 for stable_hash_id ef51d9bd61ba0849bfce50670993c325
[2025-03-06T13:10:49.000Z] [info] Fetching packages for stable_hash_id: ef51d9bd61ba0849bfce50670993c325
[2025-03-06T13:10:49.068Z] [info] Found 0 packages for stable_hash_id ef51d9bd61ba0849bfce50670993c325
[2025-03-06T13:10:49.068Z] [info] No packages found for stable_hash_id ef51d9bd61ba0849bfce50670993c325
[2025-03-06T13:10:49.069Z] [info] Processing mapping 12/20 for stable_hash_id 2145f372ad6fd1bb864cc6562b0ee93e
[2025-03-06T13:10:49.069Z] [info] Fetching packages for stable_hash_id: 2145f372ad6fd1bb864cc6562b0ee93e
[2025-03-06T13:10:49.130Z] [info] Found 1 packages for stable_hash_id 2145f372ad6fd1bb864cc6562b0ee93e
[2025-03-06T13:10:49.130Z] [info] Syncing 1 packages for stable_hash_id 2145f372ad6fd1bb864cc6562b0ee93e
[2025-03-06T13:10:49.263Z] [info] Deleted 0 existing packages for stable_hash_id 2145f372ad6fd1bb864cc6562b0ee93e
[2025-03-06T13:10:49.333Z] [error] Error inserting new packages: null value in column "crm_customer_mapping_id" of relation "crm_packages" violates not-null constraint
[2025-03-06T13:10:49.333Z] [info] Processed 1 packages for stable_hash_id 2145f372ad6fd1bb864cc6562b0ee93e (Added: 0, Deleted: 0, Errors: 1)
[2025-03-06T13:10:49.333Z] [info] Processing mapping 13/20 for stable_hash_id 519cefd56a0595cd29e6a0ec1e0a6296
[2025-03-06T13:10:49.333Z] [info] Fetching packages for stable_hash_id: 519cefd56a0595cd29e6a0ec1e0a6296
[2025-03-06T13:10:49.401Z] [info] Found 1 packages for stable_hash_id 519cefd56a0595cd29e6a0ec1e0a6296
[2025-03-06T13:10:49.402Z] [info] Syncing 1 packages for stable_hash_id 519cefd56a0595cd29e6a0ec1e0a6296
[2025-03-06T13:10:49.518Z] [info] Deleted 0 existing packages for stable_hash_id 519cefd56a0595cd29e6a0ec1e0a6296
[2025-03-06T13:10:49.582Z] [error] Error inserting new packages: null value in column "crm_customer_mapping_id" of relation "crm_packages" violates not-null constraint
[2025-03-06T13:10:49.583Z] [info] Processed 1 packages for stable_hash_id 519cefd56a0595cd29e6a0ec1e0a6296 (Added: 0, Deleted: 0, Errors: 1)
[2025-03-06T13:10:49.584Z] [info] Processing mapping 14/20 for stable_hash_id 4c9e00be9ad6f6a8c27ca626f71b2c8b
[2025-03-06T13:10:49.584Z] [info] Fetching packages for stable_hash_id: 4c9e00be9ad6f6a8c27ca626f71b2c8b
[2025-03-06T13:10:49.647Z] [info] Found 0 packages for stable_hash_id 4c9e00be9ad6f6a8c27ca626f71b2c8b
[2025-03-06T13:10:49.647Z] [info] No packages found for stable_hash_id 4c9e00be9ad6f6a8c27ca626f71b2c8b
[2025-03-06T13:10:49.647Z] [info] Processing mapping 15/20 for stable_hash_id 3e989127d0a3b146f75973d11f526449
[2025-03-06T13:10:49.647Z] [info] Fetching packages for stable_hash_id: 3e989127d0a3b146f75973d11f526449
[2025-03-06T13:10:49.710Z] [info] Found 1 packages for stable_hash_id 3e989127d0a3b146f75973d11f526449
[2025-03-06T13:10:49.710Z] [info] Syncing 1 packages for stable_hash_id 3e989127d0a3b146f75973d11f526449
[2025-03-06T13:10:49.851Z] [info] Deleted 0 existing packages for stable_hash_id 3e989127d0a3b146f75973d11f526449
[2025-03-06T13:10:49.922Z] [error] Error inserting new packages: null value in column "crm_customer_mapping_id" of relation "crm_packages" violates not-null constraint
[2025-03-06T13:10:49.922Z] [info] Processed 1 packages for stable_hash_id 3e989127d0a3b146f75973d11f526449 (Added: 0, Deleted: 0, Errors: 1)
[2025-03-06T13:10:49.922Z] [info] Processing mapping 16/20 for stable_hash_id a12b265c24632780e29ce1ed474b2178
[2025-03-06T13:10:49.922Z] [info] Fetching packages for stable_hash_id: a12b265c24632780e29ce1ed474b2178
[2025-03-06T13:10:49.982Z] [info] Found 0 packages for stable_hash_id a12b265c24632780e29ce1ed474b2178
[2025-03-06T13:10:49.982Z] [info] No packages found for stable_hash_id a12b265c24632780e29ce1ed474b2178
[2025-03-06T13:10:49.982Z] [info] Processing mapping 17/20 for stable_hash_id 5fc2b95963011ecd0396610941dfe0af
[2025-03-06T13:10:49.983Z] [info] Fetching packages for stable_hash_id: 5fc2b95963011ecd0396610941dfe0af
[2025-03-06T13:10:50.044Z] [info] Found 2 packages for stable_hash_id 5fc2b95963011ecd0396610941dfe0af
[2025-03-06T13:10:50.045Z] [info] Syncing 2 packages for stable_hash_id 5fc2b95963011ecd0396610941dfe0af
[2025-03-06T13:10:50.169Z] [info] Deleted 0 existing packages for stable_hash_id 5fc2b95963011ecd0396610941dfe0af
[2025-03-06T13:10:50.233Z] [error] Error inserting new packages: null value in column "crm_customer_mapping_id" of relation "crm_packages" violates not-null constraint
[2025-03-06T13:10:50.233Z] [info] Processed 2 packages for stable_hash_id 5fc2b95963011ecd0396610941dfe0af (Added: 0, Deleted: 0, Errors: 1)
[2025-03-06T13:10:50.233Z] [info] Processing mapping 18/20 for stable_hash_id a12b265c24632780e29ce1ed474b2178
[2025-03-06T13:10:50.234Z] [info] Fetching packages for stable_hash_id: a12b265c24632780e29ce1ed474b2178
[2025-03-06T13:10:50.293Z] [info] Found 0 packages for stable_hash_id a12b265c24632780e29ce1ed474b2178
[2025-03-06T13:10:50.293Z] [info] No packages found for stable_hash_id a12b265c24632780e29ce1ed474b2178
[2025-03-06T13:10:50.294Z] [info] Processing mapping 19/20 for stable_hash_id 519cefd56a0595cd29e6a0ec1e0a6296
[2025-03-06T13:10:50.295Z] [info] Fetching packages for stable_hash_id: 519cefd56a0595cd29e6a0ec1e0a6296
[2025-03-06T13:10:50.356Z] [info] Found 1 packages for stable_hash_id 519cefd56a0595cd29e6a0ec1e0a6296
[2025-03-06T13:10:50.357Z] [info] Syncing 1 packages for stable_hash_id 519cefd56a0595cd29e6a0ec1e0a6296
[2025-03-06T13:10:50.507Z] [info] Deleted 0 existing packages for stable_hash_id 519cefd56a0595cd29e6a0ec1e0a6296
[2025-03-06T13:10:50.572Z] [error] Error inserting new packages: null value in column "crm_customer_mapping_id" of relation "crm_packages" violates not-null constraint
[2025-03-06T13:10:50.572Z] [info] Processed 1 packages for stable_hash_id 519cefd56a0595cd29e6a0ec1e0a6296 (Added: 0, Deleted: 0, Errors: 1)
[2025-03-06T13:10:50.573Z] [info] Processing mapping 20/20 for stable_hash_id 772b7d640d0468e197700710073a0d72
[2025-03-06T13:10:50.573Z] [info] Fetching packages for stable_hash_id: 772b7d640d0468e197700710073a0d72
[2025-03-06T13:10:50.637Z] [info] Found 0 packages for stable_hash_id 772b7d640d0468e197700710073a0d72
[2025-03-06T13:10:50.638Z] [info] No packages found for stable_hash_id 772b7d640d0468e197700710073a0d72
[2025-03-06T13:10:50.638Z] [info] Batch 1 complete. Taking a short break before processing the next batch...
[2025-03-06T13:10:51.146Z] [info] Processing batch 2 of 4
[2025-03-06T13:10:51.146Z] [info] Processing mapping 1/20 for stable_hash_id 2a54b7e9c15ac30be4666a3acc9507a9
[2025-03-06T13:10:51.146Z] [info] Fetching packages for stable_hash_id: 2a54b7e9c15ac30be4666a3acc9507a9
[2025-03-06T13:10:51.208Z] [info] Found 1 packages for stable_hash_id 2a54b7e9c15ac30be4666a3acc9507a9
[2025-03-06T13:10:51.209Z] [info] Syncing 1 packages for stable_hash_id 2a54b7e9c15ac30be4666a3acc9507a9
[2025-03-06T13:10:51.328Z] [info] Deleted 0 existing packages for stable_hash_id 2a54b7e9c15ac30be4666a3acc9507a9
[2025-03-06T13:10:51.403Z] [error] Error inserting new packages: null value in column "crm_customer_mapping_id" of relation "crm_packages" violates not-null constraint
[2025-03-06T13:10:51.403Z] [info] Processed 1 packages for stable_hash_id 2a54b7e9c15ac30be4666a3acc9507a9 (Added: 0, Deleted: 0, Errors: 1)
[2025-03-06T13:10:51.404Z] [info] Processing mapping 2/20 for stable_hash_id 519cefd56a0595cd29e6a0ec1e0a6296
[2025-03-06T13:10:51.404Z] [info] Fetching packages for stable_hash_id: 519cefd56a0595cd29e6a0ec1e0a6296
[2025-03-06T13:10:51.465Z] [info] Found 1 packages for stable_hash_id 519cefd56a0595cd29e6a0ec1e0a6296
[2025-03-06T13:10:51.466Z] [info] Syncing 1 packages for stable_hash_id 519cefd56a0595cd29e6a0ec1e0a6296
[2025-03-06T13:10:51.588Z] [info] Deleted 0 existing packages for stable_hash_id 519cefd56a0595cd29e6a0ec1e0a6296
[2025-03-06T13:10:51.648Z] [error] Error inserting new packages: null value in column "crm_customer_mapping_id" of relation "crm_packages" violates not-null constraint
[2025-03-06T13:10:51.648Z] [info] Processed 1 packages for stable_hash_id 519cefd56a0595cd29e6a0ec1e0a6296 (Added: 0, Deleted: 0, Errors: 1)
[2025-03-06T13:10:51.648Z] [info] Processing mapping 3/20 for stable_hash_id c760cf8ddb5ecca78fbcdd8e13297f19
[2025-03-06T13:10:51.648Z] [info] Fetching packages for stable_hash_id: c760cf8ddb5ecca78fbcdd8e13297f19
[2025-03-06T13:10:51.705Z] [info] Found 1 packages for stable_hash_id c760cf8ddb5ecca78fbcdd8e13297f19
[2025-03-06T13:10:51.705Z] [info] Syncing 1 packages for stable_hash_id c760cf8ddb5ecca78fbcdd8e13297f19
[2025-03-06T13:10:51.827Z] [info] Deleted 0 existing packages for stable_hash_id c760cf8ddb5ecca78fbcdd8e13297f19
[2025-03-06T13:10:51.894Z] [error] Error inserting new packages: null value in column "crm_customer_mapping_id" of relation "crm_packages" violates not-null constraint
[2025-03-06T13:10:51.894Z] [info] Processed 1 packages for stable_hash_id c760cf8ddb5ecca78fbcdd8e13297f19 (Added: 0, Deleted: 0, Errors: 1)
[2025-03-06T13:10:51.894Z] [info] Processing mapping 4/20 for stable_hash_id 704dea8929306c8d9599207637042596
[2025-03-06T13:10:51.894Z] [info] Fetching packages for stable_hash_id: 704dea8929306c8d9599207637042596
[2025-03-06T13:10:51.956Z] [info] Found 1 packages for stable_hash_id 704dea8929306c8d9599207637042596
[2025-03-06T13:10:51.957Z] [info] Syncing 1 packages for stable_hash_id 704dea8929306c8d9599207637042596
[2025-03-06T13:10:52.074Z] [info] Deleted 0 existing packages for stable_hash_id 704dea8929306c8d9599207637042596
[2025-03-06T13:10:52.137Z] [error] Error inserting new packages: null value in column "crm_customer_mapping_id" of relation "crm_packages" violates not-null constraint
[2025-03-06T13:10:52.137Z] [info] Processed 1 packages for stable_hash_id 704dea8929306c8d9599207637042596 (Added: 0, Deleted: 0, Errors: 1)
[2025-03-06T13:10:52.137Z] [info] Processing mapping 5/20 for stable_hash_id d058264113127debc8b65592b1badcd4
[2025-03-06T13:10:52.138Z] [info] Fetching packages for stable_hash_id: d058264113127debc8b65592b1badcd4
[2025-03-06T13:10:52.196Z] [info] Found 0 packages for stable_hash_id d058264113127debc8b65592b1badcd4
[2025-03-06T13:10:52.196Z] [info] No packages found for stable_hash_id d058264113127debc8b65592b1badcd4
[2025-03-06T13:10:52.197Z] [info] Processing mapping 6/20 for stable_hash_id b47c6b5a0961397bd7383ea8e616cd04
[2025-03-06T13:10:52.197Z] [info] Fetching packages for stable_hash_id: b47c6b5a0961397bd7383ea8e616cd04
[2025-03-06T13:10:52.257Z] [info] Found 1 packages for stable_hash_id b47c6b5a0961397bd7383ea8e616cd04
[2025-03-06T13:10:52.258Z] [info] Syncing 1 packages for stable_hash_id b47c6b5a0961397bd7383ea8e616cd04
[2025-03-06T13:10:52.378Z] [info] Deleted 0 existing packages for stable_hash_id b47c6b5a0961397bd7383ea8e616cd04
[2025-03-06T13:10:52.443Z] [error] Error inserting new packages: null value in column "crm_customer_mapping_id" of relation "crm_packages" violates not-null constraint
[2025-03-06T13:10:52.444Z] [info] Processed 1 packages for stable_hash_id b47c6b5a0961397bd7383ea8e616cd04 (Added: 0, Deleted: 0, Errors: 1)
[2025-03-06T13:10:52.444Z] [info] Processing mapping 7/20 for stable_hash_id a1b63b052b62e6c08210ef13b7907802
[2025-03-06T13:10:52.444Z] [info] Fetching packages for stable_hash_id: a1b63b052b62e6c08210ef13b7907802
[2025-03-06T13:10:52.505Z] [info] Found 0 packages for stable_hash_id a1b63b052b62e6c08210ef13b7907802
[2025-03-06T13:10:52.506Z] [info] No packages found for stable_hash_id a1b63b052b62e6c08210ef13b7907802
[2025-03-06T13:10:52.506Z] [info] Processing mapping 8/20 for stable_hash_id c3d4440f999192992589fa446d70fe3b
[2025-03-06T13:10:52.506Z] [info] Fetching packages for stable_hash_id: c3d4440f999192992589fa446d70fe3b
[2025-03-06T13:10:52.566Z] [info] Found 0 packages for stable_hash_id c3d4440f999192992589fa446d70fe3b
[2025-03-06T13:10:52.566Z] [info] No packages found for stable_hash_id c3d4440f999192992589fa446d70fe3b
[2025-03-06T13:10:52.566Z] [info] Processing mapping 9/20 for stable_hash_id 8fae4360debb443c7cfebcc0f38897b1
[2025-03-06T13:10:52.567Z] [info] Fetching packages for stable_hash_id: 8fae4360debb443c7cfebcc0f38897b1
[2025-03-06T13:10:52.635Z] [info] Found 1 packages for stable_hash_id 8fae4360debb443c7cfebcc0f38897b1
[2025-03-06T13:10:52.635Z] [info] Syncing 1 packages for stable_hash_id 8fae4360debb443c7cfebcc0f38897b1
[2025-03-06T13:10:52.753Z] [info] Deleted 0 existing packages for stable_hash_id 8fae4360debb443c7cfebcc0f38897b1
[2025-03-06T13:10:52.815Z] [error] Error inserting new packages: null value in column "crm_customer_mapping_id" of relation "crm_packages" violates not-null constraint
[2025-03-06T13:10:52.815Z] [info] Processed 1 packages for stable_hash_id 8fae4360debb443c7cfebcc0f38897b1 (Added: 0, Deleted: 0, Errors: 1)
[2025-03-06T13:10:52.816Z] [info] Processing mapping 10/20 for stable_hash_id 8fae4360debb443c7cfebcc0f38897b1
[2025-03-06T13:10:52.816Z] [info] Fetching packages for stable_hash_id: 8fae4360debb443c7cfebcc0f38897b1
[2025-03-06T13:10:52.876Z] [info] Found 1 packages for stable_hash_id 8fae4360debb443c7cfebcc0f38897b1
[2025-03-06T13:10:52.876Z] [info] Syncing 1 packages for stable_hash_id 8fae4360debb443c7cfebcc0f38897b1
[2025-03-06T13:10:53.004Z] [info] Deleted 0 existing packages for stable_hash_id 8fae4360debb443c7cfebcc0f38897b1
[2025-03-06T13:10:53.062Z] [error] Error inserting new packages: null value in column "crm_customer_mapping_id" of relation "crm_packages" violates not-null constraint
[2025-03-06T13:10:53.062Z] [info] Processed 1 packages for stable_hash_id 8fae4360debb443c7cfebcc0f38897b1 (Added: 0, Deleted: 0, Errors: 1)
[2025-03-06T13:10:53.062Z] [info] Processing mapping 11/20 for stable_hash_id afbd150f0267c8cc823b2490cdcde990
[2025-03-06T13:10:53.063Z] [info] Fetching packages for stable_hash_id: afbd150f0267c8cc823b2490cdcde990
[2025-03-06T13:10:53.129Z] [info] Found 0 packages for stable_hash_id afbd150f0267c8cc823b2490cdcde990
[2025-03-06T13:10:53.129Z] [info] No packages found for stable_hash_id afbd150f0267c8cc823b2490cdcde990
[2025-03-06T13:10:53.130Z] [info] Processing mapping 12/20 for stable_hash_id 1b9ff7f2a532b1c748d45b83fb2dda75
[2025-03-06T13:10:53.131Z] [info] Fetching packages for stable_hash_id: 1b9ff7f2a532b1c748d45b83fb2dda75
[2025-03-06T13:10:53.195Z] [info] Found 1 packages for stable_hash_id 1b9ff7f2a532b1c748d45b83fb2dda75
[2025-03-06T13:10:53.195Z] [info] Syncing 1 packages for stable_hash_id 1b9ff7f2a532b1c748d45b83fb2dda75
[2025-03-06T13:10:53.311Z] [info] Deleted 0 existing packages for stable_hash_id 1b9ff7f2a532b1c748d45b83fb2dda75
[2025-03-06T13:10:53.370Z] [error] Error inserting new packages: null value in column "crm_customer_mapping_id" of relation "crm_packages" violates not-null constraint
[2025-03-06T13:10:53.371Z] [info] Processed 1 packages for stable_hash_id 1b9ff7f2a532b1c748d45b83fb2dda75 (Added: 0, Deleted: 0, Errors: 1)
[2025-03-06T13:10:53.371Z] [info] Processing mapping 13/20 for stable_hash_id 763564ef1cf7a17b51a34cc234a6d1e9
[2025-03-06T13:10:53.371Z] [info] Fetching packages for stable_hash_id: 763564ef1cf7a17b51a34cc234a6d1e9
[2025-03-06T13:10:53.429Z] [info] Found 0 packages for stable_hash_id 763564ef1cf7a17b51a34cc234a6d1e9
[2025-03-06T13:10:53.430Z] [info] No packages found for stable_hash_id 763564ef1cf7a17b51a34cc234a6d1e9
[2025-03-06T13:10:53.430Z] [info] Processing mapping 14/20 for stable_hash_id de91ea7770c759c8b2dd8a542f1b5377
[2025-03-06T13:10:53.430Z] [info] Fetching packages for stable_hash_id: de91ea7770c759c8b2dd8a542f1b5377
[2025-03-06T13:10:53.485Z] [info] Found 0 packages for stable_hash_id de91ea7770c759c8b2dd8a542f1b5377
[2025-03-06T13:10:53.485Z] [info] No packages found for stable_hash_id de91ea7770c759c8b2dd8a542f1b5377
[2025-03-06T13:10:53.486Z] [info] Processing mapping 15/20 for stable_hash_id c73526c59e44bb6a84c2a6da9f305d30
[2025-03-06T13:10:53.486Z] [info] Fetching packages for stable_hash_id: c73526c59e44bb6a84c2a6da9f305d30
[2025-03-06T13:10:53.546Z] [info] Found 0 packages for stable_hash_id c73526c59e44bb6a84c2a6da9f305d30
[2025-03-06T13:10:53.546Z] [info] No packages found for stable_hash_id c73526c59e44bb6a84c2a6da9f305d30
[2025-03-06T13:10:53.547Z] [info] Processing mapping 16/20 for stable_hash_id ccb279a7d86a472cfe86827d5f7d32e8
[2025-03-06T13:10:53.547Z] [info] Fetching packages for stable_hash_id: ccb279a7d86a472cfe86827d5f7d32e8
[2025-03-06T13:10:53.610Z] [info] Found 1 packages for stable_hash_id ccb279a7d86a472cfe86827d5f7d32e8
[2025-03-06T13:10:53.611Z] [info] Syncing 1 packages for stable_hash_id ccb279a7d86a472cfe86827d5f7d32e8
[2025-03-06T13:10:53.729Z] [info] Deleted 0 existing packages for stable_hash_id ccb279a7d86a472cfe86827d5f7d32e8
[2025-03-06T13:10:53.792Z] [error] Error inserting new packages: null value in column "crm_customer_mapping_id" of relation "crm_packages" violates not-null constraint
[2025-03-06T13:10:53.793Z] [info] Processed 1 packages for stable_hash_id ccb279a7d86a472cfe86827d5f7d32e8 (Added: 0, Deleted: 0, Errors: 1)
[2025-03-06T13:10:53.793Z] [info] Processing mapping 17/20 for stable_hash_id 76d60d9640549be53e78dc945425a7e6
[2025-03-06T13:10:53.793Z] [info] Fetching packages for stable_hash_id: 76d60d9640549be53e78dc945425a7e6
[2025-03-06T13:10:53.861Z] [info] Found 0 packages for stable_hash_id 76d60d9640549be53e78dc945425a7e6
[2025-03-06T13:10:53.862Z] [info] No packages found for stable_hash_id 76d60d9640549be53e78dc945425a7e6
[2025-03-06T13:10:53.862Z] [info] Processing mapping 18/20 for stable_hash_id 6b349d54a0e9f06fe6904be64f3be67a
[2025-03-06T13:10:53.862Z] [info] Fetching packages for stable_hash_id: 6b349d54a0e9f06fe6904be64f3be67a
[2025-03-06T13:10:53.922Z] [info] Found 0 packages for stable_hash_id 6b349d54a0e9f06fe6904be64f3be67a
[2025-03-06T13:10:53.922Z] [info] No packages found for stable_hash_id 6b349d54a0e9f06fe6904be64f3be67a
[2025-03-06T13:10:53.923Z] [info] Processing mapping 19/20 for stable_hash_id 9808abe41a49252c8b14b7fa0ce45345
[2025-03-06T13:10:53.923Z] [info] Fetching packages for stable_hash_id: 9808abe41a49252c8b14b7fa0ce45345
[2025-03-06T13:10:53.990Z] [info] Found 0 packages for stable_hash_id 9808abe41a49252c8b14b7fa0ce45345
[2025-03-06T13:10:53.991Z] [info] No packages found for stable_hash_id 9808abe41a49252c8b14b7fa0ce45345
[2025-03-06T13:10:53.991Z] [info] Processing mapping 20/20 for stable_hash_id 3a912bb6976cd75566d89e6c1a106efc
[2025-03-06T13:10:53.991Z] [info] Fetching packages for stable_hash_id: 3a912bb6976cd75566d89e6c1a106efc
[2025-03-06T13:10:54.050Z] [info] Found 0 packages for stable_hash_id 3a912bb6976cd75566d89e6c1a106efc
[2025-03-06T13:10:54.051Z] [info] No packages found for stable_hash_id 3a912bb6976cd75566d89e6c1a106efc
[2025-03-06T13:10:54.051Z] [info] Batch 2 complete. Taking a short break before processing the next batch...
[2025-03-06T13:10:54.557Z] [info] Processing batch 3 of 4
[2025-03-06T13:10:54.558Z] [info] Processing mapping 1/20 for stable_hash_id 3ca93a3d47bfeeeaca6b7cc26a9d4ece
[2025-03-06T13:10:54.558Z] [info] Fetching packages for stable_hash_id: 3ca93a3d47bfeeeaca6b7cc26a9d4ece
[2025-03-06T13:10:54.621Z] [info] Found 0 packages for stable_hash_id 3ca93a3d47bfeeeaca6b7cc26a9d4ece
[2025-03-06T13:10:54.621Z] [info] No packages found for stable_hash_id 3ca93a3d47bfeeeaca6b7cc26a9d4ece
[2025-03-06T13:10:54.622Z] [info] Processing mapping 2/20 for stable_hash_id 09bfcf78f726381c3e1035821e448ba1
[2025-03-06T13:10:54.622Z] [info] Fetching packages for stable_hash_id: 09bfcf78f726381c3e1035821e448ba1
[2025-03-06T13:10:54.683Z] [info] Found 0 packages for stable_hash_id 09bfcf78f726381c3e1035821e448ba1
[2025-03-06T13:10:54.684Z] [info] No packages found for stable_hash_id 09bfcf78f726381c3e1035821e448ba1
[2025-03-06T13:10:54.684Z] [info] Processing mapping 3/20 for stable_hash_id 72f6622d7d1a835c6e4cf8663f76780a
[2025-03-06T13:10:54.684Z] [info] Fetching packages for stable_hash_id: 72f6622d7d1a835c6e4cf8663f76780a
[2025-03-06T13:10:54.742Z] [info] Found 0 packages for stable_hash_id 72f6622d7d1a835c6e4cf8663f76780a
[2025-03-06T13:10:54.742Z] [info] No packages found for stable_hash_id 72f6622d7d1a835c6e4cf8663f76780a
[2025-03-06T13:10:54.743Z] [info] Processing mapping 4/20 for stable_hash_id 9f5354bc0a5120433f8e26b1b9524d99
[2025-03-06T13:10:54.743Z] [info] Fetching packages for stable_hash_id: 9f5354bc0a5120433f8e26b1b9524d99
[2025-03-06T13:10:54.805Z] [info] Found 0 packages for stable_hash_id 9f5354bc0a5120433f8e26b1b9524d99
[2025-03-06T13:10:54.805Z] [info] No packages found for stable_hash_id 9f5354bc0a5120433f8e26b1b9524d99
[2025-03-06T13:10:54.806Z] [info] Processing mapping 5/20 for stable_hash_id 780324e4e10118915b12c9ce9dac8bc0
[2025-03-06T13:10:54.806Z] [info] Fetching packages for stable_hash_id: 780324e4e10118915b12c9ce9dac8bc0
[2025-03-06T13:10:54.869Z] [info] Found 0 packages for stable_hash_id 780324e4e10118915b12c9ce9dac8bc0
[2025-03-06T13:10:54.869Z] [info] No packages found for stable_hash_id 780324e4e10118915b12c9ce9dac8bc0
[2025-03-06T13:10:54.869Z] [info] Processing mapping 6/20 for stable_hash_id cb357bc21deeb9e03392cea11ddb24b1
[2025-03-06T13:10:54.870Z] [info] Fetching packages for stable_hash_id: cb357bc21deeb9e03392cea11ddb24b1
[2025-03-06T13:10:54.932Z] [info] Found 0 packages for stable_hash_id cb357bc21deeb9e03392cea11ddb24b1
[2025-03-06T13:10:54.933Z] [info] No packages found for stable_hash_id cb357bc21deeb9e03392cea11ddb24b1
[2025-03-06T13:10:54.933Z] [info] Processing mapping 7/20 for stable_hash_id 2977e196899dfc1dc9c493aaf0f26408
[2025-03-06T13:10:54.934Z] [info] Fetching packages for stable_hash_id: 2977e196899dfc1dc9c493aaf0f26408
[2025-03-06T13:10:54.993Z] [info] Found 0 packages for stable_hash_id 2977e196899dfc1dc9c493aaf0f26408
[2025-03-06T13:10:54.993Z] [info] No packages found for stable_hash_id 2977e196899dfc1dc9c493aaf0f26408
[2025-03-06T13:10:54.993Z] [info] Processing mapping 8/20 for stable_hash_id 17be3bae8e84f9fe18caea5b99db6701
[2025-03-06T13:10:54.993Z] [info] Fetching packages for stable_hash_id: 17be3bae8e84f9fe18caea5b99db6701
[2025-03-06T13:10:55.051Z] [info] Found 2 packages for stable_hash_id 17be3bae8e84f9fe18caea5b99db6701
[2025-03-06T13:10:55.051Z] [info] Syncing 2 packages for stable_hash_id 17be3bae8e84f9fe18caea5b99db6701
[2025-03-06T13:10:55.173Z] [info] Deleted 0 existing packages for stable_hash_id 17be3bae8e84f9fe18caea5b99db6701
[2025-03-06T13:10:55.236Z] [error] Error inserting new packages: null value in column "crm_customer_mapping_id" of relation "crm_packages" violates not-null constraint
[2025-03-06T13:10:55.237Z] [info] Processed 2 packages for stable_hash_id 17be3bae8e84f9fe18caea5b99db6701 (Added: 0, Deleted: 0, Errors: 1)
[2025-03-06T13:10:55.237Z] [info] Processing mapping 9/20 for stable_hash_id 9c678dcc5dc3c326fd23e662181021fd
[2025-03-06T13:10:55.237Z] [info] Fetching packages for stable_hash_id: 9c678dcc5dc3c326fd23e662181021fd
[2025-03-06T13:10:55.302Z] [info] Found 0 packages for stable_hash_id 9c678dcc5dc3c326fd23e662181021fd
[2025-03-06T13:10:55.302Z] [info] No packages found for stable_hash_id 9c678dcc5dc3c326fd23e662181021fd
[2025-03-06T13:10:55.302Z] [info] Processing mapping 10/20 for stable_hash_id 9f5354bc0a5120433f8e26b1b9524d99
[2025-03-06T13:10:55.303Z] [info] Fetching packages for stable_hash_id: 9f5354bc0a5120433f8e26b1b9524d99
[2025-03-06T13:10:55.362Z] [info] Found 0 packages for stable_hash_id 9f5354bc0a5120433f8e26b1b9524d99
[2025-03-06T13:10:55.362Z] [info] No packages found for stable_hash_id 9f5354bc0a5120433f8e26b1b9524d99
[2025-03-06T13:10:55.363Z] [info] Processing mapping 11/20 for stable_hash_id c30586c7673927857169567e1ae484fb
[2025-03-06T13:10:55.363Z] [info] Fetching packages for stable_hash_id: c30586c7673927857169567e1ae484fb
[2025-03-06T13:10:55.420Z] [info] Found 0 packages for stable_hash_id c30586c7673927857169567e1ae484fb
[2025-03-06T13:10:55.421Z] [info] No packages found for stable_hash_id c30586c7673927857169567e1ae484fb
[2025-03-06T13:10:55.422Z] [info] Processing mapping 12/20 for stable_hash_id c30586c7673927857169567e1ae484fb
[2025-03-06T13:10:55.422Z] [info] Fetching packages for stable_hash_id: c30586c7673927857169567e1ae484fb
[2025-03-06T13:10:55.477Z] [info] Found 0 packages for stable_hash_id c30586c7673927857169567e1ae484fb
[2025-03-06T13:10:55.477Z] [info] No packages found for stable_hash_id c30586c7673927857169567e1ae484fb
[2025-03-06T13:10:55.477Z] [info] Processing mapping 13/20 for stable_hash_id 33194ba9e2d522b8284b620dca39a5a4
[2025-03-06T13:10:55.478Z] [info] Fetching packages for stable_hash_id: 33194ba9e2d522b8284b620dca39a5a4
[2025-03-06T13:10:55.535Z] [info] Found 1 packages for stable_hash_id 33194ba9e2d522b8284b620dca39a5a4
[2025-03-06T13:10:55.535Z] [info] Syncing 1 packages for stable_hash_id 33194ba9e2d522b8284b620dca39a5a4
[2025-03-06T13:10:55.659Z] [info] Deleted 0 existing packages for stable_hash_id 33194ba9e2d522b8284b620dca39a5a4
[2025-03-06T13:10:55.731Z] [error] Error inserting new packages: null value in column "crm_customer_mapping_id" of relation "crm_packages" violates not-null constraint
[2025-03-06T13:10:55.731Z] [info] Processed 1 packages for stable_hash_id 33194ba9e2d522b8284b620dca39a5a4 (Added: 0, Deleted: 0, Errors: 1)
[2025-03-06T13:10:55.731Z] [info] Processing mapping 14/20 for stable_hash_id 88f02e1801c541cdd9a66b737e35367a
[2025-03-06T13:10:55.731Z] [info] Fetching packages for stable_hash_id: 88f02e1801c541cdd9a66b737e35367a
[2025-03-06T13:10:55.799Z] [info] Found 0 packages for stable_hash_id 88f02e1801c541cdd9a66b737e35367a
[2025-03-06T13:10:55.799Z] [info] No packages found for stable_hash_id 88f02e1801c541cdd9a66b737e35367a
[2025-03-06T13:10:55.799Z] [info] Processing mapping 15/20 for stable_hash_id f0ece48459e2d01e97ca1675a72cdd05
[2025-03-06T13:10:55.800Z] [info] Fetching packages for stable_hash_id: f0ece48459e2d01e97ca1675a72cdd05
[2025-03-06T13:10:55.877Z] [info] Found 0 packages for stable_hash_id f0ece48459e2d01e97ca1675a72cdd05
[2025-03-06T13:10:55.878Z] [info] No packages found for stable_hash_id f0ece48459e2d01e97ca1675a72cdd05
[2025-03-06T13:10:55.878Z] [info] Processing mapping 16/20 for stable_hash_id f0f8213edfc57a38cda26e65c8d3d71b
[2025-03-06T13:10:55.878Z] [info] Fetching packages for stable_hash_id: f0f8213edfc57a38cda26e65c8d3d71b
[2025-03-06T13:10:55.955Z] [info] Found 0 packages for stable_hash_id f0f8213edfc57a38cda26e65c8d3d71b
[2025-03-06T13:10:55.956Z] [info] No packages found for stable_hash_id f0f8213edfc57a38cda26e65c8d3d71b
[2025-03-06T13:10:55.956Z] [info] Processing mapping 17/20 for stable_hash_id 6cec77f05e93b8e13d62859b83f36c68
[2025-03-06T13:10:55.956Z] [info] Fetching packages for stable_hash_id: 6cec77f05e93b8e13d62859b83f36c68
[2025-03-06T13:10:56.014Z] [info] Found 0 packages for stable_hash_id 6cec77f05e93b8e13d62859b83f36c68
[2025-03-06T13:10:56.014Z] [info] No packages found for stable_hash_id 6cec77f05e93b8e13d62859b83f36c68
[2025-03-06T13:10:56.015Z] [info] Processing mapping 18/20 for stable_hash_id 02c1dc6485a35a4b4ba8c4c073974fd3
[2025-03-06T13:10:56.016Z] [info] Fetching packages for stable_hash_id: 02c1dc6485a35a4b4ba8c4c073974fd3
[2025-03-06T13:10:56.077Z] [info] Found 0 packages for stable_hash_id 02c1dc6485a35a4b4ba8c4c073974fd3
[2025-03-06T13:10:56.078Z] [info] No packages found for stable_hash_id 02c1dc6485a35a4b4ba8c4c073974fd3
[2025-03-06T13:10:56.078Z] [info] Processing mapping 19/20 for stable_hash_id 1b9ff7f2a532b1c748d45b83fb2dda75
[2025-03-06T13:10:56.078Z] [info] Fetching packages for stable_hash_id: 1b9ff7f2a532b1c748d45b83fb2dda75
[2025-03-06T13:10:56.139Z] [info] Found 1 packages for stable_hash_id 1b9ff7f2a532b1c748d45b83fb2dda75
[2025-03-06T13:10:56.139Z] [info] Syncing 1 packages for stable_hash_id 1b9ff7f2a532b1c748d45b83fb2dda75
[2025-03-06T13:10:56.272Z] [info] Deleted 0 existing packages for stable_hash_id 1b9ff7f2a532b1c748d45b83fb2dda75
[2025-03-06T13:10:56.334Z] [error] Error inserting new packages: null value in column "crm_customer_mapping_id" of relation "crm_packages" violates not-null constraint
[2025-03-06T13:10:56.335Z] [info] Processed 1 packages for stable_hash_id 1b9ff7f2a532b1c748d45b83fb2dda75 (Added: 0, Deleted: 0, Errors: 1)
[2025-03-06T13:10:56.335Z] [info] Processing mapping 20/20 for stable_hash_id 398cd52c8dc0617d40d7a7984af98e2b
[2025-03-06T13:10:56.335Z] [info] Fetching packages for stable_hash_id: 398cd52c8dc0617d40d7a7984af98e2b
[2025-03-06T13:10:56.398Z] [info] Found 0 packages for stable_hash_id 398cd52c8dc0617d40d7a7984af98e2b
[2025-03-06T13:10:56.398Z] [info] No packages found for stable_hash_id 398cd52c8dc0617d40d7a7984af98e2b
[2025-03-06T13:10:56.398Z] [info] Batch 3 complete. Taking a short break before processing the next batch...
[2025-03-06T13:10:56.912Z] [info] Processing batch 4 of 4
[2025-03-06T13:10:56.912Z] [info] Processing mapping 1/3 for stable_hash_id e973cb0ca972a23bb2f6a2bdf37f77be
[2025-03-06T13:10:56.913Z] [info] Fetching packages for stable_hash_id: e973cb0ca972a23bb2f6a2bdf37f77be
[2025-03-06T13:10:56.975Z] [info] Found 0 packages for stable_hash_id e973cb0ca972a23bb2f6a2bdf37f77be
[2025-03-06T13:10:56.975Z] [info] No packages found for stable_hash_id e973cb0ca972a23bb2f6a2bdf37f77be
[2025-03-06T13:10:56.975Z] [info] Processing mapping 2/3 for stable_hash_id 590db25cc37065ebeb6c4841329cd2c4
[2025-03-06T13:10:56.976Z] [info] Fetching packages for stable_hash_id: 590db25cc37065ebeb6c4841329cd2c4
[2025-03-06T13:10:57.035Z] [info] Found 1 packages for stable_hash_id 590db25cc37065ebeb6c4841329cd2c4
[2025-03-06T13:10:57.035Z] [info] Syncing 1 packages for stable_hash_id 590db25cc37065ebeb6c4841329cd2c4
[2025-03-06T13:10:57.155Z] [info] Deleted 0 existing packages for stable_hash_id 590db25cc37065ebeb6c4841329cd2c4
[2025-03-06T13:10:57.216Z] [error] Error inserting new packages: null value in column "crm_customer_mapping_id" of relation "crm_packages" violates not-null constraint
[2025-03-06T13:10:57.217Z] [info] Processed 1 packages for stable_hash_id 590db25cc37065ebeb6c4841329cd2c4 (Added: 0, Deleted: 0, Errors: 1)
[2025-03-06T13:10:57.217Z] [info] Processing mapping 3/3 for stable_hash_id a203b2974c4ae81059ed13b11ebd55e4
[2025-03-06T13:10:57.217Z] [info] Fetching packages for stable_hash_id: a203b2974c4ae81059ed13b11ebd55e4
[2025-03-06T13:10:57.278Z] [info] Found 0 packages for stable_hash_id a203b2974c4ae81059ed13b11ebd55e4
[2025-03-06T13:10:57.278Z] [info] No packages found for stable_hash_id a203b2974c4ae81059ed13b11ebd55e4
[2025-03-06T13:10:57.278Z] [info] ====== Package Sync Completed ======
[2025-03-06T13:10:57.278Z] [info] Total Mappings Processed: 63
[2025-03-06T13:10:57.279Z] [info] Total Packages Found: 22
[2025-03-06T13:10:57.279Z] [info] Total Packages Added: 0
[2025-03-06T13:10:57.279Z] [info] Total Packages Deleted: 0
[2025-03-06T13:10:57.280Z] [info] Total Errors: 20
