[2025-03-06T13:13:49.971Z] [info] Starting package sync with configuration:
{
  "batchSize": 20,
  "debugMode": false,
  "profileId": "all",
  "stableHashId": "any"
}
[2025-03-06T13:13:49.971Z] [info] Checking if crm_packages table needs schema migration...
[2025-03-06T13:13:50.191Z] [warn] Error checking if table exists: Could not find the function public.execute_sql(sql) in the schema cache
[2025-03-06T13:13:50.192Z] [info] Fetching CRM customer mappings with stable_hash_id...
[2025-03-06T13:13:50.279Z] [info] Found 63 CRM customer mappings with stable_hash_id
[2025-03-06T13:13:50.280Z] [info] Processing batch 1 of 4
[2025-03-06T13:13:50.280Z] [info] Processing mapping 1/20 for stable_hash_id d5abc85f6693e84855cef01d3f9dcc69
[2025-03-06T13:13:50.280Z] [info] Fetching packages for stable_hash_id: d5abc85f6693e84855cef01d3f9dcc69
[2025-03-06T13:13:50.414Z] [info] Found 0 packages for stable_hash_id d5abc85f6693e84855cef01d3f9dcc69
[2025-03-06T13:13:50.414Z] [info] No packages found for stable_hash_id d5abc85f6693e84855cef01d3f9dcc69
[2025-03-06T13:13:50.414Z] [info] Processing mapping 2/20 for stable_hash_id 5049da03fd8e8ec80d0f905647a221ab
[2025-03-06T13:13:50.415Z] [info] Fetching packages for stable_hash_id: 5049da03fd8e8ec80d0f905647a221ab
[2025-03-06T13:13:50.483Z] [info] Found 1 packages for stable_hash_id 5049da03fd8e8ec80d0f905647a221ab
[2025-03-06T13:13:50.483Z] [info] Syncing 1 packages for stable_hash_id 5049da03fd8e8ec80d0f905647a221ab
[2025-03-06T13:13:50.610Z] [info] Deleted 0 existing packages for stable_hash_id 5049da03fd8e8ec80d0f905647a221ab
[2025-03-06T13:13:50.706Z] [info] Added 1 new packages for stable_hash_id 5049da03fd8e8ec80d0f905647a221ab
[2025-03-06T13:13:50.707Z] [info] Processed 1 packages for stable_hash_id 5049da03fd8e8ec80d0f905647a221ab (Added: 1, Deleted: 0, Errors: 0)
[2025-03-06T13:13:50.707Z] [info] Processing mapping 3/20 for stable_hash_id 2bf636965d0990fae460316a2b9b1c90
[2025-03-06T13:13:50.707Z] [info] Fetching packages for stable_hash_id: 2bf636965d0990fae460316a2b9b1c90
[2025-03-06T13:13:50.776Z] [info] Found 0 packages for stable_hash_id 2bf636965d0990fae460316a2b9b1c90
[2025-03-06T13:13:50.777Z] [info] No packages found for stable_hash_id 2bf636965d0990fae460316a2b9b1c90
[2025-03-06T13:13:50.777Z] [info] Processing mapping 4/20 for stable_hash_id caf98715f73491a839151ecf3c473439
[2025-03-06T13:13:50.777Z] [info] Fetching packages for stable_hash_id: caf98715f73491a839151ecf3c473439
[2025-03-06T13:13:50.841Z] [info] Found 0 packages for stable_hash_id caf98715f73491a839151ecf3c473439
[2025-03-06T13:13:50.841Z] [info] No packages found for stable_hash_id caf98715f73491a839151ecf3c473439
[2025-03-06T13:13:50.841Z] [info] Processing mapping 5/20 for stable_hash_id cf970104acd70241abcf764b90c0d6a8
[2025-03-06T13:13:50.841Z] [info] Fetching packages for stable_hash_id: cf970104acd70241abcf764b90c0d6a8
[2025-03-06T13:13:50.905Z] [info] Found 0 packages for stable_hash_id cf970104acd70241abcf764b90c0d6a8
[2025-03-06T13:13:50.906Z] [info] No packages found for stable_hash_id cf970104acd70241abcf764b90c0d6a8
[2025-03-06T13:13:50.906Z] [info] Processing mapping 6/20 for stable_hash_id d058264113127debc8b65592b1badcd4
[2025-03-06T13:13:50.906Z] [info] Fetching packages for stable_hash_id: d058264113127debc8b65592b1badcd4
[2025-03-06T13:13:50.966Z] [info] Found 0 packages for stable_hash_id d058264113127debc8b65592b1badcd4
[2025-03-06T13:13:50.967Z] [info] No packages found for stable_hash_id d058264113127debc8b65592b1badcd4
[2025-03-06T13:13:50.967Z] [info] Processing mapping 7/20 for stable_hash_id cf970104acd70241abcf764b90c0d6a8
[2025-03-06T13:13:50.967Z] [info] Fetching packages for stable_hash_id: cf970104acd70241abcf764b90c0d6a8
[2025-03-06T13:13:51.036Z] [info] Found 0 packages for stable_hash_id cf970104acd70241abcf764b90c0d6a8
[2025-03-06T13:13:51.037Z] [info] No packages found for stable_hash_id cf970104acd70241abcf764b90c0d6a8
[2025-03-06T13:13:51.037Z] [info] Processing mapping 8/20 for stable_hash_id 519cefd56a0595cd29e6a0ec1e0a6296
[2025-03-06T13:13:51.038Z] [info] Fetching packages for stable_hash_id: 519cefd56a0595cd29e6a0ec1e0a6296
[2025-03-06T13:13:51.101Z] [info] Found 1 packages for stable_hash_id 519cefd56a0595cd29e6a0ec1e0a6296
[2025-03-06T13:13:51.101Z] [info] Syncing 1 packages for stable_hash_id 519cefd56a0595cd29e6a0ec1e0a6296
[2025-03-06T13:13:51.229Z] [info] Deleted 0 existing packages for stable_hash_id 519cefd56a0595cd29e6a0ec1e0a6296
[2025-03-06T13:13:51.308Z] [info] Added 1 new packages for stable_hash_id 519cefd56a0595cd29e6a0ec1e0a6296
[2025-03-06T13:13:51.309Z] [info] Processed 1 packages for stable_hash_id 519cefd56a0595cd29e6a0ec1e0a6296 (Added: 1, Deleted: 0, Errors: 0)
[2025-03-06T13:13:51.309Z] [info] Processing mapping 9/20 for stable_hash_id 4aae6e1c098e08a03367dc0fdfa48fb8
[2025-03-06T13:13:51.309Z] [info] Fetching packages for stable_hash_id: 4aae6e1c098e08a03367dc0fdfa48fb8
[2025-03-06T13:13:51.403Z] [info] Found 0 packages for stable_hash_id 4aae6e1c098e08a03367dc0fdfa48fb8
[2025-03-06T13:13:51.403Z] [info] No packages found for stable_hash_id 4aae6e1c098e08a03367dc0fdfa48fb8
[2025-03-06T13:13:51.403Z] [info] Processing mapping 10/20 for stable_hash_id 2255275dc345cc1a75af1885436ccdc6
[2025-03-06T13:13:51.404Z] [info] Fetching packages for stable_hash_id: 2255275dc345cc1a75af1885436ccdc6
[2025-03-06T13:13:51.486Z] [info] Found 0 packages for stable_hash_id 2255275dc345cc1a75af1885436ccdc6
[2025-03-06T13:13:51.486Z] [info] No packages found for stable_hash_id 2255275dc345cc1a75af1885436ccdc6
[2025-03-06T13:13:51.487Z] [info] Processing mapping 11/20 for stable_hash_id ef51d9bd61ba0849bfce50670993c325
[2025-03-06T13:13:51.487Z] [info] Fetching packages for stable_hash_id: ef51d9bd61ba0849bfce50670993c325
[2025-03-06T13:13:51.568Z] [info] Found 0 packages for stable_hash_id ef51d9bd61ba0849bfce50670993c325
[2025-03-06T13:13:51.568Z] [info] No packages found for stable_hash_id ef51d9bd61ba0849bfce50670993c325
[2025-03-06T13:13:51.569Z] [info] Processing mapping 12/20 for stable_hash_id 2145f372ad6fd1bb864cc6562b0ee93e
[2025-03-06T13:13:51.569Z] [info] Fetching packages for stable_hash_id: 2145f372ad6fd1bb864cc6562b0ee93e
[2025-03-06T13:13:51.639Z] [info] Found 1 packages for stable_hash_id 2145f372ad6fd1bb864cc6562b0ee93e
[2025-03-06T13:13:51.640Z] [info] Syncing 1 packages for stable_hash_id 2145f372ad6fd1bb864cc6562b0ee93e
[2025-03-06T13:13:51.766Z] [info] Deleted 0 existing packages for stable_hash_id 2145f372ad6fd1bb864cc6562b0ee93e
[2025-03-06T13:13:51.831Z] [info] Added 1 new packages for stable_hash_id 2145f372ad6fd1bb864cc6562b0ee93e
[2025-03-06T13:13:51.831Z] [info] Processed 1 packages for stable_hash_id 2145f372ad6fd1bb864cc6562b0ee93e (Added: 1, Deleted: 0, Errors: 0)
[2025-03-06T13:13:51.831Z] [info] Processing mapping 13/20 for stable_hash_id 519cefd56a0595cd29e6a0ec1e0a6296
[2025-03-06T13:13:51.831Z] [info] Fetching packages for stable_hash_id: 519cefd56a0595cd29e6a0ec1e0a6296
[2025-03-06T13:13:51.896Z] [info] Found 1 packages for stable_hash_id 519cefd56a0595cd29e6a0ec1e0a6296
[2025-03-06T13:13:51.896Z] [info] Syncing 1 packages for stable_hash_id 519cefd56a0595cd29e6a0ec1e0a6296
[2025-03-06T13:13:52.028Z] [info] Deleted 1 existing packages for stable_hash_id 519cefd56a0595cd29e6a0ec1e0a6296
[2025-03-06T13:13:52.112Z] [info] Added 1 new packages for stable_hash_id 519cefd56a0595cd29e6a0ec1e0a6296
[2025-03-06T13:13:52.112Z] [info] Processed 1 packages for stable_hash_id 519cefd56a0595cd29e6a0ec1e0a6296 (Added: 1, Deleted: 1, Errors: 0)
[2025-03-06T13:13:52.112Z] [info] Processing mapping 14/20 for stable_hash_id 4c9e00be9ad6f6a8c27ca626f71b2c8b
[2025-03-06T13:13:52.113Z] [info] Fetching packages for stable_hash_id: 4c9e00be9ad6f6a8c27ca626f71b2c8b
[2025-03-06T13:13:52.172Z] [info] Found 0 packages for stable_hash_id 4c9e00be9ad6f6a8c27ca626f71b2c8b
[2025-03-06T13:13:52.172Z] [info] No packages found for stable_hash_id 4c9e00be9ad6f6a8c27ca626f71b2c8b
[2025-03-06T13:13:52.172Z] [info] Processing mapping 15/20 for stable_hash_id 3e989127d0a3b146f75973d11f526449
[2025-03-06T13:13:52.172Z] [info] Fetching packages for stable_hash_id: 3e989127d0a3b146f75973d11f526449
[2025-03-06T13:13:52.238Z] [info] Found 1 packages for stable_hash_id 3e989127d0a3b146f75973d11f526449
[2025-03-06T13:13:52.239Z] [info] Syncing 1 packages for stable_hash_id 3e989127d0a3b146f75973d11f526449
[2025-03-06T13:13:52.372Z] [info] Deleted 0 existing packages for stable_hash_id 3e989127d0a3b146f75973d11f526449
[2025-03-06T13:13:52.447Z] [info] Added 1 new packages for stable_hash_id 3e989127d0a3b146f75973d11f526449
[2025-03-06T13:13:52.447Z] [info] Processed 1 packages for stable_hash_id 3e989127d0a3b146f75973d11f526449 (Added: 1, Deleted: 0, Errors: 0)
[2025-03-06T13:13:52.447Z] [info] Processing mapping 16/20 for stable_hash_id a12b265c24632780e29ce1ed474b2178
[2025-03-06T13:13:52.447Z] [info] Fetching packages for stable_hash_id: a12b265c24632780e29ce1ed474b2178
[2025-03-06T13:13:52.516Z] [info] Found 0 packages for stable_hash_id a12b265c24632780e29ce1ed474b2178
[2025-03-06T13:13:52.516Z] [info] No packages found for stable_hash_id a12b265c24632780e29ce1ed474b2178
[2025-03-06T13:13:52.516Z] [info] Processing mapping 17/20 for stable_hash_id 5fc2b95963011ecd0396610941dfe0af
[2025-03-06T13:13:52.516Z] [info] Fetching packages for stable_hash_id: 5fc2b95963011ecd0396610941dfe0af
[2025-03-06T13:13:52.582Z] [info] Found 2 packages for stable_hash_id 5fc2b95963011ecd0396610941dfe0af
[2025-03-06T13:13:52.582Z] [info] Syncing 2 packages for stable_hash_id 5fc2b95963011ecd0396610941dfe0af
[2025-03-06T13:13:52.709Z] [info] Deleted 0 existing packages for stable_hash_id 5fc2b95963011ecd0396610941dfe0af
[2025-03-06T13:13:52.779Z] [info] Added 2 new packages for stable_hash_id 5fc2b95963011ecd0396610941dfe0af
[2025-03-06T13:13:52.779Z] [info] Processed 2 packages for stable_hash_id 5fc2b95963011ecd0396610941dfe0af (Added: 2, Deleted: 0, Errors: 0)
[2025-03-06T13:13:52.779Z] [info] Processing mapping 18/20 for stable_hash_id a12b265c24632780e29ce1ed474b2178
[2025-03-06T13:13:52.779Z] [info] Fetching packages for stable_hash_id: a12b265c24632780e29ce1ed474b2178
[2025-03-06T13:13:52.840Z] [info] Found 0 packages for stable_hash_id a12b265c24632780e29ce1ed474b2178
[2025-03-06T13:13:52.841Z] [info] No packages found for stable_hash_id a12b265c24632780e29ce1ed474b2178
[2025-03-06T13:13:52.841Z] [info] Processing mapping 19/20 for stable_hash_id 519cefd56a0595cd29e6a0ec1e0a6296
[2025-03-06T13:13:52.841Z] [info] Fetching packages for stable_hash_id: 519cefd56a0595cd29e6a0ec1e0a6296
[2025-03-06T13:13:52.902Z] [info] Found 1 packages for stable_hash_id 519cefd56a0595cd29e6a0ec1e0a6296
[2025-03-06T13:13:52.903Z] [info] Syncing 1 packages for stable_hash_id 519cefd56a0595cd29e6a0ec1e0a6296
[2025-03-06T13:13:53.053Z] [info] Deleted 1 existing packages for stable_hash_id 519cefd56a0595cd29e6a0ec1e0a6296
[2025-03-06T13:13:53.123Z] [info] Added 1 new packages for stable_hash_id 519cefd56a0595cd29e6a0ec1e0a6296
[2025-03-06T13:13:53.123Z] [info] Processed 1 packages for stable_hash_id 519cefd56a0595cd29e6a0ec1e0a6296 (Added: 1, Deleted: 1, Errors: 0)
[2025-03-06T13:13:53.123Z] [info] Processing mapping 20/20 for stable_hash_id 772b7d640d0468e197700710073a0d72
[2025-03-06T13:13:53.123Z] [info] Fetching packages for stable_hash_id: 772b7d640d0468e197700710073a0d72
[2025-03-06T13:13:53.188Z] [info] Found 0 packages for stable_hash_id 772b7d640d0468e197700710073a0d72
[2025-03-06T13:13:53.188Z] [info] No packages found for stable_hash_id 772b7d640d0468e197700710073a0d72
[2025-03-06T13:13:53.189Z] [info] Batch 1 complete. Taking a short break before processing the next batch...
[2025-03-06T13:13:53.705Z] [info] Processing batch 2 of 4
[2025-03-06T13:13:53.706Z] [info] Processing mapping 1/20 for stable_hash_id 2a54b7e9c15ac30be4666a3acc9507a9
[2025-03-06T13:13:53.706Z] [info] Fetching packages for stable_hash_id: 2a54b7e9c15ac30be4666a3acc9507a9
[2025-03-06T13:13:53.778Z] [info] Found 1 packages for stable_hash_id 2a54b7e9c15ac30be4666a3acc9507a9
[2025-03-06T13:13:53.779Z] [info] Syncing 1 packages for stable_hash_id 2a54b7e9c15ac30be4666a3acc9507a9
[2025-03-06T13:13:53.917Z] [info] Deleted 0 existing packages for stable_hash_id 2a54b7e9c15ac30be4666a3acc9507a9
[2025-03-06T13:13:53.980Z] [info] Added 1 new packages for stable_hash_id 2a54b7e9c15ac30be4666a3acc9507a9
[2025-03-06T13:13:53.980Z] [info] Processed 1 packages for stable_hash_id 2a54b7e9c15ac30be4666a3acc9507a9 (Added: 1, Deleted: 0, Errors: 0)
[2025-03-06T13:13:53.980Z] [info] Processing mapping 2/20 for stable_hash_id 519cefd56a0595cd29e6a0ec1e0a6296
[2025-03-06T13:13:53.980Z] [info] Fetching packages for stable_hash_id: 519cefd56a0595cd29e6a0ec1e0a6296
[2025-03-06T13:13:54.042Z] [info] Found 1 packages for stable_hash_id 519cefd56a0595cd29e6a0ec1e0a6296
[2025-03-06T13:13:54.043Z] [info] Syncing 1 packages for stable_hash_id 519cefd56a0595cd29e6a0ec1e0a6296
[2025-03-06T13:13:54.179Z] [info] Deleted 1 existing packages for stable_hash_id 519cefd56a0595cd29e6a0ec1e0a6296
[2025-03-06T13:13:54.245Z] [info] Added 1 new packages for stable_hash_id 519cefd56a0595cd29e6a0ec1e0a6296
[2025-03-06T13:13:54.245Z] [info] Processed 1 packages for stable_hash_id 519cefd56a0595cd29e6a0ec1e0a6296 (Added: 1, Deleted: 1, Errors: 0)
[2025-03-06T13:13:54.245Z] [info] Processing mapping 3/20 for stable_hash_id c760cf8ddb5ecca78fbcdd8e13297f19
[2025-03-06T13:13:54.245Z] [info] Fetching packages for stable_hash_id: c760cf8ddb5ecca78fbcdd8e13297f19
[2025-03-06T13:13:54.311Z] [info] Found 1 packages for stable_hash_id c760cf8ddb5ecca78fbcdd8e13297f19
[2025-03-06T13:13:54.312Z] [info] Syncing 1 packages for stable_hash_id c760cf8ddb5ecca78fbcdd8e13297f19
[2025-03-06T13:13:54.444Z] [info] Deleted 0 existing packages for stable_hash_id c760cf8ddb5ecca78fbcdd8e13297f19
[2025-03-06T13:13:54.533Z] [info] Added 1 new packages for stable_hash_id c760cf8ddb5ecca78fbcdd8e13297f19
[2025-03-06T13:13:54.533Z] [info] Processed 1 packages for stable_hash_id c760cf8ddb5ecca78fbcdd8e13297f19 (Added: 1, Deleted: 0, Errors: 0)
[2025-03-06T13:13:54.533Z] [info] Processing mapping 4/20 for stable_hash_id 704dea8929306c8d9599207637042596
[2025-03-06T13:13:54.534Z] [info] Fetching packages for stable_hash_id: 704dea8929306c8d9599207637042596
[2025-03-06T13:13:54.597Z] [info] Found 1 packages for stable_hash_id 704dea8929306c8d9599207637042596
[2025-03-06T13:13:54.597Z] [info] Syncing 1 packages for stable_hash_id 704dea8929306c8d9599207637042596
[2025-03-06T13:13:54.722Z] [info] Deleted 0 existing packages for stable_hash_id 704dea8929306c8d9599207637042596
[2025-03-06T13:13:54.787Z] [info] Added 1 new packages for stable_hash_id 704dea8929306c8d9599207637042596
[2025-03-06T13:13:54.787Z] [info] Processed 1 packages for stable_hash_id 704dea8929306c8d9599207637042596 (Added: 1, Deleted: 0, Errors: 0)
[2025-03-06T13:13:54.787Z] [info] Processing mapping 5/20 for stable_hash_id d058264113127debc8b65592b1badcd4
[2025-03-06T13:13:54.787Z] [info] Fetching packages for stable_hash_id: d058264113127debc8b65592b1badcd4
[2025-03-06T13:13:54.849Z] [info] Found 0 packages for stable_hash_id d058264113127debc8b65592b1badcd4
[2025-03-06T13:13:54.849Z] [info] No packages found for stable_hash_id d058264113127debc8b65592b1badcd4
[2025-03-06T13:13:54.849Z] [info] Processing mapping 6/20 for stable_hash_id b47c6b5a0961397bd7383ea8e616cd04
[2025-03-06T13:13:54.850Z] [info] Fetching packages for stable_hash_id: b47c6b5a0961397bd7383ea8e616cd04
[2025-03-06T13:13:54.910Z] [info] Found 1 packages for stable_hash_id b47c6b5a0961397bd7383ea8e616cd04
[2025-03-06T13:13:54.910Z] [info] Syncing 1 packages for stable_hash_id b47c6b5a0961397bd7383ea8e616cd04
[2025-03-06T13:13:55.050Z] [info] Deleted 0 existing packages for stable_hash_id b47c6b5a0961397bd7383ea8e616cd04
[2025-03-06T13:13:55.115Z] [info] Added 1 new packages for stable_hash_id b47c6b5a0961397bd7383ea8e616cd04
[2025-03-06T13:13:55.115Z] [info] Processed 1 packages for stable_hash_id b47c6b5a0961397bd7383ea8e616cd04 (Added: 1, Deleted: 0, Errors: 0)
[2025-03-06T13:13:55.115Z] [info] Processing mapping 7/20 for stable_hash_id a1b63b052b62e6c08210ef13b7907802
[2025-03-06T13:13:55.115Z] [info] Fetching packages for stable_hash_id: a1b63b052b62e6c08210ef13b7907802
[2025-03-06T13:13:55.178Z] [info] Found 0 packages for stable_hash_id a1b63b052b62e6c08210ef13b7907802
[2025-03-06T13:13:55.178Z] [info] No packages found for stable_hash_id a1b63b052b62e6c08210ef13b7907802
[2025-03-06T13:13:55.179Z] [info] Processing mapping 8/20 for stable_hash_id c3d4440f999192992589fa446d70fe3b
[2025-03-06T13:13:55.179Z] [info] Fetching packages for stable_hash_id: c3d4440f999192992589fa446d70fe3b
[2025-03-06T13:13:55.242Z] [info] Found 0 packages for stable_hash_id c3d4440f999192992589fa446d70fe3b
[2025-03-06T13:13:55.243Z] [info] No packages found for stable_hash_id c3d4440f999192992589fa446d70fe3b
[2025-03-06T13:13:55.243Z] [info] Processing mapping 9/20 for stable_hash_id 8fae4360debb443c7cfebcc0f38897b1
[2025-03-06T13:13:55.243Z] [info] Fetching packages for stable_hash_id: 8fae4360debb443c7cfebcc0f38897b1
[2025-03-06T13:13:55.322Z] [info] Found 1 packages for stable_hash_id 8fae4360debb443c7cfebcc0f38897b1
[2025-03-06T13:13:55.322Z] [info] Syncing 1 packages for stable_hash_id 8fae4360debb443c7cfebcc0f38897b1
[2025-03-06T13:13:55.454Z] [info] Deleted 0 existing packages for stable_hash_id 8fae4360debb443c7cfebcc0f38897b1
[2025-03-06T13:13:55.531Z] [info] Added 1 new packages for stable_hash_id 8fae4360debb443c7cfebcc0f38897b1
[2025-03-06T13:13:55.531Z] [info] Processed 1 packages for stable_hash_id 8fae4360debb443c7cfebcc0f38897b1 (Added: 1, Deleted: 0, Errors: 0)
[2025-03-06T13:13:55.531Z] [info] Processing mapping 10/20 for stable_hash_id 8fae4360debb443c7cfebcc0f38897b1
[2025-03-06T13:13:55.532Z] [info] Fetching packages for stable_hash_id: 8fae4360debb443c7cfebcc0f38897b1
[2025-03-06T13:13:55.594Z] [info] Found 1 packages for stable_hash_id 8fae4360debb443c7cfebcc0f38897b1
[2025-03-06T13:13:55.594Z] [info] Syncing 1 packages for stable_hash_id 8fae4360debb443c7cfebcc0f38897b1
[2025-03-06T13:13:55.720Z] [info] Deleted 1 existing packages for stable_hash_id 8fae4360debb443c7cfebcc0f38897b1
[2025-03-06T13:13:55.788Z] [info] Added 1 new packages for stable_hash_id 8fae4360debb443c7cfebcc0f38897b1
[2025-03-06T13:13:55.788Z] [info] Processed 1 packages for stable_hash_id 8fae4360debb443c7cfebcc0f38897b1 (Added: 1, Deleted: 1, Errors: 0)
[2025-03-06T13:13:55.789Z] [info] Processing mapping 11/20 for stable_hash_id afbd150f0267c8cc823b2490cdcde990
[2025-03-06T13:13:55.789Z] [info] Fetching packages for stable_hash_id: afbd150f0267c8cc823b2490cdcde990
[2025-03-06T13:13:55.852Z] [info] Found 0 packages for stable_hash_id afbd150f0267c8cc823b2490cdcde990
[2025-03-06T13:13:55.853Z] [info] No packages found for stable_hash_id afbd150f0267c8cc823b2490cdcde990
[2025-03-06T13:13:55.853Z] [info] Processing mapping 12/20 for stable_hash_id 1b9ff7f2a532b1c748d45b83fb2dda75
[2025-03-06T13:13:55.853Z] [info] Fetching packages for stable_hash_id: 1b9ff7f2a532b1c748d45b83fb2dda75
[2025-03-06T13:13:55.922Z] [info] Found 1 packages for stable_hash_id 1b9ff7f2a532b1c748d45b83fb2dda75
[2025-03-06T13:13:55.922Z] [info] Syncing 1 packages for stable_hash_id 1b9ff7f2a532b1c748d45b83fb2dda75
[2025-03-06T13:13:56.053Z] [info] Deleted 0 existing packages for stable_hash_id 1b9ff7f2a532b1c748d45b83fb2dda75
[2025-03-06T13:13:56.137Z] [info] Added 1 new packages for stable_hash_id 1b9ff7f2a532b1c748d45b83fb2dda75
[2025-03-06T13:13:56.137Z] [info] Processed 1 packages for stable_hash_id 1b9ff7f2a532b1c748d45b83fb2dda75 (Added: 1, Deleted: 0, Errors: 0)
[2025-03-06T13:13:56.138Z] [info] Processing mapping 13/20 for stable_hash_id 763564ef1cf7a17b51a34cc234a6d1e9
[2025-03-06T13:13:56.138Z] [info] Fetching packages for stable_hash_id: 763564ef1cf7a17b51a34cc234a6d1e9
[2025-03-06T13:13:56.199Z] [info] Found 0 packages for stable_hash_id 763564ef1cf7a17b51a34cc234a6d1e9
[2025-03-06T13:13:56.200Z] [info] No packages found for stable_hash_id 763564ef1cf7a17b51a34cc234a6d1e9
[2025-03-06T13:13:56.200Z] [info] Processing mapping 14/20 for stable_hash_id de91ea7770c759c8b2dd8a542f1b5377
[2025-03-06T13:13:56.200Z] [info] Fetching packages for stable_hash_id: de91ea7770c759c8b2dd8a542f1b5377
[2025-03-06T13:13:56.263Z] [info] Found 0 packages for stable_hash_id de91ea7770c759c8b2dd8a542f1b5377
[2025-03-06T13:13:56.263Z] [info] No packages found for stable_hash_id de91ea7770c759c8b2dd8a542f1b5377
[2025-03-06T13:13:56.263Z] [info] Processing mapping 15/20 for stable_hash_id c73526c59e44bb6a84c2a6da9f305d30
[2025-03-06T13:13:56.263Z] [info] Fetching packages for stable_hash_id: c73526c59e44bb6a84c2a6da9f305d30
[2025-03-06T13:13:56.323Z] [info] Found 0 packages for stable_hash_id c73526c59e44bb6a84c2a6da9f305d30
[2025-03-06T13:13:56.324Z] [info] No packages found for stable_hash_id c73526c59e44bb6a84c2a6da9f305d30
[2025-03-06T13:13:56.324Z] [info] Processing mapping 16/20 for stable_hash_id ccb279a7d86a472cfe86827d5f7d32e8
[2025-03-06T13:13:56.324Z] [info] Fetching packages for stable_hash_id: ccb279a7d86a472cfe86827d5f7d32e8
[2025-03-06T13:13:56.387Z] [info] Found 1 packages for stable_hash_id ccb279a7d86a472cfe86827d5f7d32e8
[2025-03-06T13:13:56.387Z] [info] Syncing 1 packages for stable_hash_id ccb279a7d86a472cfe86827d5f7d32e8
[2025-03-06T13:13:56.506Z] [info] Deleted 0 existing packages for stable_hash_id ccb279a7d86a472cfe86827d5f7d32e8
[2025-03-06T13:13:56.581Z] [info] Added 1 new packages for stable_hash_id ccb279a7d86a472cfe86827d5f7d32e8
[2025-03-06T13:13:56.581Z] [info] Processed 1 packages for stable_hash_id ccb279a7d86a472cfe86827d5f7d32e8 (Added: 1, Deleted: 0, Errors: 0)
[2025-03-06T13:13:56.581Z] [info] Processing mapping 17/20 for stable_hash_id 76d60d9640549be53e78dc945425a7e6
[2025-03-06T13:13:56.582Z] [info] Fetching packages for stable_hash_id: 76d60d9640549be53e78dc945425a7e6
[2025-03-06T13:13:56.647Z] [info] Found 0 packages for stable_hash_id 76d60d9640549be53e78dc945425a7e6
[2025-03-06T13:13:56.648Z] [info] No packages found for stable_hash_id 76d60d9640549be53e78dc945425a7e6
[2025-03-06T13:13:56.648Z] [info] Processing mapping 18/20 for stable_hash_id 6b349d54a0e9f06fe6904be64f3be67a
[2025-03-06T13:13:56.648Z] [info] Fetching packages for stable_hash_id: 6b349d54a0e9f06fe6904be64f3be67a
[2025-03-06T13:13:56.716Z] [info] Found 0 packages for stable_hash_id 6b349d54a0e9f06fe6904be64f3be67a
[2025-03-06T13:13:56.716Z] [info] No packages found for stable_hash_id 6b349d54a0e9f06fe6904be64f3be67a
[2025-03-06T13:13:56.716Z] [info] Processing mapping 19/20 for stable_hash_id 9808abe41a49252c8b14b7fa0ce45345
[2025-03-06T13:13:56.716Z] [info] Fetching packages for stable_hash_id: 9808abe41a49252c8b14b7fa0ce45345
[2025-03-06T13:13:56.788Z] [info] Found 0 packages for stable_hash_id 9808abe41a49252c8b14b7fa0ce45345
[2025-03-06T13:13:56.788Z] [info] No packages found for stable_hash_id 9808abe41a49252c8b14b7fa0ce45345
[2025-03-06T13:13:56.789Z] [info] Processing mapping 20/20 for stable_hash_id 3a912bb6976cd75566d89e6c1a106efc
[2025-03-06T13:13:56.789Z] [info] Fetching packages for stable_hash_id: 3a912bb6976cd75566d89e6c1a106efc
[2025-03-06T13:13:56.849Z] [info] Found 0 packages for stable_hash_id 3a912bb6976cd75566d89e6c1a106efc
[2025-03-06T13:13:56.849Z] [info] No packages found for stable_hash_id 3a912bb6976cd75566d89e6c1a106efc
[2025-03-06T13:13:56.850Z] [info] Batch 2 complete. Taking a short break before processing the next batch...
[2025-03-06T13:13:57.356Z] [info] Processing batch 3 of 4
[2025-03-06T13:13:57.356Z] [info] Processing mapping 1/20 for stable_hash_id 3ca93a3d47bfeeeaca6b7cc26a9d4ece
[2025-03-06T13:13:57.357Z] [info] Fetching packages for stable_hash_id: 3ca93a3d47bfeeeaca6b7cc26a9d4ece
[2025-03-06T13:13:57.420Z] [info] Found 0 packages for stable_hash_id 3ca93a3d47bfeeeaca6b7cc26a9d4ece
[2025-03-06T13:13:57.421Z] [info] No packages found for stable_hash_id 3ca93a3d47bfeeeaca6b7cc26a9d4ece
[2025-03-06T13:13:57.421Z] [info] Processing mapping 2/20 for stable_hash_id 09bfcf78f726381c3e1035821e448ba1
[2025-03-06T13:13:57.421Z] [info] Fetching packages for stable_hash_id: 09bfcf78f726381c3e1035821e448ba1
[2025-03-06T13:13:57.486Z] [info] Found 0 packages for stable_hash_id 09bfcf78f726381c3e1035821e448ba1
[2025-03-06T13:13:57.486Z] [info] No packages found for stable_hash_id 09bfcf78f726381c3e1035821e448ba1
[2025-03-06T13:13:57.486Z] [info] Processing mapping 3/20 for stable_hash_id 72f6622d7d1a835c6e4cf8663f76780a
[2025-03-06T13:13:57.486Z] [info] Fetching packages for stable_hash_id: 72f6622d7d1a835c6e4cf8663f76780a
[2025-03-06T13:13:57.551Z] [info] Found 0 packages for stable_hash_id 72f6622d7d1a835c6e4cf8663f76780a
[2025-03-06T13:13:57.552Z] [info] No packages found for stable_hash_id 72f6622d7d1a835c6e4cf8663f76780a
[2025-03-06T13:13:57.552Z] [info] Processing mapping 4/20 for stable_hash_id 9f5354bc0a5120433f8e26b1b9524d99
[2025-03-06T13:13:57.552Z] [info] Fetching packages for stable_hash_id: 9f5354bc0a5120433f8e26b1b9524d99
[2025-03-06T13:13:57.613Z] [info] Found 0 packages for stable_hash_id 9f5354bc0a5120433f8e26b1b9524d99
[2025-03-06T13:13:57.613Z] [info] No packages found for stable_hash_id 9f5354bc0a5120433f8e26b1b9524d99
[2025-03-06T13:13:57.614Z] [info] Processing mapping 5/20 for stable_hash_id 780324e4e10118915b12c9ce9dac8bc0
[2025-03-06T13:13:57.614Z] [info] Fetching packages for stable_hash_id: 780324e4e10118915b12c9ce9dac8bc0
[2025-03-06T13:13:57.680Z] [info] Found 0 packages for stable_hash_id 780324e4e10118915b12c9ce9dac8bc0
[2025-03-06T13:13:57.680Z] [info] No packages found for stable_hash_id 780324e4e10118915b12c9ce9dac8bc0
[2025-03-06T13:13:57.680Z] [info] Processing mapping 6/20 for stable_hash_id cb357bc21deeb9e03392cea11ddb24b1
[2025-03-06T13:13:57.681Z] [info] Fetching packages for stable_hash_id: cb357bc21deeb9e03392cea11ddb24b1
[2025-03-06T13:13:57.753Z] [info] Found 0 packages for stable_hash_id cb357bc21deeb9e03392cea11ddb24b1
[2025-03-06T13:13:57.754Z] [info] No packages found for stable_hash_id cb357bc21deeb9e03392cea11ddb24b1
[2025-03-06T13:13:57.754Z] [info] Processing mapping 7/20 for stable_hash_id 2977e196899dfc1dc9c493aaf0f26408
[2025-03-06T13:13:57.754Z] [info] Fetching packages for stable_hash_id: 2977e196899dfc1dc9c493aaf0f26408
[2025-03-06T13:13:57.815Z] [info] Found 0 packages for stable_hash_id 2977e196899dfc1dc9c493aaf0f26408
[2025-03-06T13:13:57.815Z] [info] No packages found for stable_hash_id 2977e196899dfc1dc9c493aaf0f26408
[2025-03-06T13:13:57.815Z] [info] Processing mapping 8/20 for stable_hash_id 17be3bae8e84f9fe18caea5b99db6701
[2025-03-06T13:13:57.816Z] [info] Fetching packages for stable_hash_id: 17be3bae8e84f9fe18caea5b99db6701
[2025-03-06T13:13:57.880Z] [info] Found 2 packages for stable_hash_id 17be3bae8e84f9fe18caea5b99db6701
[2025-03-06T13:13:57.881Z] [info] Syncing 2 packages for stable_hash_id 17be3bae8e84f9fe18caea5b99db6701
[2025-03-06T13:13:58.012Z] [info] Deleted 0 existing packages for stable_hash_id 17be3bae8e84f9fe18caea5b99db6701
[2025-03-06T13:13:58.078Z] [info] Added 2 new packages for stable_hash_id 17be3bae8e84f9fe18caea5b99db6701
[2025-03-06T13:13:58.078Z] [info] Processed 2 packages for stable_hash_id 17be3bae8e84f9fe18caea5b99db6701 (Added: 2, Deleted: 0, Errors: 0)
[2025-03-06T13:13:58.078Z] [info] Processing mapping 9/20 for stable_hash_id 9c678dcc5dc3c326fd23e662181021fd
[2025-03-06T13:13:58.078Z] [info] Fetching packages for stable_hash_id: 9c678dcc5dc3c326fd23e662181021fd
[2025-03-06T13:13:58.139Z] [info] Found 0 packages for stable_hash_id 9c678dcc5dc3c326fd23e662181021fd
[2025-03-06T13:13:58.139Z] [info] No packages found for stable_hash_id 9c678dcc5dc3c326fd23e662181021fd
[2025-03-06T13:13:58.139Z] [info] Processing mapping 10/20 for stable_hash_id 9f5354bc0a5120433f8e26b1b9524d99
[2025-03-06T13:13:58.140Z] [info] Fetching packages for stable_hash_id: 9f5354bc0a5120433f8e26b1b9524d99
[2025-03-06T13:13:58.208Z] [info] Found 0 packages for stable_hash_id 9f5354bc0a5120433f8e26b1b9524d99
[2025-03-06T13:13:58.208Z] [info] No packages found for stable_hash_id 9f5354bc0a5120433f8e26b1b9524d99
[2025-03-06T13:13:58.209Z] [info] Processing mapping 11/20 for stable_hash_id c30586c7673927857169567e1ae484fb
[2025-03-06T13:13:58.210Z] [info] Fetching packages for stable_hash_id: c30586c7673927857169567e1ae484fb
[2025-03-06T13:13:58.277Z] [info] Found 0 packages for stable_hash_id c30586c7673927857169567e1ae484fb
[2025-03-06T13:13:58.277Z] [info] No packages found for stable_hash_id c30586c7673927857169567e1ae484fb
[2025-03-06T13:13:58.278Z] [info] Processing mapping 12/20 for stable_hash_id c30586c7673927857169567e1ae484fb
[2025-03-06T13:13:58.278Z] [info] Fetching packages for stable_hash_id: c30586c7673927857169567e1ae484fb
[2025-03-06T13:13:58.364Z] [info] Found 0 packages for stable_hash_id c30586c7673927857169567e1ae484fb
[2025-03-06T13:13:58.364Z] [info] No packages found for stable_hash_id c30586c7673927857169567e1ae484fb
[2025-03-06T13:13:58.364Z] [info] Processing mapping 13/20 for stable_hash_id 33194ba9e2d522b8284b620dca39a5a4
[2025-03-06T13:13:58.364Z] [info] Fetching packages for stable_hash_id: 33194ba9e2d522b8284b620dca39a5a4
[2025-03-06T13:13:58.456Z] [info] Found 1 packages for stable_hash_id 33194ba9e2d522b8284b620dca39a5a4
[2025-03-06T13:13:58.456Z] [info] Syncing 1 packages for stable_hash_id 33194ba9e2d522b8284b620dca39a5a4
[2025-03-06T13:13:58.591Z] [info] Deleted 0 existing packages for stable_hash_id 33194ba9e2d522b8284b620dca39a5a4
[2025-03-06T13:13:58.656Z] [info] Added 1 new packages for stable_hash_id 33194ba9e2d522b8284b620dca39a5a4
[2025-03-06T13:13:58.657Z] [info] Processed 1 packages for stable_hash_id 33194ba9e2d522b8284b620dca39a5a4 (Added: 1, Deleted: 0, Errors: 0)
[2025-03-06T13:13:58.657Z] [info] Processing mapping 14/20 for stable_hash_id 88f02e1801c541cdd9a66b737e35367a
[2025-03-06T13:13:58.658Z] [info] Fetching packages for stable_hash_id: 88f02e1801c541cdd9a66b737e35367a
[2025-03-06T13:13:58.727Z] [info] Found 0 packages for stable_hash_id 88f02e1801c541cdd9a66b737e35367a
[2025-03-06T13:13:58.727Z] [info] No packages found for stable_hash_id 88f02e1801c541cdd9a66b737e35367a
[2025-03-06T13:13:58.727Z] [info] Processing mapping 15/20 for stable_hash_id f0ece48459e2d01e97ca1675a72cdd05
[2025-03-06T13:13:58.727Z] [info] Fetching packages for stable_hash_id: f0ece48459e2d01e97ca1675a72cdd05
[2025-03-06T13:13:58.791Z] [info] Found 0 packages for stable_hash_id f0ece48459e2d01e97ca1675a72cdd05
[2025-03-06T13:13:58.791Z] [info] No packages found for stable_hash_id f0ece48459e2d01e97ca1675a72cdd05
[2025-03-06T13:13:58.791Z] [info] Processing mapping 16/20 for stable_hash_id f0f8213edfc57a38cda26e65c8d3d71b
[2025-03-06T13:13:58.792Z] [info] Fetching packages for stable_hash_id: f0f8213edfc57a38cda26e65c8d3d71b
[2025-03-06T13:13:58.853Z] [info] Found 0 packages for stable_hash_id f0f8213edfc57a38cda26e65c8d3d71b
[2025-03-06T13:13:58.853Z] [info] No packages found for stable_hash_id f0f8213edfc57a38cda26e65c8d3d71b
[2025-03-06T13:13:58.853Z] [info] Processing mapping 17/20 for stable_hash_id 6cec77f05e93b8e13d62859b83f36c68
[2025-03-06T13:13:58.853Z] [info] Fetching packages for stable_hash_id: 6cec77f05e93b8e13d62859b83f36c68
[2025-03-06T13:13:58.913Z] [info] Found 0 packages for stable_hash_id 6cec77f05e93b8e13d62859b83f36c68
[2025-03-06T13:13:58.913Z] [info] No packages found for stable_hash_id 6cec77f05e93b8e13d62859b83f36c68
[2025-03-06T13:13:58.913Z] [info] Processing mapping 18/20 for stable_hash_id 02c1dc6485a35a4b4ba8c4c073974fd3
[2025-03-06T13:13:58.914Z] [info] Fetching packages for stable_hash_id: 02c1dc6485a35a4b4ba8c4c073974fd3
[2025-03-06T13:13:58.980Z] [info] Found 0 packages for stable_hash_id 02c1dc6485a35a4b4ba8c4c073974fd3
[2025-03-06T13:13:58.981Z] [info] No packages found for stable_hash_id 02c1dc6485a35a4b4ba8c4c073974fd3
[2025-03-06T13:13:58.981Z] [info] Processing mapping 19/20 for stable_hash_id 1b9ff7f2a532b1c748d45b83fb2dda75
[2025-03-06T13:13:58.981Z] [info] Fetching packages for stable_hash_id: 1b9ff7f2a532b1c748d45b83fb2dda75
[2025-03-06T13:13:59.046Z] [info] Found 1 packages for stable_hash_id 1b9ff7f2a532b1c748d45b83fb2dda75
[2025-03-06T13:13:59.047Z] [info] Syncing 1 packages for stable_hash_id 1b9ff7f2a532b1c748d45b83fb2dda75
[2025-03-06T13:13:59.200Z] [info] Deleted 1 existing packages for stable_hash_id 1b9ff7f2a532b1c748d45b83fb2dda75
[2025-03-06T13:13:59.263Z] [info] Added 1 new packages for stable_hash_id 1b9ff7f2a532b1c748d45b83fb2dda75
[2025-03-06T13:13:59.263Z] [info] Processed 1 packages for stable_hash_id 1b9ff7f2a532b1c748d45b83fb2dda75 (Added: 1, Deleted: 1, Errors: 0)
[2025-03-06T13:13:59.263Z] [info] Processing mapping 20/20 for stable_hash_id 398cd52c8dc0617d40d7a7984af98e2b
[2025-03-06T13:13:59.263Z] [info] Fetching packages for stable_hash_id: 398cd52c8dc0617d40d7a7984af98e2b
[2025-03-06T13:13:59.336Z] [info] Found 0 packages for stable_hash_id 398cd52c8dc0617d40d7a7984af98e2b
[2025-03-06T13:13:59.337Z] [info] No packages found for stable_hash_id 398cd52c8dc0617d40d7a7984af98e2b
[2025-03-06T13:13:59.337Z] [info] Batch 3 complete. Taking a short break before processing the next batch...
[2025-03-06T13:13:59.837Z] [info] Processing batch 4 of 4
[2025-03-06T13:13:59.837Z] [info] Processing mapping 1/3 for stable_hash_id e973cb0ca972a23bb2f6a2bdf37f77be
[2025-03-06T13:13:59.837Z] [info] Fetching packages for stable_hash_id: e973cb0ca972a23bb2f6a2bdf37f77be
[2025-03-06T13:13:59.898Z] [info] Found 0 packages for stable_hash_id e973cb0ca972a23bb2f6a2bdf37f77be
[2025-03-06T13:13:59.899Z] [info] No packages found for stable_hash_id e973cb0ca972a23bb2f6a2bdf37f77be
[2025-03-06T13:13:59.899Z] [info] Processing mapping 2/3 for stable_hash_id 590db25cc37065ebeb6c4841329cd2c4
[2025-03-06T13:13:59.899Z] [info] Fetching packages for stable_hash_id: 590db25cc37065ebeb6c4841329cd2c4
[2025-03-06T13:13:59.967Z] [info] Found 1 packages for stable_hash_id 590db25cc37065ebeb6c4841329cd2c4
[2025-03-06T13:13:59.967Z] [info] Syncing 1 packages for stable_hash_id 590db25cc37065ebeb6c4841329cd2c4
[2025-03-06T13:14:00.120Z] [info] Deleted 0 existing packages for stable_hash_id 590db25cc37065ebeb6c4841329cd2c4
[2025-03-06T13:14:00.195Z] [info] Added 1 new packages for stable_hash_id 590db25cc37065ebeb6c4841329cd2c4
[2025-03-06T13:14:00.195Z] [info] Processed 1 packages for stable_hash_id 590db25cc37065ebeb6c4841329cd2c4 (Added: 1, Deleted: 0, Errors: 0)
[2025-03-06T13:14:00.195Z] [info] Processing mapping 3/3 for stable_hash_id a203b2974c4ae81059ed13b11ebd55e4
[2025-03-06T13:14:00.195Z] [info] Fetching packages for stable_hash_id: a203b2974c4ae81059ed13b11ebd55e4
[2025-03-06T13:14:00.265Z] [info] Found 0 packages for stable_hash_id a203b2974c4ae81059ed13b11ebd55e4
[2025-03-06T13:14:00.266Z] [info] No packages found for stable_hash_id a203b2974c4ae81059ed13b11ebd55e4
[2025-03-06T13:14:00.266Z] [info] ====== Package Sync Completed ======
[2025-03-06T13:14:00.266Z] [info] Total Mappings Processed: 63
[2025-03-06T13:14:00.267Z] [info] Total Packages Found: 22
[2025-03-06T13:14:00.268Z] [info] Total Packages Added: 22
[2025-03-06T13:14:00.268Z] [info] Total Packages Deleted: 5
[2025-03-06T13:14:00.269Z] [info] Total Errors: 0
