[2025-03-06T13:04:39.896Z] [info] Starting package sync with configuration:
{
  "batchSize": 20,
  "debugMode": false,
  "profileId": "all",
  "stableHashId": "any"
}
[2025-03-06T13:04:39.897Z] [info] Checking if crm_packages table needs schema migration...
[2025-03-06T13:04:40.052Z] [warn] Could not check table schema using RPC: Could not find the function public.get_table_columns(table_name) in the schema cache
[2025-03-06T13:04:40.052Z] [warn] Proceeding with migration assuming it might be needed
[2025-03-06T13:04:40.053Z] [info] Fetching CRM customer mappings with stable_hash_id...
[2025-03-06T13:04:40.146Z] [info] Found 63 CRM customer mappings with stable_hash_id
[2025-03-06T13:04:40.146Z] [info] Processing batch 1 of 4
[2025-03-06T13:04:40.146Z] [info] Processing mapping 1/20 for profile 8ee65db0-c74d-4ff6-b78d-4bc97c124dac
[2025-03-06T13:04:40.147Z] [info] Fetching packages for stable_hash_id: d5abc85f6693e84855cef01d3f9dcc69
[2025-03-06T13:04:40.273Z] [info] Found 0 packages for stable_hash_id d5abc85f6693e84855cef01d3f9dcc69
[2025-03-06T13:04:40.273Z] [info] No packages found for mapping 510b6b44-a850-4abb-b5d7-949e103a35e1 with stable_hash_id d5abc85f6693e84855cef01d3f9dcc69
[2025-03-06T13:04:40.274Z] [info] Processing mapping 2/20 for profile b3bee2f8-a793-448a-8116-bfaffc161c04
[2025-03-06T13:04:40.274Z] [info] Fetching packages for stable_hash_id: 5049da03fd8e8ec80d0f905647a221ab
[2025-03-06T13:04:40.341Z] [info] Found 1 packages for stable_hash_id 5049da03fd8e8ec80d0f905647a221ab
[2025-03-06T13:04:40.342Z] [info] Syncing 1 packages for profile b3bee2f8-a793-448a-8116-bfaffc161c04
[2025-03-06T13:04:40.473Z] [info] Deleted 1 existing packages for profile b3bee2f8-a793-448a-8116-bfaffc161c04
[2025-03-06T13:04:40.595Z] [info] Added 1 new packages for profile b3bee2f8-a793-448a-8116-bfaffc161c04
[2025-03-06T13:04:40.595Z] [info] Processed 1 packages for mapping 7f37ca04-8d2c-44fa-bd19-dfeb46ac0d1d (Added: 1, Deleted: 1, Errors: 0)
[2025-03-06T13:04:40.595Z] [info] Processing mapping 3/20 for profile 7c2436e8-dfd5-4ce4-8133-78ca02aff71b
[2025-03-06T13:04:40.595Z] [info] Fetching packages for stable_hash_id: 2bf636965d0990fae460316a2b9b1c90
[2025-03-06T13:04:40.667Z] [info] Found 0 packages for stable_hash_id 2bf636965d0990fae460316a2b9b1c90
[2025-03-06T13:04:40.667Z] [info] No packages found for mapping fadd2874-bef2-4346-b77b-f7f4f07bd078 with stable_hash_id 2bf636965d0990fae460316a2b9b1c90
[2025-03-06T13:04:40.667Z] [info] Processing mapping 4/20 for profile db0ab7b2-2580-437f-932c-e16e246aa43b
[2025-03-06T13:04:40.668Z] [info] Fetching packages for stable_hash_id: caf98715f73491a839151ecf3c473439
[2025-03-06T13:04:40.737Z] [info] Found 0 packages for stable_hash_id caf98715f73491a839151ecf3c473439
[2025-03-06T13:04:40.737Z] [info] No packages found for mapping 9feab758-c53f-4b13-8227-c80752a9cbed with stable_hash_id caf98715f73491a839151ecf3c473439
[2025-03-06T13:04:40.737Z] [info] Processing mapping 5/20 for profile f8404092-3240-41e0-a1ce-ab9310e05d2a
[2025-03-06T13:04:40.738Z] [info] Fetching packages for stable_hash_id: cf970104acd70241abcf764b90c0d6a8
[2025-03-06T13:04:40.803Z] [info] Found 0 packages for stable_hash_id cf970104acd70241abcf764b90c0d6a8
[2025-03-06T13:04:40.803Z] [info] No packages found for mapping 8f2315d7-0977-4cc4-9dc8-58ce61455499 with stable_hash_id cf970104acd70241abcf764b90c0d6a8
[2025-03-06T13:04:40.804Z] [info] Processing mapping 6/20 for profile 49424c77-d58c-42ef-930c-452f5ae654bf
[2025-03-06T13:04:40.804Z] [info] Fetching packages for stable_hash_id: d058264113127debc8b65592b1badcd4
[2025-03-06T13:04:40.869Z] [info] Found 0 packages for stable_hash_id d058264113127debc8b65592b1badcd4
[2025-03-06T13:04:40.869Z] [info] No packages found for mapping 16c9f6b3-c395-478c-a155-40204acc6e1d with stable_hash_id d058264113127debc8b65592b1badcd4
[2025-03-06T13:04:40.869Z] [info] Processing mapping 7/20 for profile 75474ca2-8067-49b7-b655-150db216a05b
[2025-03-06T13:04:40.869Z] [info] Fetching packages for stable_hash_id: cf970104acd70241abcf764b90c0d6a8
[2025-03-06T13:04:40.944Z] [info] Found 0 packages for stable_hash_id cf970104acd70241abcf764b90c0d6a8
[2025-03-06T13:04:40.944Z] [info] No packages found for mapping bef9d26f-37a4-4ab3-a9f6-e59b209be8ee with stable_hash_id cf970104acd70241abcf764b90c0d6a8
[2025-03-06T13:04:40.944Z] [info] Processing mapping 8/20 for profile f7775120-f37f-45e5-92b9-0388f8670ea5
[2025-03-06T13:04:40.944Z] [info] Fetching packages for stable_hash_id: 519cefd56a0595cd29e6a0ec1e0a6296
[2025-03-06T13:04:41.006Z] [info] Found 1 packages for stable_hash_id 519cefd56a0595cd29e6a0ec1e0a6296
[2025-03-06T13:04:41.007Z] [info] Syncing 1 packages for profile f7775120-f37f-45e5-92b9-0388f8670ea5
[2025-03-06T13:04:41.136Z] [info] Deleted 1 existing packages for profile f7775120-f37f-45e5-92b9-0388f8670ea5
[2025-03-06T13:04:41.210Z] [info] Added 1 new packages for profile f7775120-f37f-45e5-92b9-0388f8670ea5
[2025-03-06T13:04:41.210Z] [info] Processed 1 packages for mapping 63e67da2-3489-49f8-b493-781e61682d40 (Added: 1, Deleted: 1, Errors: 0)
[2025-03-06T13:04:41.211Z] [info] Processing mapping 9/20 for profile 7495ca3e-f353-45e5-8c3a-e14c3afb6428
[2025-03-06T13:04:41.211Z] [info] Fetching packages for stable_hash_id: 4aae6e1c098e08a03367dc0fdfa48fb8
[2025-03-06T13:04:41.277Z] [info] Found 0 packages for stable_hash_id 4aae6e1c098e08a03367dc0fdfa48fb8
[2025-03-06T13:04:41.278Z] [info] No packages found for mapping 9b7ac4da-ef2d-484b-9bb0-3ae6317b5c7c with stable_hash_id 4aae6e1c098e08a03367dc0fdfa48fb8
[2025-03-06T13:04:41.278Z] [info] Processing mapping 10/20 for profile 6ffd4632-8349-4e8b-a602-2e7a7ecc0719
[2025-03-06T13:04:41.279Z] [info] Fetching packages for stable_hash_id: 2255275dc345cc1a75af1885436ccdc6
[2025-03-06T13:04:41.356Z] [info] Found 0 packages for stable_hash_id 2255275dc345cc1a75af1885436ccdc6
[2025-03-06T13:04:41.356Z] [info] No packages found for mapping a21b59ab-7084-4e15-80d9-667cfbcf4e5c with stable_hash_id 2255275dc345cc1a75af1885436ccdc6
[2025-03-06T13:04:41.356Z] [info] Processing mapping 11/20 for profile a86431c0-b025-4158-99cc-5a2fbba536ce
[2025-03-06T13:04:41.357Z] [info] Fetching packages for stable_hash_id: ef51d9bd61ba0849bfce50670993c325
[2025-03-06T13:04:41.420Z] [info] Found 0 packages for stable_hash_id ef51d9bd61ba0849bfce50670993c325
[2025-03-06T13:04:41.421Z] [info] No packages found for mapping 4ef19be0-65ed-4e17-9f0f-2256c08d85be with stable_hash_id ef51d9bd61ba0849bfce50670993c325
[2025-03-06T13:04:41.421Z] [info] Processing mapping 12/20 for profile 26e4d04f-cc2f-44d5-82c9-86e05f098195
[2025-03-06T13:04:41.421Z] [info] Fetching packages for stable_hash_id: 2145f372ad6fd1bb864cc6562b0ee93e
[2025-03-06T13:04:41.482Z] [info] Found 1 packages for stable_hash_id 2145f372ad6fd1bb864cc6562b0ee93e
[2025-03-06T13:04:41.482Z] [info] Syncing 1 packages for profile 26e4d04f-cc2f-44d5-82c9-86e05f098195
[2025-03-06T13:04:41.634Z] [info] Deleted 1 existing packages for profile 26e4d04f-cc2f-44d5-82c9-86e05f098195
[2025-03-06T13:04:41.698Z] [info] Added 1 new packages for profile 26e4d04f-cc2f-44d5-82c9-86e05f098195
[2025-03-06T13:04:41.698Z] [info] Processed 1 packages for mapping 7f714aa3-c183-43d7-a222-41688fbd628b (Added: 1, Deleted: 1, Errors: 0)
[2025-03-06T13:04:41.699Z] [info] Processing mapping 13/20 for profile cad9bc92-66dc-4799-97bb-05dd238051c1
[2025-03-06T13:04:41.699Z] [info] Fetching packages for stable_hash_id: 519cefd56a0595cd29e6a0ec1e0a6296
[2025-03-06T13:04:41.782Z] [info] Found 1 packages for stable_hash_id 519cefd56a0595cd29e6a0ec1e0a6296
[2025-03-06T13:04:41.782Z] [info] Syncing 1 packages for profile cad9bc92-66dc-4799-97bb-05dd238051c1
[2025-03-06T13:04:41.904Z] [info] Deleted 1 existing packages for profile cad9bc92-66dc-4799-97bb-05dd238051c1
[2025-03-06T13:04:41.967Z] [info] Added 1 new packages for profile cad9bc92-66dc-4799-97bb-05dd238051c1
[2025-03-06T13:04:41.967Z] [info] Processed 1 packages for mapping 772db38e-587f-4e6f-adb2-9f6b4ce049c7 (Added: 1, Deleted: 1, Errors: 0)
[2025-03-06T13:04:41.968Z] [info] Processing mapping 14/20 for profile e739d9c1-cb2f-4c59-8e43-b82c96556e1b
[2025-03-06T13:04:41.968Z] [info] Fetching packages for stable_hash_id: 4c9e00be9ad6f6a8c27ca626f71b2c8b
[2025-03-06T13:04:42.027Z] [info] Found 0 packages for stable_hash_id 4c9e00be9ad6f6a8c27ca626f71b2c8b
[2025-03-06T13:04:42.027Z] [info] No packages found for mapping ffec8775-61dd-40c1-b60f-ecd517e18465 with stable_hash_id 4c9e00be9ad6f6a8c27ca626f71b2c8b
[2025-03-06T13:04:42.028Z] [info] Processing mapping 15/20 for profile 7806316d-8003-4d8a-b624-2fa3f87769ed
[2025-03-06T13:04:42.028Z] [info] Fetching packages for stable_hash_id: 3e989127d0a3b146f75973d11f526449
[2025-03-06T13:04:42.086Z] [info] Found 1 packages for stable_hash_id 3e989127d0a3b146f75973d11f526449
[2025-03-06T13:04:42.087Z] [info] Syncing 1 packages for profile 7806316d-8003-4d8a-b624-2fa3f87769ed
[2025-03-06T13:04:42.235Z] [info] Deleted 1 existing packages for profile 7806316d-8003-4d8a-b624-2fa3f87769ed
[2025-03-06T13:04:42.305Z] [info] Added 1 new packages for profile 7806316d-8003-4d8a-b624-2fa3f87769ed
[2025-03-06T13:04:42.306Z] [info] Processed 1 packages for mapping fac8abda-1d37-42ea-82cc-2116243968a9 (Added: 1, Deleted: 1, Errors: 0)
[2025-03-06T13:04:42.306Z] [info] Processing mapping 16/20 for profile 4a8bd50a-7c05-4181-9d59-9989ee38c562
[2025-03-06T13:04:42.306Z] [info] Fetching packages for stable_hash_id: a12b265c24632780e29ce1ed474b2178
[2025-03-06T13:04:42.367Z] [info] Found 0 packages for stable_hash_id a12b265c24632780e29ce1ed474b2178
[2025-03-06T13:04:42.368Z] [info] No packages found for mapping f321b7ef-9f7a-4dea-a4bc-ec13500fef0e with stable_hash_id a12b265c24632780e29ce1ed474b2178
[2025-03-06T13:04:42.368Z] [info] Processing mapping 17/20 for profile ffd59063-6f16-4607-875f-d5eef24c7728
[2025-03-06T13:04:42.368Z] [info] Fetching packages for stable_hash_id: 5fc2b95963011ecd0396610941dfe0af
[2025-03-06T13:04:42.436Z] [info] Found 2 packages for stable_hash_id 5fc2b95963011ecd0396610941dfe0af
[2025-03-06T13:04:42.436Z] [info] Syncing 2 packages for profile ffd59063-6f16-4607-875f-d5eef24c7728
[2025-03-06T13:04:42.581Z] [info] Deleted 2 existing packages for profile ffd59063-6f16-4607-875f-d5eef24c7728
[2025-03-06T13:04:42.646Z] [info] Added 2 new packages for profile ffd59063-6f16-4607-875f-d5eef24c7728
[2025-03-06T13:04:42.647Z] [info] Processed 2 packages for mapping 1c9757d2-1f87-4157-a051-0276c9b7d203 (Added: 2, Deleted: 2, Errors: 0)
[2025-03-06T13:04:42.647Z] [info] Processing mapping 18/20 for profile 0832004a-f13f-418e-9e89-99c7a0371c20
[2025-03-06T13:04:42.647Z] [info] Fetching packages for stable_hash_id: a12b265c24632780e29ce1ed474b2178
[2025-03-06T13:04:42.707Z] [info] Found 0 packages for stable_hash_id a12b265c24632780e29ce1ed474b2178
[2025-03-06T13:04:42.708Z] [info] No packages found for mapping 5d96ea00-3c36-49f5-9fd8-60517eeb5087 with stable_hash_id a12b265c24632780e29ce1ed474b2178
[2025-03-06T13:04:42.708Z] [info] Processing mapping 19/20 for profile 44b0cd15-c901-4517-9743-31c68032259d
[2025-03-06T13:04:42.708Z] [info] Fetching packages for stable_hash_id: 519cefd56a0595cd29e6a0ec1e0a6296
[2025-03-06T13:04:42.777Z] [info] Found 1 packages for stable_hash_id 519cefd56a0595cd29e6a0ec1e0a6296
[2025-03-06T13:04:42.777Z] [info] Syncing 1 packages for profile 44b0cd15-c901-4517-9743-31c68032259d
[2025-03-06T13:04:42.908Z] [info] Deleted 1 existing packages for profile 44b0cd15-c901-4517-9743-31c68032259d
[2025-03-06T13:04:42.976Z] [info] Added 1 new packages for profile 44b0cd15-c901-4517-9743-31c68032259d
[2025-03-06T13:04:42.976Z] [info] Processed 1 packages for mapping 0fdd2a2b-4952-4832-a5d6-0359f8313167 (Added: 1, Deleted: 1, Errors: 0)
[2025-03-06T13:04:42.976Z] [info] Processing mapping 20/20 for profile 322dab77-116f-4daf-8329-e18f6587032c
[2025-03-06T13:04:42.976Z] [info] Fetching packages for stable_hash_id: 772b7d640d0468e197700710073a0d72
[2025-03-06T13:04:43.039Z] [info] Found 0 packages for stable_hash_id 772b7d640d0468e197700710073a0d72
[2025-03-06T13:04:43.039Z] [info] No packages found for mapping 31a29abe-031f-4d15-a67a-a1ceb2a3ca08 with stable_hash_id 772b7d640d0468e197700710073a0d72
[2025-03-06T13:04:43.040Z] [info] Batch 1 complete. Taking a short break before processing the next batch...
[2025-03-06T13:04:43.540Z] [info] Processing batch 2 of 4
[2025-03-06T13:04:43.540Z] [info] Processing mapping 1/20 for profile 5a889bd5-5263-4260-97b3-ab9dad92b2b9
[2025-03-06T13:04:43.540Z] [info] Fetching packages for stable_hash_id: 2a54b7e9c15ac30be4666a3acc9507a9
[2025-03-06T13:04:43.607Z] [info] Found 1 packages for stable_hash_id 2a54b7e9c15ac30be4666a3acc9507a9
[2025-03-06T13:04:43.608Z] [info] Syncing 1 packages for profile 5a889bd5-5263-4260-97b3-ab9dad92b2b9
[2025-03-06T13:04:43.759Z] [info] Deleted 1 existing packages for profile 5a889bd5-5263-4260-97b3-ab9dad92b2b9
[2025-03-06T13:04:43.832Z] [info] Added 1 new packages for profile 5a889bd5-5263-4260-97b3-ab9dad92b2b9
[2025-03-06T13:04:43.832Z] [info] Processed 1 packages for mapping 739c6ad0-a0f8-44ea-b55b-5de75fa02dde (Added: 1, Deleted: 1, Errors: 0)
[2025-03-06T13:04:43.833Z] [info] Processing mapping 2/20 for profile 3afaf5ea-d8c5-4745-9d7d-ba99ab162e1e
[2025-03-06T13:04:43.833Z] [info] Fetching packages for stable_hash_id: 519cefd56a0595cd29e6a0ec1e0a6296
[2025-03-06T13:04:43.893Z] [info] Found 1 packages for stable_hash_id 519cefd56a0595cd29e6a0ec1e0a6296
[2025-03-06T13:04:43.893Z] [info] Syncing 1 packages for profile 3afaf5ea-d8c5-4745-9d7d-ba99ab162e1e
[2025-03-06T13:04:44.032Z] [info] Deleted 1 existing packages for profile 3afaf5ea-d8c5-4745-9d7d-ba99ab162e1e
[2025-03-06T13:04:44.108Z] [info] Added 1 new packages for profile 3afaf5ea-d8c5-4745-9d7d-ba99ab162e1e
[2025-03-06T13:04:44.108Z] [info] Processed 1 packages for mapping cfbdb816-ae7c-400d-b6c2-870294ac5f22 (Added: 1, Deleted: 1, Errors: 0)
[2025-03-06T13:04:44.108Z] [info] Processing mapping 3/20 for profile 5a4f321b-ab28-4e6f-8002-f0ad86ad8d61
[2025-03-06T13:04:44.108Z] [info] Fetching packages for stable_hash_id: c760cf8ddb5ecca78fbcdd8e13297f19
[2025-03-06T13:04:44.172Z] [info] Found 1 packages for stable_hash_id c760cf8ddb5ecca78fbcdd8e13297f19
[2025-03-06T13:04:44.173Z] [info] Syncing 1 packages for profile 5a4f321b-ab28-4e6f-8002-f0ad86ad8d61
[2025-03-06T13:04:44.297Z] [info] Deleted 1 existing packages for profile 5a4f321b-ab28-4e6f-8002-f0ad86ad8d61
[2025-03-06T13:04:44.367Z] [info] Added 1 new packages for profile 5a4f321b-ab28-4e6f-8002-f0ad86ad8d61
[2025-03-06T13:04:44.367Z] [info] Processed 1 packages for mapping b68cb9c9-3a23-4baa-ae45-45a0703f3aa0 (Added: 1, Deleted: 1, Errors: 0)
[2025-03-06T13:04:44.367Z] [info] Processing mapping 4/20 for profile 2d264c2b-5927-48f5-91cd-4de0a074c925
[2025-03-06T13:04:44.368Z] [info] Fetching packages for stable_hash_id: 704dea8929306c8d9599207637042596
[2025-03-06T13:04:44.428Z] [info] Found 1 packages for stable_hash_id 704dea8929306c8d9599207637042596
[2025-03-06T13:04:44.429Z] [info] Syncing 1 packages for profile 2d264c2b-5927-48f5-91cd-4de0a074c925
[2025-03-06T13:04:44.555Z] [info] Deleted 1 existing packages for profile 2d264c2b-5927-48f5-91cd-4de0a074c925
[2025-03-06T13:04:44.619Z] [info] Added 1 new packages for profile 2d264c2b-5927-48f5-91cd-4de0a074c925
[2025-03-06T13:04:44.620Z] [info] Processed 1 packages for mapping 97015f7c-6521-4a5e-a32c-3cb792112afb (Added: 1, Deleted: 1, Errors: 0)
[2025-03-06T13:04:44.620Z] [info] Processing mapping 5/20 for profile c79591ff-a3d8-4cc9-ac7f-800e76143a08
[2025-03-06T13:04:44.620Z] [info] Fetching packages for stable_hash_id: d058264113127debc8b65592b1badcd4
[2025-03-06T13:04:44.688Z] [info] Found 0 packages for stable_hash_id d058264113127debc8b65592b1badcd4
[2025-03-06T13:04:44.688Z] [info] No packages found for mapping 63990d64-d43a-46cd-9f2b-4ac0f1c072c1 with stable_hash_id d058264113127debc8b65592b1badcd4
[2025-03-06T13:04:44.689Z] [info] Processing mapping 6/20 for profile e8e01f90-aced-4282-8a0b-51ea8cbda6d1
[2025-03-06T13:04:44.689Z] [info] Fetching packages for stable_hash_id: b47c6b5a0961397bd7383ea8e616cd04
[2025-03-06T13:04:44.757Z] [info] Found 1 packages for stable_hash_id b47c6b5a0961397bd7383ea8e616cd04
[2025-03-06T13:04:44.758Z] [info] Syncing 1 packages for profile e8e01f90-aced-4282-8a0b-51ea8cbda6d1
[2025-03-06T13:04:44.885Z] [info] Deleted 1 existing packages for profile e8e01f90-aced-4282-8a0b-51ea8cbda6d1
[2025-03-06T13:04:44.949Z] [info] Added 1 new packages for profile e8e01f90-aced-4282-8a0b-51ea8cbda6d1
[2025-03-06T13:04:44.949Z] [info] Processed 1 packages for mapping 53080311-fe5d-4504-b89e-c8a54fde5020 (Added: 1, Deleted: 1, Errors: 0)
[2025-03-06T13:04:44.950Z] [info] Processing mapping 7/20 for profile e637e374-3d24-4669-9ba1-855bab53b734
[2025-03-06T13:04:44.950Z] [info] Fetching packages for stable_hash_id: a1b63b052b62e6c08210ef13b7907802
[2025-03-06T13:04:45.037Z] [info] Found 0 packages for stable_hash_id a1b63b052b62e6c08210ef13b7907802
[2025-03-06T13:04:45.038Z] [info] No packages found for mapping ceebf4e8-dd13-4031-a1d4-2d9e66ec186f with stable_hash_id a1b63b052b62e6c08210ef13b7907802
[2025-03-06T13:04:45.038Z] [info] Processing mapping 8/20 for profile a85f49f7-4e62-453a-ba9f-d2ddf642ecfc
[2025-03-06T13:04:45.038Z] [info] Fetching packages for stable_hash_id: c3d4440f999192992589fa446d70fe3b
[2025-03-06T13:04:45.100Z] [info] Found 0 packages for stable_hash_id c3d4440f999192992589fa446d70fe3b
[2025-03-06T13:04:45.100Z] [info] No packages found for mapping f6bbc001-2fb2-4464-9939-ca174bd8f4e8 with stable_hash_id c3d4440f999192992589fa446d70fe3b
[2025-03-06T13:04:45.100Z] [info] Processing mapping 9/20 for profile 9d47c6e5-32b3-4144-b6cb-7f67c18d4aae
[2025-03-06T13:04:45.100Z] [info] Fetching packages for stable_hash_id: 8fae4360debb443c7cfebcc0f38897b1
[2025-03-06T13:04:45.163Z] [info] Found 1 packages for stable_hash_id 8fae4360debb443c7cfebcc0f38897b1
[2025-03-06T13:04:45.164Z] [info] Syncing 1 packages for profile 9d47c6e5-32b3-4144-b6cb-7f67c18d4aae
[2025-03-06T13:04:45.316Z] [info] Deleted 1 existing packages for profile 9d47c6e5-32b3-4144-b6cb-7f67c18d4aae
[2025-03-06T13:04:45.384Z] [info] Added 1 new packages for profile 9d47c6e5-32b3-4144-b6cb-7f67c18d4aae
[2025-03-06T13:04:45.385Z] [info] Processed 1 packages for mapping 3849983d-7ae9-412d-984a-64f164159ddd (Added: 1, Deleted: 1, Errors: 0)
[2025-03-06T13:04:45.385Z] [info] Processing mapping 10/20 for profile 3ff8add7-fc0e-43c8-8391-88105d569911
[2025-03-06T13:04:45.385Z] [info] Fetching packages for stable_hash_id: 8fae4360debb443c7cfebcc0f38897b1
[2025-03-06T13:04:45.455Z] [info] Found 1 packages for stable_hash_id 8fae4360debb443c7cfebcc0f38897b1
[2025-03-06T13:04:45.455Z] [info] Syncing 1 packages for profile 3ff8add7-fc0e-43c8-8391-88105d569911
[2025-03-06T13:04:45.578Z] [info] Deleted 1 existing packages for profile 3ff8add7-fc0e-43c8-8391-88105d569911
[2025-03-06T13:04:45.646Z] [info] Added 1 new packages for profile 3ff8add7-fc0e-43c8-8391-88105d569911
[2025-03-06T13:04:45.647Z] [info] Processed 1 packages for mapping acf56000-0746-4fe2-89e9-9bffc26406ed (Added: 1, Deleted: 1, Errors: 0)
[2025-03-06T13:04:45.647Z] [info] Processing mapping 11/20 for profile 1e8e549c-fed7-456c-aa0b-ad558dec26fc
[2025-03-06T13:04:45.647Z] [info] Fetching packages for stable_hash_id: afbd150f0267c8cc823b2490cdcde990
[2025-03-06T13:04:45.715Z] [info] Found 0 packages for stable_hash_id afbd150f0267c8cc823b2490cdcde990
[2025-03-06T13:04:45.716Z] [info] No packages found for mapping 500cf673-df47-4c89-9fd0-4497a6d49a7b with stable_hash_id afbd150f0267c8cc823b2490cdcde990
[2025-03-06T13:04:45.716Z] [info] Processing mapping 12/20 for profile dedc5ecb-b965-4eaa-a1e7-e40e0d0dc8f7
[2025-03-06T13:04:45.717Z] [info] Fetching packages for stable_hash_id: 1b9ff7f2a532b1c748d45b83fb2dda75
[2025-03-06T13:04:45.803Z] [info] Found 1 packages for stable_hash_id 1b9ff7f2a532b1c748d45b83fb2dda75
[2025-03-06T13:04:45.804Z] [info] Syncing 1 packages for profile dedc5ecb-b965-4eaa-a1e7-e40e0d0dc8f7
[2025-03-06T13:04:45.931Z] [info] Deleted 1 existing packages for profile dedc5ecb-b965-4eaa-a1e7-e40e0d0dc8f7
[2025-03-06T13:04:45.999Z] [info] Added 1 new packages for profile dedc5ecb-b965-4eaa-a1e7-e40e0d0dc8f7
[2025-03-06T13:04:45.999Z] [info] Processed 1 packages for mapping 1d797a0e-e63e-4913-b543-a5c83fa3a55d (Added: 1, Deleted: 1, Errors: 0)
[2025-03-06T13:04:46.000Z] [info] Processing mapping 13/20 for profile da6e441d-ab49-444e-8dec-ffc2584041e3
[2025-03-06T13:04:46.000Z] [info] Fetching packages for stable_hash_id: 763564ef1cf7a17b51a34cc234a6d1e9
[2025-03-06T13:04:46.064Z] [info] Found 0 packages for stable_hash_id 763564ef1cf7a17b51a34cc234a6d1e9
[2025-03-06T13:04:46.064Z] [info] No packages found for mapping 2d4dad1b-219e-4710-aecf-cba12815f36a with stable_hash_id 763564ef1cf7a17b51a34cc234a6d1e9
[2025-03-06T13:04:46.064Z] [info] Processing mapping 14/20 for profile a24d3288-b19f-482a-8b1d-92a1884c4d38
[2025-03-06T13:04:46.064Z] [info] Fetching packages for stable_hash_id: de91ea7770c759c8b2dd8a542f1b5377
[2025-03-06T13:04:46.128Z] [info] Found 0 packages for stable_hash_id de91ea7770c759c8b2dd8a542f1b5377
[2025-03-06T13:04:46.129Z] [info] No packages found for mapping b0077b4e-5e83-4e0f-9917-39bc49d4caad with stable_hash_id de91ea7770c759c8b2dd8a542f1b5377
[2025-03-06T13:04:46.129Z] [info] Processing mapping 15/20 for profile d4293a2f-1182-4249-a766-7b2631e4a634
[2025-03-06T13:04:46.129Z] [info] Fetching packages for stable_hash_id: c73526c59e44bb6a84c2a6da9f305d30
[2025-03-06T13:04:46.192Z] [info] Found 0 packages for stable_hash_id c73526c59e44bb6a84c2a6da9f305d30
[2025-03-06T13:04:46.192Z] [info] No packages found for mapping fe929358-6633-45a5-97af-e86b47ad0605 with stable_hash_id c73526c59e44bb6a84c2a6da9f305d30
[2025-03-06T13:04:46.193Z] [info] Processing mapping 16/20 for profile 00570908-cde2-427d-afd7-806936ffbbb2
[2025-03-06T13:04:46.193Z] [info] Fetching packages for stable_hash_id: ccb279a7d86a472cfe86827d5f7d32e8
[2025-03-06T13:04:46.261Z] [info] Found 1 packages for stable_hash_id ccb279a7d86a472cfe86827d5f7d32e8
[2025-03-06T13:04:46.262Z] [info] Syncing 1 packages for profile 00570908-cde2-427d-afd7-806936ffbbb2
[2025-03-06T13:04:46.414Z] [info] Deleted 1 existing packages for profile 00570908-cde2-427d-afd7-806936ffbbb2
[2025-03-06T13:04:46.483Z] [info] Added 1 new packages for profile 00570908-cde2-427d-afd7-806936ffbbb2
[2025-03-06T13:04:46.483Z] [info] Processed 1 packages for mapping fce5a205-e871-4172-97ec-ab3e2c218e03 (Added: 1, Deleted: 1, Errors: 0)
[2025-03-06T13:04:46.484Z] [info] Processing mapping 17/20 for profile 5d25ca44-9161-4a31-b48f-6af34d1157e7
[2025-03-06T13:04:46.484Z] [info] Fetching packages for stable_hash_id: 76d60d9640549be53e78dc945425a7e6
[2025-03-06T13:04:46.549Z] [info] Found 0 packages for stable_hash_id 76d60d9640549be53e78dc945425a7e6
[2025-03-06T13:04:46.550Z] [info] No packages found for mapping 648c4dc6-74fb-4be2-bfff-27c2dca664d9 with stable_hash_id 76d60d9640549be53e78dc945425a7e6
[2025-03-06T13:04:46.550Z] [info] Processing mapping 18/20 for profile cd00a39e-4e27-41bc-b8dd-7c3aa5d7d913
[2025-03-06T13:04:46.550Z] [info] Fetching packages for stable_hash_id: 6b349d54a0e9f06fe6904be64f3be67a
[2025-03-06T13:04:46.618Z] [info] Found 0 packages for stable_hash_id 6b349d54a0e9f06fe6904be64f3be67a
[2025-03-06T13:04:46.619Z] [info] No packages found for mapping 18f72f96-4207-4716-8152-3f2e4c480adf with stable_hash_id 6b349d54a0e9f06fe6904be64f3be67a
[2025-03-06T13:04:46.619Z] [info] Processing mapping 19/20 for profile f29b69b0-7f4b-4220-b90b-eb429d02f4c9
[2025-03-06T13:04:46.619Z] [info] Fetching packages for stable_hash_id: 9808abe41a49252c8b14b7fa0ce45345
[2025-03-06T13:04:46.690Z] [info] Found 0 packages for stable_hash_id 9808abe41a49252c8b14b7fa0ce45345
[2025-03-06T13:04:46.690Z] [info] No packages found for mapping 1576b65d-e750-4ea2-8e03-737f31cf5c4d with stable_hash_id 9808abe41a49252c8b14b7fa0ce45345
[2025-03-06T13:04:46.691Z] [info] Processing mapping 20/20 for profile 7762ffe0-f4c8-4969-902e-16027e5e9cf1
[2025-03-06T13:04:46.691Z] [info] Fetching packages for stable_hash_id: 3a912bb6976cd75566d89e6c1a106efc
[2025-03-06T13:04:46.750Z] [info] Found 0 packages for stable_hash_id 3a912bb6976cd75566d89e6c1a106efc
[2025-03-06T13:04:46.751Z] [info] No packages found for mapping 3451a089-8aed-475a-b806-efb0312d51a7 with stable_hash_id 3a912bb6976cd75566d89e6c1a106efc
[2025-03-06T13:04:46.751Z] [info] Batch 2 complete. Taking a short break before processing the next batch...
[2025-03-06T13:04:47.265Z] [info] Processing batch 3 of 4
[2025-03-06T13:04:47.265Z] [info] Processing mapping 1/20 for profile 4c52f63c-b940-44b6-8cd1-823191c1df8d
[2025-03-06T13:04:47.266Z] [info] Fetching packages for stable_hash_id: 3ca93a3d47bfeeeaca6b7cc26a9d4ece
[2025-03-06T13:04:47.331Z] [info] Found 0 packages for stable_hash_id 3ca93a3d47bfeeeaca6b7cc26a9d4ece
[2025-03-06T13:04:47.331Z] [info] No packages found for mapping 2aab081f-5902-4187-a920-e6155e3a547b with stable_hash_id 3ca93a3d47bfeeeaca6b7cc26a9d4ece
[2025-03-06T13:04:47.331Z] [info] Processing mapping 2/20 for profile bf5b7631-7fb4-45b6-a239-0ecd3a746cd5
[2025-03-06T13:04:47.331Z] [info] Fetching packages for stable_hash_id: 09bfcf78f726381c3e1035821e448ba1
[2025-03-06T13:04:47.394Z] [info] Found 0 packages for stable_hash_id 09bfcf78f726381c3e1035821e448ba1
[2025-03-06T13:04:47.394Z] [info] No packages found for mapping e18b861f-d3e9-4d14-8dad-4e8d6f1cf567 with stable_hash_id 09bfcf78f726381c3e1035821e448ba1
[2025-03-06T13:04:47.394Z] [info] Processing mapping 3/20 for profile 29644d1f-4bb3-4b66-be3a-cea79107bd3d
[2025-03-06T13:04:47.394Z] [info] Fetching packages for stable_hash_id: 72f6622d7d1a835c6e4cf8663f76780a
[2025-03-06T13:04:47.460Z] [info] Found 0 packages for stable_hash_id 72f6622d7d1a835c6e4cf8663f76780a
[2025-03-06T13:04:47.460Z] [info] No packages found for mapping 0168cc4e-3536-4372-b6b8-4272017f0434 with stable_hash_id 72f6622d7d1a835c6e4cf8663f76780a
[2025-03-06T13:04:47.460Z] [info] Processing mapping 4/20 for profile 0121f405-af50-45e3-b2e0-a309bf42829f
[2025-03-06T13:04:47.460Z] [info] Fetching packages for stable_hash_id: 9f5354bc0a5120433f8e26b1b9524d99
[2025-03-06T13:04:47.523Z] [info] Found 0 packages for stable_hash_id 9f5354bc0a5120433f8e26b1b9524d99
[2025-03-06T13:04:47.524Z] [info] No packages found for mapping 95a7479c-26f8-4f1b-8546-a3e50aafae66 with stable_hash_id 9f5354bc0a5120433f8e26b1b9524d99
[2025-03-06T13:04:47.524Z] [info] Processing mapping 5/20 for profile 2ef71b13-c846-4a1f-8371-9918bb0cd915
[2025-03-06T13:04:47.525Z] [info] Fetching packages for stable_hash_id: 780324e4e10118915b12c9ce9dac8bc0
[2025-03-06T13:04:47.587Z] [info] Found 0 packages for stable_hash_id 780324e4e10118915b12c9ce9dac8bc0
[2025-03-06T13:04:47.587Z] [info] No packages found for mapping 1a515555-268d-464c-a5dc-6310cbbea5bc with stable_hash_id 780324e4e10118915b12c9ce9dac8bc0
[2025-03-06T13:04:47.587Z] [info] Processing mapping 6/20 for profile 7d3785af-7587-4f22-89a2-2abb72fc089c
[2025-03-06T13:04:47.588Z] [info] Fetching packages for stable_hash_id: cb357bc21deeb9e03392cea11ddb24b1
[2025-03-06T13:04:47.656Z] [info] Found 0 packages for stable_hash_id cb357bc21deeb9e03392cea11ddb24b1
[2025-03-06T13:04:47.656Z] [info] No packages found for mapping 653e0d79-0d33-4647-8831-5359cbbdaaef with stable_hash_id cb357bc21deeb9e03392cea11ddb24b1
[2025-03-06T13:04:47.656Z] [info] Processing mapping 7/20 for profile dfffb745-1359-49df-8b4e-618cde79e5a5
[2025-03-06T13:04:47.656Z] [info] Fetching packages for stable_hash_id: 2977e196899dfc1dc9c493aaf0f26408
[2025-03-06T13:04:47.724Z] [info] Found 0 packages for stable_hash_id 2977e196899dfc1dc9c493aaf0f26408
[2025-03-06T13:04:47.724Z] [info] No packages found for mapping ac7553c3-3bee-4ce0-a617-dd0f112f63f1 with stable_hash_id 2977e196899dfc1dc9c493aaf0f26408
[2025-03-06T13:04:47.725Z] [info] Processing mapping 8/20 for profile a81f56fe-fbb8-4202-a8dc-45ca1343e3a2
[2025-03-06T13:04:47.725Z] [info] Fetching packages for stable_hash_id: 17be3bae8e84f9fe18caea5b99db6701
[2025-03-06T13:04:47.790Z] [info] Found 2 packages for stable_hash_id 17be3bae8e84f9fe18caea5b99db6701
[2025-03-06T13:04:47.791Z] [info] Syncing 2 packages for profile a81f56fe-fbb8-4202-a8dc-45ca1343e3a2
[2025-03-06T13:04:47.919Z] [info] Deleted 2 existing packages for profile a81f56fe-fbb8-4202-a8dc-45ca1343e3a2
[2025-03-06T13:04:47.984Z] [info] Added 2 new packages for profile a81f56fe-fbb8-4202-a8dc-45ca1343e3a2
[2025-03-06T13:04:47.985Z] [info] Processed 2 packages for mapping 98c56598-a66f-48de-a89e-afc4fffc9539 (Added: 2, Deleted: 2, Errors: 0)
[2025-03-06T13:04:47.985Z] [info] Processing mapping 9/20 for profile 08828b9f-ce33-4cb1-abc7-6623b43accde
[2025-03-06T13:04:47.986Z] [info] Fetching packages for stable_hash_id: 9c678dcc5dc3c326fd23e662181021fd
[2025-03-06T13:04:48.047Z] [info] Found 0 packages for stable_hash_id 9c678dcc5dc3c326fd23e662181021fd
[2025-03-06T13:04:48.048Z] [info] No packages found for mapping cbc76c75-6cfa-4e46-bdff-48b1bfc0ab9d with stable_hash_id 9c678dcc5dc3c326fd23e662181021fd
[2025-03-06T13:04:48.048Z] [info] Processing mapping 10/20 for profile 06c6fcd5-af0c-403a-9265-6c29ae6d3ec3
[2025-03-06T13:04:48.048Z] [info] Fetching packages for stable_hash_id: 9f5354bc0a5120433f8e26b1b9524d99
[2025-03-06T13:04:48.112Z] [info] Found 0 packages for stable_hash_id 9f5354bc0a5120433f8e26b1b9524d99
[2025-03-06T13:04:48.112Z] [info] No packages found for mapping fe74a945-6cf3-40f4-99c8-babb67dcd0b2 with stable_hash_id 9f5354bc0a5120433f8e26b1b9524d99
[2025-03-06T13:04:48.112Z] [info] Processing mapping 11/20 for profile 1847f1c7-43b2-4123-b273-608ea049421d
[2025-03-06T13:04:48.113Z] [info] Fetching packages for stable_hash_id: c30586c7673927857169567e1ae484fb
[2025-03-06T13:04:48.179Z] [info] Found 0 packages for stable_hash_id c30586c7673927857169567e1ae484fb
[2025-03-06T13:04:48.179Z] [info] No packages found for mapping 63e498c8-eb9e-4f45-af28-6fb89a87c30d with stable_hash_id c30586c7673927857169567e1ae484fb
[2025-03-06T13:04:48.180Z] [info] Processing mapping 12/20 for profile 59cc3380-53e0-4b73-b100-b79dab54c1e1
[2025-03-06T13:04:48.180Z] [info] Fetching packages for stable_hash_id: c30586c7673927857169567e1ae484fb
[2025-03-06T13:04:48.241Z] [info] Found 0 packages for stable_hash_id c30586c7673927857169567e1ae484fb
[2025-03-06T13:04:48.241Z] [info] No packages found for mapping 19f11885-0feb-46e0-90be-cb0628ad98c4 with stable_hash_id c30586c7673927857169567e1ae484fb
[2025-03-06T13:04:48.242Z] [info] Processing mapping 13/20 for profile fc739007-d203-48b0-ae1c-ad7893c8903b
[2025-03-06T13:04:48.243Z] [info] Fetching packages for stable_hash_id: 33194ba9e2d522b8284b620dca39a5a4
[2025-03-06T13:04:48.313Z] [info] Found 1 packages for stable_hash_id 33194ba9e2d522b8284b620dca39a5a4
[2025-03-06T13:04:48.313Z] [info] Syncing 1 packages for profile fc739007-d203-48b0-ae1c-ad7893c8903b
[2025-03-06T13:04:48.453Z] [info] Deleted 1 existing packages for profile fc739007-d203-48b0-ae1c-ad7893c8903b
[2025-03-06T13:04:48.523Z] [info] Added 1 new packages for profile fc739007-d203-48b0-ae1c-ad7893c8903b
[2025-03-06T13:04:48.523Z] [info] Processed 1 packages for mapping 756ee3ad-d72a-46eb-a540-5959c6b8b444 (Added: 1, Deleted: 1, Errors: 0)
[2025-03-06T13:04:48.523Z] [info] Processing mapping 14/20 for profile 383f0176-c065-4508-94b6-b19f90697579
[2025-03-06T13:04:48.524Z] [info] Fetching packages for stable_hash_id: 88f02e1801c541cdd9a66b737e35367a
[2025-03-06T13:04:48.585Z] [info] Found 0 packages for stable_hash_id 88f02e1801c541cdd9a66b737e35367a
[2025-03-06T13:04:48.585Z] [info] No packages found for mapping d2cee02c-eb73-4ac3-8677-f4f54b25bc2a with stable_hash_id 88f02e1801c541cdd9a66b737e35367a
[2025-03-06T13:04:48.585Z] [info] Processing mapping 15/20 for profile 7e0b0726-e746-46ac-8059-261bf3e881c1
[2025-03-06T13:04:48.586Z] [info] Fetching packages for stable_hash_id: f0ece48459e2d01e97ca1675a72cdd05
[2025-03-06T13:04:48.650Z] [info] Found 0 packages for stable_hash_id f0ece48459e2d01e97ca1675a72cdd05
[2025-03-06T13:04:48.650Z] [info] No packages found for mapping f37d98be-67e3-4e54-8ce8-fa220a699fcf with stable_hash_id f0ece48459e2d01e97ca1675a72cdd05
[2025-03-06T13:04:48.650Z] [info] Processing mapping 16/20 for profile 7f2ccfa8-fc9b-4900-8d3e-3cd002a0209a
[2025-03-06T13:04:48.651Z] [info] Fetching packages for stable_hash_id: f0f8213edfc57a38cda26e65c8d3d71b
[2025-03-06T13:04:48.712Z] [info] Found 0 packages for stable_hash_id f0f8213edfc57a38cda26e65c8d3d71b
[2025-03-06T13:04:48.712Z] [info] No packages found for mapping ac1637dd-80c0-4670-b16b-3eda7990682e with stable_hash_id f0f8213edfc57a38cda26e65c8d3d71b
[2025-03-06T13:04:48.712Z] [info] Processing mapping 17/20 for profile 50c59d58-09e5-4070-93fe-48ef4fee5438
[2025-03-06T13:04:48.712Z] [info] Fetching packages for stable_hash_id: 6cec77f05e93b8e13d62859b83f36c68
[2025-03-06T13:04:48.773Z] [info] Found 0 packages for stable_hash_id 6cec77f05e93b8e13d62859b83f36c68
[2025-03-06T13:04:48.774Z] [info] No packages found for mapping ef873698-cfb3-4cbf-bc09-b96db41d5af3 with stable_hash_id 6cec77f05e93b8e13d62859b83f36c68
[2025-03-06T13:04:48.774Z] [info] Processing mapping 18/20 for profile f7573bcf-45c2-4c78-bbda-4fca5dcf8d37
[2025-03-06T13:04:48.774Z] [info] Fetching packages for stable_hash_id: 02c1dc6485a35a4b4ba8c4c073974fd3
[2025-03-06T13:04:48.838Z] [info] Found 0 packages for stable_hash_id 02c1dc6485a35a4b4ba8c4c073974fd3
[2025-03-06T13:04:48.838Z] [info] No packages found for mapping f4c9d8a0-85e3-4a6a-b23e-69d9aef4153a with stable_hash_id 02c1dc6485a35a4b4ba8c4c073974fd3
[2025-03-06T13:04:48.838Z] [info] Processing mapping 19/20 for profile b95271ed-40d1-4748-95a9-12e08d6173e5
[2025-03-06T13:04:48.838Z] [info] Fetching packages for stable_hash_id: 1b9ff7f2a532b1c748d45b83fb2dda75
[2025-03-06T13:04:48.901Z] [info] Found 1 packages for stable_hash_id 1b9ff7f2a532b1c748d45b83fb2dda75
[2025-03-06T13:04:48.902Z] [info] Syncing 1 packages for profile b95271ed-40d1-4748-95a9-12e08d6173e5
[2025-03-06T13:04:49.055Z] [info] Deleted 1 existing packages for profile b95271ed-40d1-4748-95a9-12e08d6173e5
[2025-03-06T13:04:49.144Z] [info] Added 1 new packages for profile b95271ed-40d1-4748-95a9-12e08d6173e5
[2025-03-06T13:04:49.144Z] [info] Processed 1 packages for mapping d3ed1fa9-9325-4eb2-b05f-18aa3c8f7521 (Added: 1, Deleted: 1, Errors: 0)
[2025-03-06T13:04:49.144Z] [info] Processing mapping 20/20 for profile 1b81d261-fef7-4da4-8b8d-52c3b8a6c0cd
[2025-03-06T13:04:49.144Z] [info] Fetching packages for stable_hash_id: 398cd52c8dc0617d40d7a7984af98e2b
[2025-03-06T13:04:49.207Z] [info] Found 0 packages for stable_hash_id 398cd52c8dc0617d40d7a7984af98e2b
[2025-03-06T13:04:49.207Z] [info] No packages found for mapping 115d4c51-c606-46ca-be58-5f1720e8207b with stable_hash_id 398cd52c8dc0617d40d7a7984af98e2b
[2025-03-06T13:04:49.207Z] [info] Batch 3 complete. Taking a short break before processing the next batch...
[2025-03-06T13:04:49.716Z] [info] Processing batch 4 of 4
[2025-03-06T13:04:49.717Z] [info] Processing mapping 1/3 for profile d4c87bdf-c5ab-47be-94e8-0c79005210ac
[2025-03-06T13:04:49.717Z] [info] Fetching packages for stable_hash_id: e973cb0ca972a23bb2f6a2bdf37f77be
[2025-03-06T13:04:49.785Z] [info] Found 0 packages for stable_hash_id e973cb0ca972a23bb2f6a2bdf37f77be
[2025-03-06T13:04:49.785Z] [info] No packages found for mapping df3d15d8-5dd9-4d7c-b70d-7bf80b60313d with stable_hash_id e973cb0ca972a23bb2f6a2bdf37f77be
[2025-03-06T13:04:49.785Z] [info] Processing mapping 2/3 for profile b19a02ff-9f41-4b09-b787-f948bfb20ef6
[2025-03-06T13:04:49.786Z] [info] Fetching packages for stable_hash_id: 590db25cc37065ebeb6c4841329cd2c4
[2025-03-06T13:04:49.846Z] [info] Found 1 packages for stable_hash_id 590db25cc37065ebeb6c4841329cd2c4
[2025-03-06T13:04:49.846Z] [info] Syncing 1 packages for profile b19a02ff-9f41-4b09-b787-f948bfb20ef6
[2025-03-06T13:04:49.988Z] [info] Deleted 1 existing packages for profile b19a02ff-9f41-4b09-b787-f948bfb20ef6
[2025-03-06T13:04:50.064Z] [info] Added 1 new packages for profile b19a02ff-9f41-4b09-b787-f948bfb20ef6
[2025-03-06T13:04:50.064Z] [info] Processed 1 packages for mapping 815376e6-f878-49de-95b6-dd8cdee67f0d (Added: 1, Deleted: 1, Errors: 0)
[2025-03-06T13:04:50.064Z] [info] Processing mapping 3/3 for profile 6a265f0c-2d61-40ae-be47-bcee0b2f39a2
[2025-03-06T13:04:50.064Z] [info] Fetching packages for stable_hash_id: a203b2974c4ae81059ed13b11ebd55e4
[2025-03-06T13:04:50.128Z] [info] Found 0 packages for stable_hash_id a203b2974c4ae81059ed13b11ebd55e4
[2025-03-06T13:04:50.128Z] [info] No packages found for mapping d9e32b07-443e-4cf8-bb11-8ce6c4d2fea0 with stable_hash_id a203b2974c4ae81059ed13b11ebd55e4
[2025-03-06T13:04:50.129Z] [info] ====== Package Sync Completed ======
[2025-03-06T13:04:50.129Z] [info] Total Mappings Processed: 63
[2025-03-06T13:04:50.129Z] [info] Total Packages Found: 22
[2025-03-06T13:04:50.129Z] [info] Total Packages Added: 22
[2025-03-06T13:04:50.129Z] [info] Total Packages Deleted: 22
[2025-03-06T13:04:50.130Z] [info] Total Errors: 0
