[2025-03-06T08:50:56.441Z] [info] Starting sync for David G. profiles
[2025-03-06T08:50:56.444Z] [info] Processing profile 44b0cd15-c901-4517-9743-31c68032259d
[2025-03-06T08:50:56.614Z] [info] Profile: David Geiermann
[2025-03-06T08:50:56.615Z] [info] Phone: 0842695447
[2025-03-06T08:50:56.847Z] [info] Found CRM customer: David G. (4920780)
[2025-03-06T08:50:56.914Z] [info] Updating existing mapping for profile 44b0cd15-c901-4517-9743-31c68032259d
[2025-03-06T08:50:56.914Z] [info] Mapping for profile 44b0cd15-c901-4517-9743-31c68032259d already has the correct stable_hash_id
[2025-03-06T08:50:56.914Z] [info] Fetching packages for profile 44b0cd15-c901-4517-9743-31c68032259d
[2025-03-06T08:50:56.914Z] [info] Using stable_hash_id: 519cefd56a0595cd29e6a0ec1e0a6296 with database function
[2025-03-06T08:50:56.979Z] [error] Error using database function: structure of query does not match function result type
[2025-03-06T08:50:56.979Z] [info] Falling back to direct query with stable_hash_id
[2025-03-06T08:50:57.044Z] [info] Found 1 packages using direct stable_hash_id query
[2025-03-06T08:50:57.110Z] [debug] First package data (direct query):
{
  "id": "f700c08e-c985-4192-90c8-3429da4b0003",
  "created_at": "2024-12-16T14:19:08.105466+00:00",
  "customer_name": "David G. (842695447)",
  "package_type_id": 5,
  "purchase_date": "2024-12-16",
  "first_use_date": "2024-12-16",
  "employee_name": "Dolly",
  "expiration_date": "2025-06-15",
  "stable_hash_id": "519cefd56a0595cd29e6a0ec1e0a6296",
  "package_type_name": "Package Type 5"
}
[2025-03-06T08:50:57.112Z] [info] Syncing 1 packages for customer 4920780
[2025-03-06T08:50:57.181Z] [debug] Package data for f700c08e-c985-4192-90c8-3429da4b0003:
{
  "customer_name": "David G. (842695447)",
  "package_type": "Package Type 5",
  "expiration": "2025-06-15",
  "stable_hash_id": "519cefd56a0595cd29e6a0ec1e0a6296"
}
[2025-03-06T08:50:57.261Z] [info] Updated package f700c08e-c985-4192-90c8-3429da4b0003 with stable_hash_id 519cefd56a0595cd29e6a0ec1e0a6296
[2025-03-06T08:50:57.261Z] [info] Processed profile 44b0cd15-c901-4517-9743-31c68032259d (Packages: 1, Added: 0, Updated: 1, Errors: 0)
[2025-03-06T08:50:57.261Z] [info] Processing profile 3afaf5ea-d8c5-4745-9d7d-ba99ab162e1e
[2025-03-06T08:50:57.356Z] [info] Profile: David Geiermann
[2025-03-06T08:50:57.357Z] [info] Phone: +66842695447
[2025-03-06T08:50:57.523Z] [info] Found CRM customer: David G. (4920780)
[2025-03-06T08:50:57.595Z] [info] Updating existing mapping for profile 3afaf5ea-d8c5-4745-9d7d-ba99ab162e1e
[2025-03-06T08:50:57.595Z] [info] Mapping for profile 3afaf5ea-d8c5-4745-9d7d-ba99ab162e1e already has the correct stable_hash_id
[2025-03-06T08:50:57.596Z] [info] Fetching packages for profile 3afaf5ea-d8c5-4745-9d7d-ba99ab162e1e
[2025-03-06T08:50:57.596Z] [info] Using stable_hash_id: 519cefd56a0595cd29e6a0ec1e0a6296 with database function
[2025-03-06T08:50:57.666Z] [error] Error using database function: structure of query does not match function result type
[2025-03-06T08:50:57.666Z] [info] Falling back to direct query with stable_hash_id
[2025-03-06T08:50:57.728Z] [info] Found 1 packages using direct stable_hash_id query
[2025-03-06T08:50:57.786Z] [debug] First package data (direct query):
{
  "id": "f700c08e-c985-4192-90c8-3429da4b0003",
  "created_at": "2024-12-16T14:19:08.105466+00:00",
  "customer_name": "David G. (842695447)",
  "package_type_id": 5,
  "purchase_date": "2024-12-16",
  "first_use_date": "2024-12-16",
  "employee_name": "Dolly",
  "expiration_date": "2025-06-15",
  "stable_hash_id": "519cefd56a0595cd29e6a0ec1e0a6296",
  "package_type_name": "Package Type 5"
}
[2025-03-06T08:50:57.787Z] [info] Syncing 1 packages for customer 4920780
[2025-03-06T08:50:57.866Z] [debug] Package data for f700c08e-c985-4192-90c8-3429da4b0003:
{
  "customer_name": "David G. (842695447)",
  "package_type": "Package Type 5",
  "expiration": "2025-06-15",
  "stable_hash_id": "519cefd56a0595cd29e6a0ec1e0a6296"
}
[2025-03-06T08:50:57.938Z] [info] Updated package f700c08e-c985-4192-90c8-3429da4b0003 with stable_hash_id 519cefd56a0595cd29e6a0ec1e0a6296
[2025-03-06T08:50:57.939Z] [info] Processed profile 3afaf5ea-d8c5-4745-9d7d-ba99ab162e1e (Packages: 1, Added: 0, Updated: 1, Errors: 0)
[2025-03-06T08:50:57.939Z] [info] Processing profile f7775120-f37f-45e5-92b9-0388f8670ea5
[2025-03-06T08:50:58.009Z] [info] Profile: David Geiermann
[2025-03-06T08:50:58.009Z] [info] Phone: +66842695447
[2025-03-06T08:50:58.188Z] [info] Found CRM customer: David G. (4920780)
[2025-03-06T08:50:58.255Z] [info] Updating existing mapping for profile f7775120-f37f-45e5-92b9-0388f8670ea5
[2025-03-06T08:50:58.255Z] [info] Mapping for profile f7775120-f37f-45e5-92b9-0388f8670ea5 already has the correct stable_hash_id
[2025-03-06T08:50:58.255Z] [info] Fetching packages for profile f7775120-f37f-45e5-92b9-0388f8670ea5
[2025-03-06T08:50:58.256Z] [info] Using stable_hash_id: 519cefd56a0595cd29e6a0ec1e0a6296 with database function
[2025-03-06T08:50:58.337Z] [error] Error using database function: structure of query does not match function result type
[2025-03-06T08:50:58.338Z] [info] Falling back to direct query with stable_hash_id
[2025-03-06T08:50:58.400Z] [info] Found 1 packages using direct stable_hash_id query
[2025-03-06T08:50:58.470Z] [debug] First package data (direct query):
{
  "id": "f700c08e-c985-4192-90c8-3429da4b0003",
  "created_at": "2024-12-16T14:19:08.105466+00:00",
  "customer_name": "David G. (842695447)",
  "package_type_id": 5,
  "purchase_date": "2024-12-16",
  "first_use_date": "2024-12-16",
  "employee_name": "Dolly",
  "expiration_date": "2025-06-15",
  "stable_hash_id": "519cefd56a0595cd29e6a0ec1e0a6296",
  "package_type_name": "Package Type 5"
}
[2025-03-06T08:50:58.471Z] [info] Syncing 1 packages for customer 4920780
[2025-03-06T08:50:58.539Z] [debug] Package data for f700c08e-c985-4192-90c8-3429da4b0003:
{
  "customer_name": "David G. (842695447)",
  "package_type": "Package Type 5",
  "expiration": "2025-06-15",
  "stable_hash_id": "519cefd56a0595cd29e6a0ec1e0a6296"
}
[2025-03-06T08:50:58.606Z] [info] Updated package f700c08e-c985-4192-90c8-3429da4b0003 with stable_hash_id 519cefd56a0595cd29e6a0ec1e0a6296
[2025-03-06T08:50:58.606Z] [info] Processed profile f7775120-f37f-45e5-92b9-0388f8670ea5 (Packages: 1, Added: 0, Updated: 1, Errors: 0)
[2025-03-06T08:50:58.607Z] [info] ====== Sync Completed ======
[2025-03-06T08:50:58.607Z] [info] Total Profiles Processed: 3
[2025-03-06T08:50:58.607Z] [info] Successfully Processed: 3
[2025-03-06T08:50:58.607Z] [info] Failed: 0
