[2025-03-06T08:50:05.883Z] [info] Starting sync for David G. profiles
[2025-03-06T08:50:05.886Z] [info] Processing profile 44b0cd15-c901-4517-9743-31c68032259d
[2025-03-06T08:50:06.491Z] [info] Profile: David Geiermann
[2025-03-06T08:50:06.492Z] [info] Phone: 0842695447
[2025-03-06T08:50:07.660Z] [info] Found CRM customer: David G. (4920780)
[2025-03-06T08:50:07.730Z] [info] Updating existing mapping for profile 44b0cd15-c901-4517-9743-31c68032259d
[2025-03-06T08:50:07.730Z] [info] Mapping for profile 44b0cd15-c901-4517-9743-31c68032259d already has the correct stable_hash_id
[2025-03-06T08:50:07.731Z] [info] Fetching packages for profile 44b0cd15-c901-4517-9743-31c68032259d
[2025-03-06T08:50:07.731Z] [info] Using stable_hash_id: 519cefd56a0595cd29e6a0ec1e0a6296 with database function
[2025-03-06T08:50:07.802Z] [error] Error using database function: relation "package_type" does not exist
[2025-03-06T08:50:07.803Z] [info] Falling back to direct query with stable_hash_id
[2025-03-06T08:50:07.871Z] [info] Found 1 packages using direct stable_hash_id query
[2025-03-06T08:50:07.931Z] [debug] First package data (direct query):
{
  "id": "f700c08e-c985-4192-90c8-3429da4b0003",
  "created_at": "2024-12-16T14:19:08.105466+00:00",
  "customer_name": "David G. (842695447)",
  "package_type_id": 5,
  "purchase_date": "2024-12-16",
  "first_use_date": "2024-12-16",
  "employee_name": "Dolly",
  "expiration_date": "2025-06-15",
  "stable_hash_id": "519cefd56a0595cd29e6a0ec1e0a6296",
  "package_type_name": "Package Type 5"
}
[2025-03-06T08:50:07.932Z] [info] Syncing 1 packages for customer 4920780
[2025-03-06T08:50:08.000Z] [debug] Package data for f700c08e-c985-4192-90c8-3429da4b0003:
{
  "customer_name": "David G. (842695447)",
  "package_type": "Package Type 5",
  "expiration": "2025-06-15",
  "stable_hash_id": "519cefd56a0595cd29e6a0ec1e0a6296"
}
[2025-03-06T08:50:08.064Z] [info] Updated package f700c08e-c985-4192-90c8-3429da4b0003 with stable_hash_id 519cefd56a0595cd29e6a0ec1e0a6296
[2025-03-06T08:50:08.065Z] [info] Processed profile 44b0cd15-c901-4517-9743-31c68032259d (Packages: 1, Added: 0, Updated: 1, Errors: 0)
[2025-03-06T08:50:08.065Z] [info] Processing profile 3afaf5ea-d8c5-4745-9d7d-ba99ab162e1e
[2025-03-06T08:50:08.162Z] [info] Profile: David Geiermann
[2025-03-06T08:50:08.162Z] [info] Phone: +66842695447
[2025-03-06T08:50:08.330Z] [info] Found CRM customer: David G. (4920780)
[2025-03-06T08:50:08.414Z] [info] Updating existing mapping for profile 3afaf5ea-d8c5-4745-9d7d-ba99ab162e1e
[2025-03-06T08:50:08.414Z] [info] Mapping for profile 3afaf5ea-d8c5-4745-9d7d-ba99ab162e1e already has the correct stable_hash_id
[2025-03-06T08:50:08.415Z] [info] Fetching packages for profile 3afaf5ea-d8c5-4745-9d7d-ba99ab162e1e
[2025-03-06T08:50:08.415Z] [info] Using stable_hash_id: 519cefd56a0595cd29e6a0ec1e0a6296 with database function
[2025-03-06T08:50:08.477Z] [error] Error using database function: relation "package_type" does not exist
[2025-03-06T08:50:08.477Z] [info] Falling back to direct query with stable_hash_id
[2025-03-06T08:50:08.538Z] [info] Found 1 packages using direct stable_hash_id query
[2025-03-06T08:50:08.609Z] [debug] First package data (direct query):
{
  "id": "f700c08e-c985-4192-90c8-3429da4b0003",
  "created_at": "2024-12-16T14:19:08.105466+00:00",
  "customer_name": "David G. (842695447)",
  "package_type_id": 5,
  "purchase_date": "2024-12-16",
  "first_use_date": "2024-12-16",
  "employee_name": "Dolly",
  "expiration_date": "2025-06-15",
  "stable_hash_id": "519cefd56a0595cd29e6a0ec1e0a6296",
  "package_type_name": "Package Type 5"
}
[2025-03-06T08:50:08.610Z] [info] Syncing 1 packages for customer 4920780
[2025-03-06T08:50:08.676Z] [debug] Package data for f700c08e-c985-4192-90c8-3429da4b0003:
{
  "customer_name": "David G. (842695447)",
  "package_type": "Package Type 5",
  "expiration": "2025-06-15",
  "stable_hash_id": "519cefd56a0595cd29e6a0ec1e0a6296"
}
[2025-03-06T08:50:08.746Z] [info] Updated package f700c08e-c985-4192-90c8-3429da4b0003 with stable_hash_id 519cefd56a0595cd29e6a0ec1e0a6296
[2025-03-06T08:50:08.747Z] [info] Processed profile 3afaf5ea-d8c5-4745-9d7d-ba99ab162e1e (Packages: 1, Added: 0, Updated: 1, Errors: 0)
[2025-03-06T08:50:08.747Z] [info] Processing profile f7775120-f37f-45e5-92b9-0388f8670ea5
[2025-03-06T08:50:08.825Z] [info] Profile: David Geiermann
[2025-03-06T08:50:08.825Z] [info] Phone: +66842695447
[2025-03-06T08:50:08.991Z] [info] Found CRM customer: David G. (4920780)
[2025-03-06T08:50:09.059Z] [info] Updating existing mapping for profile f7775120-f37f-45e5-92b9-0388f8670ea5
[2025-03-06T08:50:09.059Z] [info] Mapping for profile f7775120-f37f-45e5-92b9-0388f8670ea5 already has the correct stable_hash_id
[2025-03-06T08:50:09.060Z] [info] Fetching packages for profile f7775120-f37f-45e5-92b9-0388f8670ea5
[2025-03-06T08:50:09.060Z] [info] Using stable_hash_id: 519cefd56a0595cd29e6a0ec1e0a6296 with database function
[2025-03-06T08:50:09.128Z] [error] Error using database function: relation "package_type" does not exist
[2025-03-06T08:50:09.128Z] [info] Falling back to direct query with stable_hash_id
[2025-03-06T08:50:09.186Z] [info] Found 1 packages using direct stable_hash_id query
[2025-03-06T08:50:09.245Z] [debug] First package data (direct query):
{
  "id": "f700c08e-c985-4192-90c8-3429da4b0003",
  "created_at": "2024-12-16T14:19:08.105466+00:00",
  "customer_name": "David G. (842695447)",
  "package_type_id": 5,
  "purchase_date": "2024-12-16",
  "first_use_date": "2024-12-16",
  "employee_name": "Dolly",
  "expiration_date": "2025-06-15",
  "stable_hash_id": "519cefd56a0595cd29e6a0ec1e0a6296",
  "package_type_name": "Package Type 5"
}
[2025-03-06T08:50:09.246Z] [info] Syncing 1 packages for customer 4920780
[2025-03-06T08:50:09.310Z] [debug] Package data for f700c08e-c985-4192-90c8-3429da4b0003:
{
  "customer_name": "David G. (842695447)",
  "package_type": "Package Type 5",
  "expiration": "2025-06-15",
  "stable_hash_id": "519cefd56a0595cd29e6a0ec1e0a6296"
}
[2025-03-06T08:50:09.379Z] [info] Updated package f700c08e-c985-4192-90c8-3429da4b0003 with stable_hash_id 519cefd56a0595cd29e6a0ec1e0a6296
[2025-03-06T08:50:09.379Z] [info] Processed profile f7775120-f37f-45e5-92b9-0388f8670ea5 (Packages: 1, Added: 0, Updated: 1, Errors: 0)
[2025-03-06T08:50:09.379Z] [info] ====== Sync Completed ======
[2025-03-06T08:50:09.379Z] [info] Total Profiles Processed: 3
[2025-03-06T08:50:09.380Z] [info] Successfully Processed: 3
[2025-03-06T08:50:09.380Z] [info] Failed: 0
