[2025-03-06T08:46:25.614Z] [info] Starting sync for David G. profiles
[2025-03-06T08:46:25.616Z] [info] Processing profile 44b0cd15-c901-4517-9743-31c68032259d
[2025-03-06T08:46:25.799Z] [info] Profile: David Geiermann
[2025-03-06T08:46:25.799Z] [info] Phone: 0842695447
[2025-03-06T08:46:26.023Z] [info] Found CRM customer: David G. (4920780)
[2025-03-06T08:46:26.154Z] [info] Updating existing mapping for profile 44b0cd15-c901-4517-9743-31c68032259d
[2025-03-06T08:46:26.154Z] [info] Mapping for profile 44b0cd15-c901-4517-9743-31c68032259d already has the correct stable_hash_id
[2025-03-06T08:46:26.155Z] [info] Fetching packages for profile 44b0cd15-c901-4517-9743-31c68032259d
[2025-03-06T08:46:26.248Z] [warn] Error fetching package types: relation "public.package_type" does not exist
[2025-03-06T08:46:26.249Z] [info] Using stable_hash_id: 519cefd56a0595cd29e6a0ec1e0a6296
[2025-03-06T08:46:26.313Z] [info] Found 1 packages using stable_hash_id
[2025-03-06T08:46:26.314Z] [info] Syncing 1 packages for customer 4920780
[2025-03-06T08:46:26.396Z] [debug] Package data for f700c08e-c985-4192-90c8-3429da4b0003:
{
  "customer_name": "David G. (842695447)",
  "package_type": "Package Type 5",
  "expiration": "2025-06-15",
  "stable_hash_id": "519cefd56a0595cd29e6a0ec1e0a6296"
}
[2025-03-06T08:46:26.476Z] [info] Updated package f700c08e-c985-4192-90c8-3429da4b0003 with stable_hash_id 519cefd56a0595cd29e6a0ec1e0a6296
[2025-03-06T08:46:26.476Z] [info] Processed profile 44b0cd15-c901-4517-9743-31c68032259d (Packages: 1, Added: 0, Updated: 1, Errors: 0)
[2025-03-06T08:46:26.477Z] [info] Processing profile 3afaf5ea-d8c5-4745-9d7d-ba99ab162e1e
[2025-03-06T08:46:26.568Z] [info] Profile: David Geiermann
[2025-03-06T08:46:26.568Z] [info] Phone: +66842695447
[2025-03-06T08:46:26.741Z] [info] Found CRM customer: David G. (4920780)
[2025-03-06T08:46:26.813Z] [info] Updating existing mapping for profile 3afaf5ea-d8c5-4745-9d7d-ba99ab162e1e
[2025-03-06T08:46:26.813Z] [info] Mapping for profile 3afaf5ea-d8c5-4745-9d7d-ba99ab162e1e already has the correct stable_hash_id
[2025-03-06T08:46:26.814Z] [info] Fetching packages for profile 3afaf5ea-d8c5-4745-9d7d-ba99ab162e1e
[2025-03-06T08:46:26.896Z] [warn] Error fetching package types: relation "public.package_type" does not exist
[2025-03-06T08:46:26.897Z] [info] Using stable_hash_id: 519cefd56a0595cd29e6a0ec1e0a6296
[2025-03-06T08:46:26.979Z] [info] Found 1 packages using stable_hash_id
[2025-03-06T08:46:26.979Z] [info] Syncing 1 packages for customer 4920780
[2025-03-06T08:46:27.045Z] [debug] Package data for f700c08e-c985-4192-90c8-3429da4b0003:
{
  "customer_name": "David G. (842695447)",
  "package_type": "Package Type 5",
  "expiration": "2025-06-15",
  "stable_hash_id": "519cefd56a0595cd29e6a0ec1e0a6296"
}
[2025-03-06T08:46:27.123Z] [info] Updated package f700c08e-c985-4192-90c8-3429da4b0003 with stable_hash_id 519cefd56a0595cd29e6a0ec1e0a6296
[2025-03-06T08:46:27.124Z] [info] Processed profile 3afaf5ea-d8c5-4745-9d7d-ba99ab162e1e (Packages: 1, Added: 0, Updated: 1, Errors: 0)
[2025-03-06T08:46:27.124Z] [info] Processing profile f7775120-f37f-45e5-92b9-0388f8670ea5
[2025-03-06T08:46:27.191Z] [info] Profile: David Geiermann
[2025-03-06T08:46:27.191Z] [info] Phone: +66842695447
[2025-03-06T08:46:27.366Z] [info] Found CRM customer: David G. (4920780)
[2025-03-06T08:46:27.431Z] [info] Updating existing mapping for profile f7775120-f37f-45e5-92b9-0388f8670ea5
[2025-03-06T08:46:27.431Z] [info] Mapping for profile f7775120-f37f-45e5-92b9-0388f8670ea5 already has the correct stable_hash_id
[2025-03-06T08:46:27.432Z] [info] Fetching packages for profile f7775120-f37f-45e5-92b9-0388f8670ea5
[2025-03-06T08:46:27.500Z] [warn] Error fetching package types: relation "public.package_type" does not exist
[2025-03-06T08:46:27.500Z] [info] Using stable_hash_id: 519cefd56a0595cd29e6a0ec1e0a6296
[2025-03-06T08:46:27.566Z] [info] Found 1 packages using stable_hash_id
[2025-03-06T08:46:27.567Z] [info] Syncing 1 packages for customer 4920780
[2025-03-06T08:46:27.637Z] [debug] Package data for f700c08e-c985-4192-90c8-3429da4b0003:
{
  "customer_name": "David G. (842695447)",
  "package_type": "Package Type 5",
  "expiration": "2025-06-15",
  "stable_hash_id": "519cefd56a0595cd29e6a0ec1e0a6296"
}
[2025-03-06T08:46:27.716Z] [info] Updated package f700c08e-c985-4192-90c8-3429da4b0003 with stable_hash_id 519cefd56a0595cd29e6a0ec1e0a6296
[2025-03-06T08:46:27.716Z] [info] Processed profile f7775120-f37f-45e5-92b9-0388f8670ea5 (Packages: 1, Added: 0, Updated: 1, Errors: 0)
[2025-03-06T08:46:27.717Z] [info] ====== Sync Completed ======
[2025-03-06T08:46:27.717Z] [info] Total Profiles Processed: 3
[2025-03-06T08:46:27.717Z] [info] Successfully Processed: 3
[2025-03-06T08:46:27.717Z] [info] Failed: 0
