[2025-03-06T08:29:16.582Z] [info] Starting sync of mapped customers and packages
[2025-03-06T08:29:16.585Z] [info] Fetching all CRM customer mappings...
[2025-03-06T08:29:17.190Z] [info] Found 3 CRM customer mappings
[2025-03-06T08:29:17.191Z] [info] Found 3 total mappings to process
[2025-03-06T08:29:17.191Z] [info] Processing batch 1 of 1
[2025-03-06T08:29:17.191Z] [info] Processing mapping 1/3 for profile 44b0cd15-c901-4517-9743-31c68032259d
[2025-03-06T08:29:17.192Z] [info] Fetching packages for profile 44b0cd15-c901-4517-9743-31c68032259d
[2025-03-06T08:29:17.192Z] [info] Using stable_hash_id: 8a2df0c9eaec862a7658d817ddb32c3b
[2025-03-06T08:29:17.323Z] [debug] No packages found using stable_hash_id
[2025-03-06T08:29:17.324Z] [info] Falling back to customer ID lookup: 4920780
[2025-03-06T08:29:17.387Z] [debug] Column 'customer_id' does not exist in packages table
[2025-03-06T08:29:17.458Z] [debug] Column 'stable_id' does not exist in packages table
[2025-03-06T08:29:17.520Z] [debug] Column 'customer' does not exist in packages table
[2025-03-06T08:29:17.616Z] [debug] Column 'id_customer' does not exist in packages table
[2025-03-06T08:29:17.689Z] [error] Error fetching packages using column 'id': invalid input syntax for type uuid: "4920780"
[2025-03-06T08:29:17.689Z] [info] No packages found for this customer using any known column name
[2025-03-06T08:29:17.690Z] [info] No packages to sync for customer 4920780
[2025-03-06T08:29:17.690Z] [info] Processed 0 packages for customer 4920780 (Added: 0, Updated: 0, Errors: 0)
[2025-03-06T08:29:17.690Z] [info] Processing mapping 2/3 for profile 3afaf5ea-d8c5-4745-9d7d-ba99ab162e1e
[2025-03-06T08:29:17.690Z] [info] Fetching packages for profile 3afaf5ea-d8c5-4745-9d7d-ba99ab162e1e
[2025-03-06T08:29:17.691Z] [info] Using stable_hash_id: 8a2df0c9eaec862a7658d817ddb32c3b
[2025-03-06T08:29:17.749Z] [debug] No packages found using stable_hash_id
[2025-03-06T08:29:17.749Z] [info] Falling back to customer ID lookup: 4920780
[2025-03-06T08:29:17.814Z] [debug] Column 'customer_id' does not exist in packages table
[2025-03-06T08:29:17.874Z] [debug] Column 'stable_id' does not exist in packages table
[2025-03-06T08:29:17.946Z] [debug] Column 'customer' does not exist in packages table
[2025-03-06T08:29:18.009Z] [debug] Column 'id_customer' does not exist in packages table
[2025-03-06T08:29:18.069Z] [error] Error fetching packages using column 'id': invalid input syntax for type uuid: "4920780"
[2025-03-06T08:29:18.070Z] [info] No packages found for this customer using any known column name
[2025-03-06T08:29:18.070Z] [info] No packages to sync for customer 4920780
[2025-03-06T08:29:18.070Z] [info] Processed 0 packages for customer 4920780 (Added: 0, Updated: 0, Errors: 0)
[2025-03-06T08:29:18.070Z] [info] Processing mapping 3/3 for profile f7775120-f37f-45e5-92b9-0388f8670ea5
[2025-03-06T08:29:18.071Z] [info] Fetching packages for profile f7775120-f37f-45e5-92b9-0388f8670ea5
[2025-03-06T08:29:18.071Z] [info] Using stable_hash_id: 8a2df0c9eaec862a7658d817ddb32c3b
[2025-03-06T08:29:18.139Z] [debug] No packages found using stable_hash_id
[2025-03-06T08:29:18.140Z] [info] Falling back to customer ID lookup: 4920780
[2025-03-06T08:29:18.208Z] [debug] Column 'customer_id' does not exist in packages table
[2025-03-06T08:29:18.277Z] [debug] Column 'stable_id' does not exist in packages table
[2025-03-06T08:29:18.337Z] [debug] Column 'customer' does not exist in packages table
[2025-03-06T08:29:18.414Z] [debug] Column 'id_customer' does not exist in packages table
[2025-03-06T08:29:18.499Z] [error] Error fetching packages using column 'id': invalid input syntax for type uuid: "4920780"
[2025-03-06T08:29:18.499Z] [info] No packages found for this customer using any known column name
[2025-03-06T08:29:18.499Z] [info] No packages to sync for customer 4920780
[2025-03-06T08:29:18.499Z] [info] Processed 0 packages for customer 4920780 (Added: 0, Updated: 0, Errors: 0)
[2025-03-06T08:29:18.499Z] [info] ====== Sync Completed ======
[2025-03-06T08:29:18.500Z] [info] Total Mappings Processed: 3
[2025-03-06T08:29:18.500Z] [info] Total Packages Found: 0
[2025-03-06T08:29:18.500Z] [info] Total Packages Added: 0
[2025-03-06T08:29:18.500Z] [info] Total Packages Updated: 0
[2025-03-06T08:29:18.500Z] [info] Total Errors: 0
