[2025-03-06T08:34:55.565Z] [info] Starting sync of mapped customers and packages
[2025-03-06T08:34:55.567Z] [info] Fetching all CRM customer mappings...
[2025-03-06T08:34:56.763Z] [info] Found 3 CRM customer mappings
[2025-03-06T08:34:56.763Z] [info] Found 3 total mappings to process
[2025-03-06T08:34:56.763Z] [info] Processing batch 1 of 1
[2025-03-06T08:34:56.764Z] [info] Processing mapping 1/3 for profile 44b0cd15-c901-4517-9743-31c68032259d
[2025-03-06T08:34:56.764Z] [info] Fetching packages for profile 44b0cd15-c901-4517-9743-31c68032259d
[2025-03-06T08:34:56.764Z] [info] Using stable_hash_id: 8a2df0c9eaec862a7658d817ddb32c3b
[2025-03-06T08:34:57.300Z] [debug] No packages found using stable_hash_id
[2025-03-06T08:34:57.301Z] [info] Falling back to customer ID lookup: 4920780
[2025-03-06T08:34:57.380Z] [info] No packages found for this customer
[2025-03-06T08:34:57.381Z] [info] No packages to sync for customer 4920780
[2025-03-06T08:34:57.381Z] [info] Processed 0 packages for customer 4920780 (Added: 0, Updated: 0, Errors: 0)
[2025-03-06T08:34:57.381Z] [info] Processing mapping 2/3 for profile 3afaf5ea-d8c5-4745-9d7d-ba99ab162e1e
[2025-03-06T08:34:57.381Z] [info] Fetching packages for profile 3afaf5ea-d8c5-4745-9d7d-ba99ab162e1e
[2025-03-06T08:34:57.381Z] [info] Using stable_hash_id: 8a2df0c9eaec862a7658d817ddb32c3b
[2025-03-06T08:34:57.450Z] [debug] No packages found using stable_hash_id
[2025-03-06T08:34:57.451Z] [info] Falling back to customer ID lookup: 4920780
[2025-03-06T08:34:57.513Z] [info] No packages found for this customer
[2025-03-06T08:34:57.513Z] [info] No packages to sync for customer 4920780
[2025-03-06T08:34:57.514Z] [info] Processed 0 packages for customer 4920780 (Added: 0, Updated: 0, Errors: 0)
[2025-03-06T08:34:57.514Z] [info] Processing mapping 3/3 for profile f7775120-f37f-45e5-92b9-0388f8670ea5
[2025-03-06T08:34:57.514Z] [info] Fetching packages for profile f7775120-f37f-45e5-92b9-0388f8670ea5
[2025-03-06T08:34:57.514Z] [info] Using stable_hash_id: 8a2df0c9eaec862a7658d817ddb32c3b
[2025-03-06T08:34:57.581Z] [debug] No packages found using stable_hash_id
[2025-03-06T08:34:57.581Z] [info] Falling back to customer ID lookup: 4920780
[2025-03-06T08:34:57.645Z] [info] No packages found for this customer
[2025-03-06T08:34:57.645Z] [info] No packages to sync for customer 4920780
[2025-03-06T08:34:57.646Z] [info] Processed 0 packages for customer 4920780 (Added: 0, Updated: 0, Errors: 0)
[2025-03-06T08:34:57.646Z] [info] ====== Sync Completed ======
[2025-03-06T08:34:57.646Z] [info] Total Mappings Processed: 3
[2025-03-06T08:34:57.647Z] [info] Total Packages Found: 0
[2025-03-06T08:34:57.647Z] [info] Total Packages Added: 0
[2025-03-06T08:34:57.647Z] [info] Total Packages Updated: 0
[2025-03-06T08:34:57.647Z] [info] Total Errors: 0
