[2025-03-06T08:51:49.953Z] [info] Starting sync for David G. profiles
[2025-03-06T08:51:49.956Z] [info] Processing profile 44b0cd15-c901-4517-9743-31c68032259d
[2025-03-06T08:51:50.153Z] [info] Profile: David Geiermann
[2025-03-06T08:51:50.153Z] [info] Phone: 0842695447
[2025-03-06T08:51:50.410Z] [info] Found CRM customer: David G. (4920780)
[2025-03-06T08:51:50.477Z] [info] Updating existing mapping for profile 44b0cd15-c901-4517-9743-31c68032259d
[2025-03-06T08:51:50.477Z] [info] Mapping for profile 44b0cd15-c901-4517-9743-31c68032259d already has the correct stable_hash_id
[2025-03-06T08:51:50.477Z] [info] Fetching packages for profile 44b0cd15-c901-4517-9743-31c68032259d
[2025-03-06T08:51:50.477Z] [info] Using stable_hash_id: 519cefd56a0595cd29e6a0ec1e0a6296 with database function
[2025-03-06T08:51:50.546Z] [error] Error using database function: structure of query does not match function result type
[2025-03-06T08:51:50.546Z] [info] Falling back to direct query with stable_hash_id
[2025-03-06T08:51:50.608Z] [info] Found 1 packages using direct stable_hash_id query
[2025-03-06T08:51:50.685Z] [debug] First package data (direct query):
{
  "id": "f700c08e-c985-4192-90c8-3429da4b0003",
  "created_at": "2024-12-16T14:19:08.105466+00:00",
  "customer_name": "David G. (842695447)",
  "package_type_id": 5,
  "purchase_date": "2024-12-16",
  "first_use_date": "2024-12-16",
  "employee_name": "Dolly",
  "expiration_date": "2025-06-15",
  "stable_hash_id": "519cefd56a0595cd29e6a0ec1e0a6296",
  "package_type_name": "Package Type 5"
}
[2025-03-06T08:51:50.686Z] [info] Syncing 1 packages for customer 4920780
[2025-03-06T08:51:50.756Z] [debug] Package data for f700c08e-c985-4192-90c8-3429da4b0003:
{
  "customer_name": "David G. (842695447)",
  "package_type_name": "Package Type 5",
  "expiration": "2025-06-15",
  "stable_hash_id": "519cefd56a0595cd29e6a0ec1e0a6296"
}
[2025-03-06T08:51:50.820Z] [info] Updated package f700c08e-c985-4192-90c8-3429da4b0003 with stable_hash_id 519cefd56a0595cd29e6a0ec1e0a6296
[2025-03-06T08:51:50.820Z] [info] Processed profile 44b0cd15-c901-4517-9743-31c68032259d (Packages: 1, Added: 0, Updated: 1, Errors: 0)
[2025-03-06T08:51:50.820Z] [info] Processing profile 3afaf5ea-d8c5-4745-9d7d-ba99ab162e1e
[2025-03-06T08:51:50.921Z] [info] Profile: David Geiermann
[2025-03-06T08:51:50.921Z] [info] Phone: +66842695447
[2025-03-06T08:51:51.096Z] [info] Found CRM customer: David G. (4920780)
[2025-03-06T08:51:51.160Z] [info] Updating existing mapping for profile 3afaf5ea-d8c5-4745-9d7d-ba99ab162e1e
[2025-03-06T08:51:51.160Z] [info] Mapping for profile 3afaf5ea-d8c5-4745-9d7d-ba99ab162e1e already has the correct stable_hash_id
[2025-03-06T08:51:51.161Z] [info] Fetching packages for profile 3afaf5ea-d8c5-4745-9d7d-ba99ab162e1e
[2025-03-06T08:51:51.161Z] [info] Using stable_hash_id: 519cefd56a0595cd29e6a0ec1e0a6296 with database function
[2025-03-06T08:51:51.232Z] [error] Error using database function: structure of query does not match function result type
[2025-03-06T08:51:51.233Z] [info] Falling back to direct query with stable_hash_id
[2025-03-06T08:51:51.298Z] [info] Found 1 packages using direct stable_hash_id query
[2025-03-06T08:51:51.365Z] [debug] First package data (direct query):
{
  "id": "f700c08e-c985-4192-90c8-3429da4b0003",
  "created_at": "2024-12-16T14:19:08.105466+00:00",
  "customer_name": "David G. (842695447)",
  "package_type_id": 5,
  "purchase_date": "2024-12-16",
  "first_use_date": "2024-12-16",
  "employee_name": "Dolly",
  "expiration_date": "2025-06-15",
  "stable_hash_id": "519cefd56a0595cd29e6a0ec1e0a6296",
  "package_type_name": "Package Type 5"
}
[2025-03-06T08:51:51.365Z] [info] Syncing 1 packages for customer 4920780
[2025-03-06T08:51:51.430Z] [debug] Package data for f700c08e-c985-4192-90c8-3429da4b0003:
{
  "customer_name": "David G. (842695447)",
  "package_type_name": "Package Type 5",
  "expiration": "2025-06-15",
  "stable_hash_id": "519cefd56a0595cd29e6a0ec1e0a6296"
}
[2025-03-06T08:51:51.495Z] [info] Updated package f700c08e-c985-4192-90c8-3429da4b0003 with stable_hash_id 519cefd56a0595cd29e6a0ec1e0a6296
[2025-03-06T08:51:51.495Z] [info] Processed profile 3afaf5ea-d8c5-4745-9d7d-ba99ab162e1e (Packages: 1, Added: 0, Updated: 1, Errors: 0)
[2025-03-06T08:51:51.496Z] [info] Processing profile f7775120-f37f-45e5-92b9-0388f8670ea5
[2025-03-06T08:51:51.559Z] [info] Profile: David Geiermann
[2025-03-06T08:51:51.559Z] [info] Phone: +66842695447
[2025-03-06T08:51:51.763Z] [info] Found CRM customer: David G. (4920780)
[2025-03-06T08:51:51.826Z] [info] Updating existing mapping for profile f7775120-f37f-45e5-92b9-0388f8670ea5
[2025-03-06T08:51:51.827Z] [info] Mapping for profile f7775120-f37f-45e5-92b9-0388f8670ea5 already has the correct stable_hash_id
[2025-03-06T08:51:51.827Z] [info] Fetching packages for profile f7775120-f37f-45e5-92b9-0388f8670ea5
[2025-03-06T08:51:51.827Z] [info] Using stable_hash_id: 519cefd56a0595cd29e6a0ec1e0a6296 with database function
[2025-03-06T08:51:51.892Z] [error] Error using database function: structure of query does not match function result type
[2025-03-06T08:51:51.892Z] [info] Falling back to direct query with stable_hash_id
[2025-03-06T08:51:51.953Z] [info] Found 1 packages using direct stable_hash_id query
[2025-03-06T08:51:52.011Z] [debug] First package data (direct query):
{
  "id": "f700c08e-c985-4192-90c8-3429da4b0003",
  "created_at": "2024-12-16T14:19:08.105466+00:00",
  "customer_name": "David G. (842695447)",
  "package_type_id": 5,
  "purchase_date": "2024-12-16",
  "first_use_date": "2024-12-16",
  "employee_name": "Dolly",
  "expiration_date": "2025-06-15",
  "stable_hash_id": "519cefd56a0595cd29e6a0ec1e0a6296",
  "package_type_name": "Package Type 5"
}
[2025-03-06T08:51:52.012Z] [info] Syncing 1 packages for customer 4920780
[2025-03-06T08:51:52.072Z] [debug] Package data for f700c08e-c985-4192-90c8-3429da4b0003:
{
  "customer_name": "David G. (842695447)",
  "package_type_name": "Package Type 5",
  "expiration": "2025-06-15",
  "stable_hash_id": "519cefd56a0595cd29e6a0ec1e0a6296"
}
[2025-03-06T08:51:52.134Z] [info] Updated package f700c08e-c985-4192-90c8-3429da4b0003 with stable_hash_id 519cefd56a0595cd29e6a0ec1e0a6296
[2025-03-06T08:51:52.134Z] [info] Processed profile f7775120-f37f-45e5-92b9-0388f8670ea5 (Packages: 1, Added: 0, Updated: 1, Errors: 0)
[2025-03-06T08:51:52.134Z] [info] ====== Sync Completed ======
[2025-03-06T08:51:52.134Z] [info] Total Profiles Processed: 3
[2025-03-06T08:51:52.135Z] [info] Successfully Processed: 3
[2025-03-06T08:51:52.135Z] [info] Failed: 0
