[2025-03-06T08:52:01.987Z] [info] Starting sync for David G. profiles
[2025-03-06T08:52:01.990Z] [info] Processing profile 44b0cd15-c901-4517-9743-31c68032259d
[2025-03-06T08:52:02.158Z] [info] Profile: David Geiermann
[2025-03-06T08:52:02.159Z] [info] Phone: 0842695447
[2025-03-06T08:52:02.387Z] [info] Found CRM customer: David G. (4920780)
[2025-03-06T08:52:02.447Z] [info] Updating existing mapping for profile 44b0cd15-c901-4517-9743-31c68032259d
[2025-03-06T08:52:02.447Z] [info] Mapping for profile 44b0cd15-c901-4517-9743-31c68032259d already has the correct stable_hash_id
[2025-03-06T08:52:02.447Z] [info] Fetching packages for profile 44b0cd15-c901-4517-9743-31c68032259d
[2025-03-06T08:52:02.448Z] [info] Using stable_hash_id: 519cefd56a0595cd29e6a0ec1e0a6296 with database function
[2025-03-06T08:52:02.526Z] [error] Error using database function: structure of query does not match function result type
[2025-03-06T08:52:02.526Z] [info] Falling back to direct query with stable_hash_id
[2025-03-06T08:52:02.591Z] [info] Found 1 packages using direct stable_hash_id query
[2025-03-06T08:52:02.653Z] [debug] First package data (direct query):
{
  "id": "f700c08e-c985-4192-90c8-3429da4b0003",
  "created_at": "2024-12-16T14:19:08.105466+00:00",
  "customer_name": "David G. (842695447)",
  "package_type_id": 5,
  "purchase_date": "2024-12-16",
  "first_use_date": "2024-12-16",
  "employee_name": "Dolly",
  "expiration_date": "2025-06-15",
  "stable_hash_id": "519cefd56a0595cd29e6a0ec1e0a6296",
  "package_type_name": "Package Type 5"
}
[2025-03-06T08:52:02.655Z] [info] Syncing 1 packages for customer 4920780
[2025-03-06T08:52:02.730Z] [debug] Package data for f700c08e-c985-4192-90c8-3429da4b0003:
{
  "customer_name": "David G. (842695447)",
  "package_type_name": "Package Type 5",
  "expiration": "2025-06-15",
  "stable_hash_id": "519cefd56a0595cd29e6a0ec1e0a6296"
}
[2025-03-06T08:52:02.793Z] [info] Updated package f700c08e-c985-4192-90c8-3429da4b0003 with stable_hash_id 519cefd56a0595cd29e6a0ec1e0a6296
[2025-03-06T08:52:02.793Z] [info] Processed profile 44b0cd15-c901-4517-9743-31c68032259d (Packages: 1, Added: 0, Updated: 1, Errors: 0)
[2025-03-06T08:52:02.793Z] [info] Processing profile 3afaf5ea-d8c5-4745-9d7d-ba99ab162e1e
[2025-03-06T08:52:02.890Z] [info] Profile: David Geiermann
[2025-03-06T08:52:02.891Z] [info] Phone: +66842695447
[2025-03-06T08:52:03.086Z] [info] Found CRM customer: David G. (4920780)
[2025-03-06T08:52:03.155Z] [info] Updating existing mapping for profile 3afaf5ea-d8c5-4745-9d7d-ba99ab162e1e
[2025-03-06T08:52:03.155Z] [info] Mapping for profile 3afaf5ea-d8c5-4745-9d7d-ba99ab162e1e already has the correct stable_hash_id
[2025-03-06T08:52:03.155Z] [info] Fetching packages for profile 3afaf5ea-d8c5-4745-9d7d-ba99ab162e1e
[2025-03-06T08:52:03.155Z] [info] Using stable_hash_id: 519cefd56a0595cd29e6a0ec1e0a6296 with database function
[2025-03-06T08:52:03.218Z] [error] Error using database function: structure of query does not match function result type
[2025-03-06T08:52:03.218Z] [info] Falling back to direct query with stable_hash_id
[2025-03-06T08:52:03.279Z] [info] Found 1 packages using direct stable_hash_id query
[2025-03-06T08:52:03.351Z] [debug] First package data (direct query):
{
  "id": "f700c08e-c985-4192-90c8-3429da4b0003",
  "created_at": "2024-12-16T14:19:08.105466+00:00",
  "customer_name": "David G. (842695447)",
  "package_type_id": 5,
  "purchase_date": "2024-12-16",
  "first_use_date": "2024-12-16",
  "employee_name": "Dolly",
  "expiration_date": "2025-06-15",
  "stable_hash_id": "519cefd56a0595cd29e6a0ec1e0a6296",
  "package_type_name": "Package Type 5"
}
[2025-03-06T08:52:03.351Z] [info] Syncing 1 packages for customer 4920780
[2025-03-06T08:52:03.418Z] [debug] Package data for f700c08e-c985-4192-90c8-3429da4b0003:
{
  "customer_name": "David G. (842695447)",
  "package_type_name": "Package Type 5",
  "expiration": "2025-06-15",
  "stable_hash_id": "519cefd56a0595cd29e6a0ec1e0a6296"
}
[2025-03-06T08:52:03.490Z] [info] Updated package f700c08e-c985-4192-90c8-3429da4b0003 with stable_hash_id 519cefd56a0595cd29e6a0ec1e0a6296
[2025-03-06T08:52:03.490Z] [info] Processed profile 3afaf5ea-d8c5-4745-9d7d-ba99ab162e1e (Packages: 1, Added: 0, Updated: 1, Errors: 0)
[2025-03-06T08:52:03.490Z] [info] Processing profile f7775120-f37f-45e5-92b9-0388f8670ea5
[2025-03-06T08:52:03.559Z] [info] Profile: David Geiermann
[2025-03-06T08:52:03.559Z] [info] Phone: +66842695447
[2025-03-06T08:52:03.734Z] [info] Found CRM customer: David G. (4920780)
[2025-03-06T08:52:03.805Z] [info] Updating existing mapping for profile f7775120-f37f-45e5-92b9-0388f8670ea5
[2025-03-06T08:52:03.805Z] [info] Mapping for profile f7775120-f37f-45e5-92b9-0388f8670ea5 already has the correct stable_hash_id
[2025-03-06T08:52:03.805Z] [info] Fetching packages for profile f7775120-f37f-45e5-92b9-0388f8670ea5
[2025-03-06T08:52:03.805Z] [info] Using stable_hash_id: 519cefd56a0595cd29e6a0ec1e0a6296 with database function
[2025-03-06T08:52:03.868Z] [error] Error using database function: structure of query does not match function result type
[2025-03-06T08:52:03.868Z] [info] Falling back to direct query with stable_hash_id
[2025-03-06T08:52:03.925Z] [info] Found 1 packages using direct stable_hash_id query
[2025-03-06T08:52:03.985Z] [debug] First package data (direct query):
{
  "id": "f700c08e-c985-4192-90c8-3429da4b0003",
  "created_at": "2024-12-16T14:19:08.105466+00:00",
  "customer_name": "David G. (842695447)",
  "package_type_id": 5,
  "purchase_date": "2024-12-16",
  "first_use_date": "2024-12-16",
  "employee_name": "Dolly",
  "expiration_date": "2025-06-15",
  "stable_hash_id": "519cefd56a0595cd29e6a0ec1e0a6296",
  "package_type_name": "Package Type 5"
}
[2025-03-06T08:52:03.985Z] [info] Syncing 1 packages for customer 4920780
[2025-03-06T08:52:04.052Z] [debug] Package data for f700c08e-c985-4192-90c8-3429da4b0003:
{
  "customer_name": "David G. (842695447)",
  "package_type_name": "Package Type 5",
  "expiration": "2025-06-15",
  "stable_hash_id": "519cefd56a0595cd29e6a0ec1e0a6296"
}
[2025-03-06T08:52:04.110Z] [info] Updated package f700c08e-c985-4192-90c8-3429da4b0003 with stable_hash_id 519cefd56a0595cd29e6a0ec1e0a6296
[2025-03-06T08:52:04.110Z] [info] Processed profile f7775120-f37f-45e5-92b9-0388f8670ea5 (Packages: 1, Added: 0, Updated: 1, Errors: 0)
[2025-03-06T08:52:04.110Z] [info] ====== Sync Completed ======
[2025-03-06T08:52:04.111Z] [info] Total Profiles Processed: 3
[2025-03-06T08:52:04.111Z] [info] Successfully Processed: 3
[2025-03-06T08:52:04.111Z] [info] Failed: 0
