[2025-03-06T08:35:28.981Z] [info] Starting sync of mapped customers and packages
[2025-03-06T08:35:28.983Z] [info] Fetching all CRM customer mappings...
[2025-03-06T08:35:29.148Z] [info] Found 3 CRM customer mappings
[2025-03-06T08:35:29.149Z] [info] Found 3 total mappings to process
[2025-03-06T08:35:29.149Z] [info] Processing batch 1 of 1
[2025-03-06T08:35:29.149Z] [info] Processing mapping 1/3 for profile 44b0cd15-c901-4517-9743-31c68032259d
[2025-03-06T08:35:29.150Z] [info] Fetching packages for profile 44b0cd15-c901-4517-9743-31c68032259d
[2025-03-06T08:35:29.150Z] [info] Using stable_hash_id: 8a2df0c9eaec862a7658d817ddb32c3b
[2025-03-06T08:35:29.270Z] [debug] No packages found using stable_hash_id
[2025-03-06T08:35:29.270Z] [info] Falling back to customer ID lookup: 4920780
[2025-03-06T08:35:29.348Z] [info] No packages found for this customer
[2025-03-06T08:35:29.348Z] [info] No packages to sync for customer 4920780
[2025-03-06T08:35:29.348Z] [info] Processed 0 packages for customer 4920780 (Added: 0, Updated: 0, Errors: 0)
[2025-03-06T08:35:29.349Z] [info] Processing mapping 2/3 for profile 3afaf5ea-d8c5-4745-9d7d-ba99ab162e1e
[2025-03-06T08:35:29.349Z] [info] Fetching packages for profile 3afaf5ea-d8c5-4745-9d7d-ba99ab162e1e
[2025-03-06T08:35:29.349Z] [info] Using stable_hash_id: 8a2df0c9eaec862a7658d817ddb32c3b
[2025-03-06T08:35:29.422Z] [debug] No packages found using stable_hash_id
[2025-03-06T08:35:29.423Z] [info] Falling back to customer ID lookup: 4920780
[2025-03-06T08:35:29.485Z] [info] No packages found for this customer
[2025-03-06T08:35:29.485Z] [info] No packages to sync for customer 4920780
[2025-03-06T08:35:29.486Z] [info] Processed 0 packages for customer 4920780 (Added: 0, Updated: 0, Errors: 0)
[2025-03-06T08:35:29.486Z] [info] Processing mapping 3/3 for profile f7775120-f37f-45e5-92b9-0388f8670ea5
[2025-03-06T08:35:29.486Z] [info] Fetching packages for profile f7775120-f37f-45e5-92b9-0388f8670ea5
[2025-03-06T08:35:29.486Z] [info] Using stable_hash_id: 8a2df0c9eaec862a7658d817ddb32c3b
[2025-03-06T08:35:29.545Z] [debug] No packages found using stable_hash_id
[2025-03-06T08:35:29.545Z] [info] Falling back to customer ID lookup: 4920780
[2025-03-06T08:35:29.607Z] [info] No packages found for this customer
[2025-03-06T08:35:29.607Z] [info] No packages to sync for customer 4920780
[2025-03-06T08:35:29.608Z] [info] Processed 0 packages for customer 4920780 (Added: 0, Updated: 0, Errors: 0)
[2025-03-06T08:35:29.608Z] [info] ====== Sync Completed ======
[2025-03-06T08:35:29.608Z] [info] Total Mappings Processed: 3
[2025-03-06T08:35:29.609Z] [info] Total Packages Found: 0
[2025-03-06T08:35:29.609Z] [info] Total Packages Added: 0
[2025-03-06T08:35:29.609Z] [info] Total Packages Updated: 0
[2025-03-06T08:35:29.609Z] [info] Total Errors: 0
