[2025-03-06T08:25:20.227Z] [info] Starting sync of mapped customers and packages
[2025-03-06T08:25:20.230Z] [info] Fetching all CRM customer mappings...
[2025-03-06T08:25:20.408Z] [info] Found 3 CRM customer mappings
[2025-03-06T08:25:20.408Z] [info] Processing mapping 1/3 for profile 44b0cd15-c901-4517-9743-31c68032259d
[2025-03-06T08:25:20.529Z] [error] Error fetching packages for customer 4920780: column packages.customer_id does not exist
[2025-03-06T08:25:20.529Z] [info] No packages to sync for customer 4920780
[2025-03-06T08:25:20.530Z] [info] Processed 0 packages for customer 4920780 (Added: 0, Updated: 0, Errors: 0)
[2025-03-06T08:25:20.530Z] [info] Processing mapping 2/3 for profile 3afaf5ea-d8c5-4745-9d7d-ba99ab162e1e
[2025-03-06T08:25:20.611Z] [error] Error fetching packages for customer 4920780: column packages.customer_id does not exist
[2025-03-06T08:25:20.612Z] [info] No packages to sync for customer 4920780
[2025-03-06T08:25:20.612Z] [info] Processed 0 packages for customer 4920780 (Added: 0, Updated: 0, Errors: 0)
[2025-03-06T08:25:20.612Z] [info] Processing mapping 3/3 for profile f7775120-f37f-45e5-92b9-0388f8670ea5
[2025-03-06T08:25:20.740Z] [error] Error fetching packages for customer 4920780: column packages.customer_id does not exist
[2025-03-06T08:25:20.740Z] [info] No packages to sync for customer 4920780
[2025-03-06T08:25:20.740Z] [info] Processed 0 packages for customer 4920780 (Added: 0, Updated: 0, Errors: 0)
[2025-03-06T08:25:20.740Z] [info] ====== Sync Completed ======
[2025-03-06T08:25:20.741Z] [info] Total Mappings Processed: 3
[2025-03-06T08:25:20.741Z] [info] Total Packages Found: 0
[2025-03-06T08:25:20.741Z] [info] Total Packages Added: 0
[2025-03-06T08:25:20.741Z] [info] Total Packages Updated: 0
[2025-03-06T08:25:20.741Z] [info] Total Errors: 0
