[2025-03-06T08:50:19.812Z] [info] Starting sync for David G. profiles
[2025-03-06T08:50:19.814Z] [info] Processing profile 44b0cd15-c901-4517-9743-31c68032259d
[2025-03-06T08:50:19.984Z] [info] Profile: David Geiermann
[2025-03-06T08:50:19.985Z] [info] Phone: 0842695447
[2025-03-06T08:50:20.199Z] [info] Found CRM customer: David G. (4920780)
[2025-03-06T08:50:20.262Z] [info] Updating existing mapping for profile 44b0cd15-c901-4517-9743-31c68032259d
[2025-03-06T08:50:20.263Z] [info] Mapping for profile 44b0cd15-c901-4517-9743-31c68032259d already has the correct stable_hash_id
[2025-03-06T08:50:20.263Z] [info] Fetching packages for profile 44b0cd15-c901-4517-9743-31c68032259d
[2025-03-06T08:50:20.263Z] [info] Using stable_hash_id: 519cefd56a0595cd29e6a0ec1e0a6296 with database function
[2025-03-06T08:50:20.324Z] [error] Error using database function: relation "package_type" does not exist
[2025-03-06T08:50:20.325Z] [info] Falling back to direct query with stable_hash_id
[2025-03-06T08:50:20.443Z] [info] Found 1 packages using direct stable_hash_id query
[2025-03-06T08:50:20.510Z] [debug] First package data (direct query):
{
  "id": "f700c08e-c985-4192-90c8-3429da4b0003",
  "created_at": "2024-12-16T14:19:08.105466+00:00",
  "customer_name": "David G. (842695447)",
  "package_type_id": 5,
  "purchase_date": "2024-12-16",
  "first_use_date": "2024-12-16",
  "employee_name": "Dolly",
  "expiration_date": "2025-06-15",
  "stable_hash_id": "519cefd56a0595cd29e6a0ec1e0a6296",
  "package_type_name": "Package Type 5"
}
[2025-03-06T08:50:20.511Z] [info] Syncing 1 packages for customer 4920780
[2025-03-06T08:50:20.575Z] [debug] Package data for f700c08e-c985-4192-90c8-3429da4b0003:
{
  "customer_name": "David G. (842695447)",
  "package_type": "Package Type 5",
  "expiration": "2025-06-15",
  "stable_hash_id": "519cefd56a0595cd29e6a0ec1e0a6296"
}
[2025-03-06T08:50:20.648Z] [info] Updated package f700c08e-c985-4192-90c8-3429da4b0003 with stable_hash_id 519cefd56a0595cd29e6a0ec1e0a6296
[2025-03-06T08:50:20.648Z] [info] Processed profile 44b0cd15-c901-4517-9743-31c68032259d (Packages: 1, Added: 0, Updated: 1, Errors: 0)
[2025-03-06T08:50:20.648Z] [info] Processing profile 3afaf5ea-d8c5-4745-9d7d-ba99ab162e1e
[2025-03-06T08:50:20.738Z] [info] Profile: David Geiermann
[2025-03-06T08:50:20.739Z] [info] Phone: +66842695447
[2025-03-06T08:50:20.936Z] [info] Found CRM customer: David G. (4920780)
[2025-03-06T08:50:21.004Z] [info] Updating existing mapping for profile 3afaf5ea-d8c5-4745-9d7d-ba99ab162e1e
[2025-03-06T08:50:21.004Z] [info] Mapping for profile 3afaf5ea-d8c5-4745-9d7d-ba99ab162e1e already has the correct stable_hash_id
[2025-03-06T08:50:21.005Z] [info] Fetching packages for profile 3afaf5ea-d8c5-4745-9d7d-ba99ab162e1e
[2025-03-06T08:50:21.005Z] [info] Using stable_hash_id: 519cefd56a0595cd29e6a0ec1e0a6296 with database function
[2025-03-06T08:50:21.078Z] [error] Error using database function: relation "package_type" does not exist
[2025-03-06T08:50:21.078Z] [info] Falling back to direct query with stable_hash_id
[2025-03-06T08:50:21.138Z] [info] Found 1 packages using direct stable_hash_id query
[2025-03-06T08:50:21.207Z] [debug] First package data (direct query):
{
  "id": "f700c08e-c985-4192-90c8-3429da4b0003",
  "created_at": "2024-12-16T14:19:08.105466+00:00",
  "customer_name": "David G. (842695447)",
  "package_type_id": 5,
  "purchase_date": "2024-12-16",
  "first_use_date": "2024-12-16",
  "employee_name": "Dolly",
  "expiration_date": "2025-06-15",
  "stable_hash_id": "519cefd56a0595cd29e6a0ec1e0a6296",
  "package_type_name": "Package Type 5"
}
[2025-03-06T08:50:21.208Z] [info] Syncing 1 packages for customer 4920780
[2025-03-06T08:50:21.276Z] [debug] Package data for f700c08e-c985-4192-90c8-3429da4b0003:
{
  "customer_name": "David G. (842695447)",
  "package_type": "Package Type 5",
  "expiration": "2025-06-15",
  "stable_hash_id": "519cefd56a0595cd29e6a0ec1e0a6296"
}
[2025-03-06T08:50:21.354Z] [info] Updated package f700c08e-c985-4192-90c8-3429da4b0003 with stable_hash_id 519cefd56a0595cd29e6a0ec1e0a6296
[2025-03-06T08:50:21.354Z] [info] Processed profile 3afaf5ea-d8c5-4745-9d7d-ba99ab162e1e (Packages: 1, Added: 0, Updated: 1, Errors: 0)
[2025-03-06T08:50:21.354Z] [info] Processing profile f7775120-f37f-45e5-92b9-0388f8670ea5
[2025-03-06T08:50:21.413Z] [info] Profile: David Geiermann
[2025-03-06T08:50:21.413Z] [info] Phone: +66842695447
[2025-03-06T08:50:21.580Z] [info] Found CRM customer: David G. (4920780)
[2025-03-06T08:50:21.645Z] [info] Updating existing mapping for profile f7775120-f37f-45e5-92b9-0388f8670ea5
[2025-03-06T08:50:21.645Z] [info] Mapping for profile f7775120-f37f-45e5-92b9-0388f8670ea5 already has the correct stable_hash_id
[2025-03-06T08:50:21.645Z] [info] Fetching packages for profile f7775120-f37f-45e5-92b9-0388f8670ea5
[2025-03-06T08:50:21.645Z] [info] Using stable_hash_id: 519cefd56a0595cd29e6a0ec1e0a6296 with database function
[2025-03-06T08:50:21.711Z] [error] Error using database function: relation "package_type" does not exist
[2025-03-06T08:50:21.712Z] [info] Falling back to direct query with stable_hash_id
[2025-03-06T08:50:21.773Z] [info] Found 1 packages using direct stable_hash_id query
[2025-03-06T08:50:21.850Z] [debug] First package data (direct query):
{
  "id": "f700c08e-c985-4192-90c8-3429da4b0003",
  "created_at": "2024-12-16T14:19:08.105466+00:00",
  "customer_name": "David G. (842695447)",
  "package_type_id": 5,
  "purchase_date": "2024-12-16",
  "first_use_date": "2024-12-16",
  "employee_name": "Dolly",
  "expiration_date": "2025-06-15",
  "stable_hash_id": "519cefd56a0595cd29e6a0ec1e0a6296",
  "package_type_name": "Package Type 5"
}
[2025-03-06T08:50:21.851Z] [info] Syncing 1 packages for customer 4920780
[2025-03-06T08:50:21.929Z] [debug] Package data for f700c08e-c985-4192-90c8-3429da4b0003:
{
  "customer_name": "David G. (842695447)",
  "package_type": "Package Type 5",
  "expiration": "2025-06-15",
  "stable_hash_id": "519cefd56a0595cd29e6a0ec1e0a6296"
}
[2025-03-06T08:50:21.990Z] [info] Updated package f700c08e-c985-4192-90c8-3429da4b0003 with stable_hash_id 519cefd56a0595cd29e6a0ec1e0a6296
[2025-03-06T08:50:21.991Z] [info] Processed profile f7775120-f37f-45e5-92b9-0388f8670ea5 (Packages: 1, Added: 0, Updated: 1, Errors: 0)
[2025-03-06T08:50:21.991Z] [info] ====== Sync Completed ======
[2025-03-06T08:50:21.991Z] [info] Total Profiles Processed: 3
[2025-03-06T08:50:21.991Z] [info] Successfully Processed: 3
[2025-03-06T08:50:21.991Z] [info] Failed: 0
