[2025-03-06T08:55:05.920Z] [info] Starting sync for David G. profiles
[2025-03-06T08:55:05.922Z] [info] Processing profile 44b0cd15-c901-4517-9743-31c68032259d
[2025-03-06T08:55:06.520Z] [info] Profile: David Geiermann
[2025-03-06T08:55:06.521Z] [info] Phone: 0842695447
[2025-03-06T08:55:07.187Z] [info] Found CRM customer: David G. (4920780)
[2025-03-06T08:55:07.253Z] [info] Updating existing mapping for profile 44b0cd15-c901-4517-9743-31c68032259d
[2025-03-06T08:55:07.253Z] [info] Mapping for profile 44b0cd15-c901-4517-9743-31c68032259d already has the correct stable_hash_id
[2025-03-06T08:55:07.254Z] [info] Fetching packages for profile 44b0cd15-c901-4517-9743-31c68032259d
[2025-03-06T08:55:07.254Z] [info] Using stable_hash_id: 519cefd56a0595cd29e6a0ec1e0a6296 with database function
[2025-03-06T08:55:07.322Z] [error] Error using database function: structure of query does not match function result type
[2025-03-06T08:55:07.322Z] [info] Falling back to direct query with stable_hash_id
[2025-03-06T08:55:07.385Z] [info] Found 1 packages using direct stable_hash_id query
[2025-03-06T08:55:07.454Z] [info] Found 11 package types in package_types table
[2025-03-06T08:55:07.455Z] [debug] Package type examples:
[
  [
    "1",
    "Early Bird (10H)"
  ],
  [
    "2",
    "Silver (15H)"
  ],
  [
    "3",
    "Bronze (5H)"
  ]
]
[2025-03-06T08:55:07.455Z] [debug] First package data (direct query):
{
  "id": "f700c08e-c985-4192-90c8-3429da4b0003",
  "created_at": "2024-12-16T14:19:08.105466+00:00",
  "customer_name": "David G. (842695447)",
  "package_type_id": 5,
  "purchase_date": "2024-12-16",
  "first_use_date": "2024-12-16",
  "employee_name": "Dolly",
  "expiration_date": "2025-06-15",
  "stable_hash_id": "519cefd56a0595cd29e6a0ec1e0a6296",
  "package_type_name": "Gold (30H)"
}
[2025-03-06T08:55:07.455Z] [info] Syncing 1 packages for customer 4920780
[2025-03-06T08:55:07.518Z] [debug] Package data for f700c08e-c985-4192-90c8-3429da4b0003:
{
  "customer_name": "David G. (842695447)",
  "package_type_name": "Gold (30H)",
  "expiration": "2025-06-15",
  "stable_hash_id": "519cefd56a0595cd29e6a0ec1e0a6296"
}
[2025-03-06T08:55:07.590Z] [info] Updated package f700c08e-c985-4192-90c8-3429da4b0003 with stable_hash_id 519cefd56a0595cd29e6a0ec1e0a6296
[2025-03-06T08:55:07.590Z] [info] Processed profile 44b0cd15-c901-4517-9743-31c68032259d (Packages: 1, Added: 0, Updated: 1, Errors: 0)
[2025-03-06T08:55:07.590Z] [info] Processing profile 3afaf5ea-d8c5-4745-9d7d-ba99ab162e1e
[2025-03-06T08:55:07.678Z] [info] Profile: David Geiermann
[2025-03-06T08:55:07.679Z] [info] Phone: +66842695447
[2025-03-06T08:55:07.866Z] [info] Found CRM customer: David G. (4920780)
[2025-03-06T08:55:07.931Z] [info] Updating existing mapping for profile 3afaf5ea-d8c5-4745-9d7d-ba99ab162e1e
[2025-03-06T08:55:07.932Z] [info] Mapping for profile 3afaf5ea-d8c5-4745-9d7d-ba99ab162e1e already has the correct stable_hash_id
[2025-03-06T08:55:07.932Z] [info] Fetching packages for profile 3afaf5ea-d8c5-4745-9d7d-ba99ab162e1e
[2025-03-06T08:55:07.932Z] [info] Using stable_hash_id: 519cefd56a0595cd29e6a0ec1e0a6296 with database function
[2025-03-06T08:55:07.998Z] [error] Error using database function: structure of query does not match function result type
[2025-03-06T08:55:07.998Z] [info] Falling back to direct query with stable_hash_id
[2025-03-06T08:55:08.056Z] [info] Found 1 packages using direct stable_hash_id query
[2025-03-06T08:55:08.119Z] [info] Found 11 package types in package_types table
[2025-03-06T08:55:08.119Z] [debug] Package type examples:
[
  [
    "1",
    "Early Bird (10H)"
  ],
  [
    "2",
    "Silver (15H)"
  ],
  [
    "3",
    "Bronze (5H)"
  ]
]
[2025-03-06T08:55:08.120Z] [debug] First package data (direct query):
{
  "id": "f700c08e-c985-4192-90c8-3429da4b0003",
  "created_at": "2024-12-16T14:19:08.105466+00:00",
  "customer_name": "David G. (842695447)",
  "package_type_id": 5,
  "purchase_date": "2024-12-16",
  "first_use_date": "2024-12-16",
  "employee_name": "Dolly",
  "expiration_date": "2025-06-15",
  "stable_hash_id": "519cefd56a0595cd29e6a0ec1e0a6296",
  "package_type_name": "Gold (30H)"
}
[2025-03-06T08:55:08.120Z] [info] Syncing 1 packages for customer 4920780
[2025-03-06T08:55:08.186Z] [debug] Package data for f700c08e-c985-4192-90c8-3429da4b0003:
{
  "customer_name": "David G. (842695447)",
  "package_type_name": "Gold (30H)",
  "expiration": "2025-06-15",
  "stable_hash_id": "519cefd56a0595cd29e6a0ec1e0a6296"
}
[2025-03-06T08:55:08.249Z] [info] Updated package f700c08e-c985-4192-90c8-3429da4b0003 with stable_hash_id 519cefd56a0595cd29e6a0ec1e0a6296
[2025-03-06T08:55:08.249Z] [info] Processed profile 3afaf5ea-d8c5-4745-9d7d-ba99ab162e1e (Packages: 1, Added: 0, Updated: 1, Errors: 0)
[2025-03-06T08:55:08.250Z] [info] Processing profile f7775120-f37f-45e5-92b9-0388f8670ea5
[2025-03-06T08:55:08.314Z] [info] Profile: David Geiermann
[2025-03-06T08:55:08.315Z] [info] Phone: +66842695447
[2025-03-06T08:55:08.483Z] [info] Found CRM customer: David G. (4920780)
[2025-03-06T08:55:08.545Z] [info] Updating existing mapping for profile f7775120-f37f-45e5-92b9-0388f8670ea5
[2025-03-06T08:55:08.545Z] [info] Mapping for profile f7775120-f37f-45e5-92b9-0388f8670ea5 already has the correct stable_hash_id
[2025-03-06T08:55:08.546Z] [info] Fetching packages for profile f7775120-f37f-45e5-92b9-0388f8670ea5
[2025-03-06T08:55:08.546Z] [info] Using stable_hash_id: 519cefd56a0595cd29e6a0ec1e0a6296 with database function
[2025-03-06T08:55:08.608Z] [error] Error using database function: structure of query does not match function result type
[2025-03-06T08:55:08.608Z] [info] Falling back to direct query with stable_hash_id
[2025-03-06T08:55:08.667Z] [info] Found 1 packages using direct stable_hash_id query
[2025-03-06T08:55:08.724Z] [info] Found 11 package types in package_types table
[2025-03-06T08:55:08.724Z] [debug] Package type examples:
[
  [
    "1",
    "Early Bird (10H)"
  ],
  [
    "2",
    "Silver (15H)"
  ],
  [
    "3",
    "Bronze (5H)"
  ]
]
[2025-03-06T08:55:08.724Z] [debug] First package data (direct query):
{
  "id": "f700c08e-c985-4192-90c8-3429da4b0003",
  "created_at": "2024-12-16T14:19:08.105466+00:00",
  "customer_name": "David G. (842695447)",
  "package_type_id": 5,
  "purchase_date": "2024-12-16",
  "first_use_date": "2024-12-16",
  "employee_name": "Dolly",
  "expiration_date": "2025-06-15",
  "stable_hash_id": "519cefd56a0595cd29e6a0ec1e0a6296",
  "package_type_name": "Gold (30H)"
}
[2025-03-06T08:55:08.725Z] [info] Syncing 1 packages for customer 4920780
[2025-03-06T08:55:08.785Z] [debug] Package data for f700c08e-c985-4192-90c8-3429da4b0003:
{
  "customer_name": "David G. (842695447)",
  "package_type_name": "Gold (30H)",
  "expiration": "2025-06-15",
  "stable_hash_id": "519cefd56a0595cd29e6a0ec1e0a6296"
}
[2025-03-06T08:55:08.846Z] [info] Updated package f700c08e-c985-4192-90c8-3429da4b0003 with stable_hash_id 519cefd56a0595cd29e6a0ec1e0a6296
[2025-03-06T08:55:08.846Z] [info] Processed profile f7775120-f37f-45e5-92b9-0388f8670ea5 (Packages: 1, Added: 0, Updated: 1, Errors: 0)
[2025-03-06T08:55:08.846Z] [info] ====== Sync Completed ======
[2025-03-06T08:55:08.846Z] [info] Total Profiles Processed: 3
[2025-03-06T08:55:08.847Z] [info] Successfully Processed: 3
[2025-03-06T08:55:08.847Z] [info] Failed: 0
